ARM GAS  /tmp/ccEVrnwV.s 			page 1


   1              		.cpu cortex-m7
   2              		.arch armv7e-m
   3              		.fpu fpv5-sp-d16
   4              		.eabi_attribute 27, 1
   5              		.eabi_attribute 28, 1
   6              		.eabi_attribute 20, 1
   7              		.eabi_attribute 21, 1
   8              		.eabi_attribute 23, 3
   9              		.eabi_attribute 24, 1
  10              		.eabi_attribute 25, 1
  11              		.eabi_attribute 26, 1
  12              		.eabi_attribute 30, 1
  13              		.eabi_attribute 34, 1
  14              		.eabi_attribute 18, 4
  15              		.file	"stm32f7xx_hal_crc.c"
  16              		.text
  17              	.Ltext0:
  18              		.cfi_sections	.debug_frame
  19              		.file 1 "Drivers/STM32F7xx_HAL_Driver/Src/stm32f7xx_hal_crc.c"
  20              		.section	.text.CRC_Handle_8,"ax",%progbits
  21              		.align	1
  22              		.syntax unified
  23              		.thumb
  24              		.thumb_func
  26              	CRC_Handle_8:
  27              	.LVL0:
  28              	.LFB148:
   1:Drivers/STM32F7xx_HAL_Driver/Src/stm32f7xx_hal_crc.c **** /**
   2:Drivers/STM32F7xx_HAL_Driver/Src/stm32f7xx_hal_crc.c ****   ******************************************************************************
   3:Drivers/STM32F7xx_HAL_Driver/Src/stm32f7xx_hal_crc.c ****   * @file    stm32f7xx_hal_crc.c
   4:Drivers/STM32F7xx_HAL_Driver/Src/stm32f7xx_hal_crc.c ****   * @author  MCD Application Team
   5:Drivers/STM32F7xx_HAL_Driver/Src/stm32f7xx_hal_crc.c ****   * @brief   CRC HAL module driver.
   6:Drivers/STM32F7xx_HAL_Driver/Src/stm32f7xx_hal_crc.c ****   *          This file provides firmware functions to manage the following
   7:Drivers/STM32F7xx_HAL_Driver/Src/stm32f7xx_hal_crc.c ****   *          functionalities of the Cyclic Redundancy Check (CRC) peripheral:
   8:Drivers/STM32F7xx_HAL_Driver/Src/stm32f7xx_hal_crc.c ****   *           + Initialization and de-initialization functions
   9:Drivers/STM32F7xx_HAL_Driver/Src/stm32f7xx_hal_crc.c ****   *           + Peripheral Control functions
  10:Drivers/STM32F7xx_HAL_Driver/Src/stm32f7xx_hal_crc.c ****   *           + Peripheral State functions
  11:Drivers/STM32F7xx_HAL_Driver/Src/stm32f7xx_hal_crc.c ****   *
  12:Drivers/STM32F7xx_HAL_Driver/Src/stm32f7xx_hal_crc.c ****   ******************************************************************************
  13:Drivers/STM32F7xx_HAL_Driver/Src/stm32f7xx_hal_crc.c ****   * @attention
  14:Drivers/STM32F7xx_HAL_Driver/Src/stm32f7xx_hal_crc.c ****   *
  15:Drivers/STM32F7xx_HAL_Driver/Src/stm32f7xx_hal_crc.c ****   * Copyright (c) 2017 STMicroelectronics.
  16:Drivers/STM32F7xx_HAL_Driver/Src/stm32f7xx_hal_crc.c ****   * All rights reserved.
  17:Drivers/STM32F7xx_HAL_Driver/Src/stm32f7xx_hal_crc.c ****   *
  18:Drivers/STM32F7xx_HAL_Driver/Src/stm32f7xx_hal_crc.c ****   * This software is licensed under terms that can be found in the LICENSE file
  19:Drivers/STM32F7xx_HAL_Driver/Src/stm32f7xx_hal_crc.c ****   * in the root directory of this software component.
  20:Drivers/STM32F7xx_HAL_Driver/Src/stm32f7xx_hal_crc.c ****   * If no LICENSE file comes with this software, it is provided AS-IS.
  21:Drivers/STM32F7xx_HAL_Driver/Src/stm32f7xx_hal_crc.c ****   *
  22:Drivers/STM32F7xx_HAL_Driver/Src/stm32f7xx_hal_crc.c ****   ******************************************************************************
  23:Drivers/STM32F7xx_HAL_Driver/Src/stm32f7xx_hal_crc.c ****   @verbatim
  24:Drivers/STM32F7xx_HAL_Driver/Src/stm32f7xx_hal_crc.c ****  ===============================================================================
  25:Drivers/STM32F7xx_HAL_Driver/Src/stm32f7xx_hal_crc.c ****                      ##### How to use this driver #####
  26:Drivers/STM32F7xx_HAL_Driver/Src/stm32f7xx_hal_crc.c ****  ===============================================================================
  27:Drivers/STM32F7xx_HAL_Driver/Src/stm32f7xx_hal_crc.c ****     [..]
  28:Drivers/STM32F7xx_HAL_Driver/Src/stm32f7xx_hal_crc.c ****          (+) Enable CRC AHB clock using __HAL_RCC_CRC_CLK_ENABLE();
  29:Drivers/STM32F7xx_HAL_Driver/Src/stm32f7xx_hal_crc.c ****          (+) Initialize CRC calculator
  30:Drivers/STM32F7xx_HAL_Driver/Src/stm32f7xx_hal_crc.c ****              (++) specify generating polynomial (peripheral default or non-default one)
ARM GAS  /tmp/ccEVrnwV.s 			page 2


  31:Drivers/STM32F7xx_HAL_Driver/Src/stm32f7xx_hal_crc.c ****              (++) specify initialization value (peripheral default or non-default one)
  32:Drivers/STM32F7xx_HAL_Driver/Src/stm32f7xx_hal_crc.c ****              (++) specify input data format
  33:Drivers/STM32F7xx_HAL_Driver/Src/stm32f7xx_hal_crc.c ****              (++) specify input or output data inversion mode if any
  34:Drivers/STM32F7xx_HAL_Driver/Src/stm32f7xx_hal_crc.c ****          (+) Use HAL_CRC_Accumulate() function to compute the CRC value of the
  35:Drivers/STM32F7xx_HAL_Driver/Src/stm32f7xx_hal_crc.c ****              input data buffer starting with the previously computed CRC as
  36:Drivers/STM32F7xx_HAL_Driver/Src/stm32f7xx_hal_crc.c ****              initialization value
  37:Drivers/STM32F7xx_HAL_Driver/Src/stm32f7xx_hal_crc.c ****          (+) Use HAL_CRC_Calculate() function to compute the CRC value of the
  38:Drivers/STM32F7xx_HAL_Driver/Src/stm32f7xx_hal_crc.c ****              input data buffer starting with the defined initialization value
  39:Drivers/STM32F7xx_HAL_Driver/Src/stm32f7xx_hal_crc.c ****              (default or non-default) to initiate CRC calculation
  40:Drivers/STM32F7xx_HAL_Driver/Src/stm32f7xx_hal_crc.c **** 
  41:Drivers/STM32F7xx_HAL_Driver/Src/stm32f7xx_hal_crc.c ****   @endverbatim
  42:Drivers/STM32F7xx_HAL_Driver/Src/stm32f7xx_hal_crc.c ****   ******************************************************************************
  43:Drivers/STM32F7xx_HAL_Driver/Src/stm32f7xx_hal_crc.c ****   */
  44:Drivers/STM32F7xx_HAL_Driver/Src/stm32f7xx_hal_crc.c **** 
  45:Drivers/STM32F7xx_HAL_Driver/Src/stm32f7xx_hal_crc.c **** /* Includes ------------------------------------------------------------------*/
  46:Drivers/STM32F7xx_HAL_Driver/Src/stm32f7xx_hal_crc.c **** #include "stm32f7xx_hal.h"
  47:Drivers/STM32F7xx_HAL_Driver/Src/stm32f7xx_hal_crc.c **** 
  48:Drivers/STM32F7xx_HAL_Driver/Src/stm32f7xx_hal_crc.c **** /** @addtogroup STM32F7xx_HAL_Driver
  49:Drivers/STM32F7xx_HAL_Driver/Src/stm32f7xx_hal_crc.c ****   * @{
  50:Drivers/STM32F7xx_HAL_Driver/Src/stm32f7xx_hal_crc.c ****   */
  51:Drivers/STM32F7xx_HAL_Driver/Src/stm32f7xx_hal_crc.c **** 
  52:Drivers/STM32F7xx_HAL_Driver/Src/stm32f7xx_hal_crc.c **** /** @defgroup CRC CRC
  53:Drivers/STM32F7xx_HAL_Driver/Src/stm32f7xx_hal_crc.c ****   * @brief CRC HAL module driver.
  54:Drivers/STM32F7xx_HAL_Driver/Src/stm32f7xx_hal_crc.c ****   * @{
  55:Drivers/STM32F7xx_HAL_Driver/Src/stm32f7xx_hal_crc.c ****   */
  56:Drivers/STM32F7xx_HAL_Driver/Src/stm32f7xx_hal_crc.c **** 
  57:Drivers/STM32F7xx_HAL_Driver/Src/stm32f7xx_hal_crc.c **** #ifdef HAL_CRC_MODULE_ENABLED
  58:Drivers/STM32F7xx_HAL_Driver/Src/stm32f7xx_hal_crc.c **** 
  59:Drivers/STM32F7xx_HAL_Driver/Src/stm32f7xx_hal_crc.c **** /* Private typedef -----------------------------------------------------------*/
  60:Drivers/STM32F7xx_HAL_Driver/Src/stm32f7xx_hal_crc.c **** /* Private define ------------------------------------------------------------*/
  61:Drivers/STM32F7xx_HAL_Driver/Src/stm32f7xx_hal_crc.c **** /* Private macro -------------------------------------------------------------*/
  62:Drivers/STM32F7xx_HAL_Driver/Src/stm32f7xx_hal_crc.c **** /* Private variables ---------------------------------------------------------*/
  63:Drivers/STM32F7xx_HAL_Driver/Src/stm32f7xx_hal_crc.c **** /* Private function prototypes -----------------------------------------------*/
  64:Drivers/STM32F7xx_HAL_Driver/Src/stm32f7xx_hal_crc.c **** /** @defgroup CRC_Private_Functions CRC Private Functions
  65:Drivers/STM32F7xx_HAL_Driver/Src/stm32f7xx_hal_crc.c ****   * @{
  66:Drivers/STM32F7xx_HAL_Driver/Src/stm32f7xx_hal_crc.c ****   */
  67:Drivers/STM32F7xx_HAL_Driver/Src/stm32f7xx_hal_crc.c **** static uint32_t CRC_Handle_8(CRC_HandleTypeDef *hcrc, uint8_t pBuffer[], uint32_t BufferLength);
  68:Drivers/STM32F7xx_HAL_Driver/Src/stm32f7xx_hal_crc.c **** static uint32_t CRC_Handle_16(CRC_HandleTypeDef *hcrc, uint16_t pBuffer[], uint32_t BufferLength);
  69:Drivers/STM32F7xx_HAL_Driver/Src/stm32f7xx_hal_crc.c **** /**
  70:Drivers/STM32F7xx_HAL_Driver/Src/stm32f7xx_hal_crc.c ****   * @}
  71:Drivers/STM32F7xx_HAL_Driver/Src/stm32f7xx_hal_crc.c ****   */
  72:Drivers/STM32F7xx_HAL_Driver/Src/stm32f7xx_hal_crc.c **** 
  73:Drivers/STM32F7xx_HAL_Driver/Src/stm32f7xx_hal_crc.c **** /* Exported functions --------------------------------------------------------*/
  74:Drivers/STM32F7xx_HAL_Driver/Src/stm32f7xx_hal_crc.c **** 
  75:Drivers/STM32F7xx_HAL_Driver/Src/stm32f7xx_hal_crc.c **** /** @defgroup CRC_Exported_Functions CRC Exported Functions
  76:Drivers/STM32F7xx_HAL_Driver/Src/stm32f7xx_hal_crc.c ****   * @{
  77:Drivers/STM32F7xx_HAL_Driver/Src/stm32f7xx_hal_crc.c ****   */
  78:Drivers/STM32F7xx_HAL_Driver/Src/stm32f7xx_hal_crc.c **** 
  79:Drivers/STM32F7xx_HAL_Driver/Src/stm32f7xx_hal_crc.c **** /** @defgroup CRC_Exported_Functions_Group1 Initialization and de-initialization functions
  80:Drivers/STM32F7xx_HAL_Driver/Src/stm32f7xx_hal_crc.c ****   *  @brief    Initialization and Configuration functions.
  81:Drivers/STM32F7xx_HAL_Driver/Src/stm32f7xx_hal_crc.c ****   *
  82:Drivers/STM32F7xx_HAL_Driver/Src/stm32f7xx_hal_crc.c **** @verbatim
  83:Drivers/STM32F7xx_HAL_Driver/Src/stm32f7xx_hal_crc.c ****  ===============================================================================
  84:Drivers/STM32F7xx_HAL_Driver/Src/stm32f7xx_hal_crc.c ****             ##### Initialization and de-initialization functions #####
  85:Drivers/STM32F7xx_HAL_Driver/Src/stm32f7xx_hal_crc.c ****  ===============================================================================
  86:Drivers/STM32F7xx_HAL_Driver/Src/stm32f7xx_hal_crc.c ****     [..]  This section provides functions allowing to:
  87:Drivers/STM32F7xx_HAL_Driver/Src/stm32f7xx_hal_crc.c ****       (+) Initialize the CRC according to the specified parameters
ARM GAS  /tmp/ccEVrnwV.s 			page 3


  88:Drivers/STM32F7xx_HAL_Driver/Src/stm32f7xx_hal_crc.c ****           in the CRC_InitTypeDef and create the associated handle
  89:Drivers/STM32F7xx_HAL_Driver/Src/stm32f7xx_hal_crc.c ****       (+) DeInitialize the CRC peripheral
  90:Drivers/STM32F7xx_HAL_Driver/Src/stm32f7xx_hal_crc.c ****       (+) Initialize the CRC MSP (MCU Specific Package)
  91:Drivers/STM32F7xx_HAL_Driver/Src/stm32f7xx_hal_crc.c ****       (+) DeInitialize the CRC MSP
  92:Drivers/STM32F7xx_HAL_Driver/Src/stm32f7xx_hal_crc.c **** 
  93:Drivers/STM32F7xx_HAL_Driver/Src/stm32f7xx_hal_crc.c **** @endverbatim
  94:Drivers/STM32F7xx_HAL_Driver/Src/stm32f7xx_hal_crc.c ****   * @{
  95:Drivers/STM32F7xx_HAL_Driver/Src/stm32f7xx_hal_crc.c ****   */
  96:Drivers/STM32F7xx_HAL_Driver/Src/stm32f7xx_hal_crc.c **** 
  97:Drivers/STM32F7xx_HAL_Driver/Src/stm32f7xx_hal_crc.c **** /**
  98:Drivers/STM32F7xx_HAL_Driver/Src/stm32f7xx_hal_crc.c ****   * @brief  Initialize the CRC according to the specified
  99:Drivers/STM32F7xx_HAL_Driver/Src/stm32f7xx_hal_crc.c ****   *         parameters in the CRC_InitTypeDef and create the associated handle.
 100:Drivers/STM32F7xx_HAL_Driver/Src/stm32f7xx_hal_crc.c ****   * @param  hcrc CRC handle
 101:Drivers/STM32F7xx_HAL_Driver/Src/stm32f7xx_hal_crc.c ****   * @retval HAL status
 102:Drivers/STM32F7xx_HAL_Driver/Src/stm32f7xx_hal_crc.c ****   */
 103:Drivers/STM32F7xx_HAL_Driver/Src/stm32f7xx_hal_crc.c **** HAL_StatusTypeDef HAL_CRC_Init(CRC_HandleTypeDef *hcrc)
 104:Drivers/STM32F7xx_HAL_Driver/Src/stm32f7xx_hal_crc.c **** {
 105:Drivers/STM32F7xx_HAL_Driver/Src/stm32f7xx_hal_crc.c ****   /* Check the CRC handle allocation */
 106:Drivers/STM32F7xx_HAL_Driver/Src/stm32f7xx_hal_crc.c ****   if (hcrc == NULL)
 107:Drivers/STM32F7xx_HAL_Driver/Src/stm32f7xx_hal_crc.c ****   {
 108:Drivers/STM32F7xx_HAL_Driver/Src/stm32f7xx_hal_crc.c ****     return HAL_ERROR;
 109:Drivers/STM32F7xx_HAL_Driver/Src/stm32f7xx_hal_crc.c ****   }
 110:Drivers/STM32F7xx_HAL_Driver/Src/stm32f7xx_hal_crc.c **** 
 111:Drivers/STM32F7xx_HAL_Driver/Src/stm32f7xx_hal_crc.c ****   /* Check the parameters */
 112:Drivers/STM32F7xx_HAL_Driver/Src/stm32f7xx_hal_crc.c ****   assert_param(IS_CRC_ALL_INSTANCE(hcrc->Instance));
 113:Drivers/STM32F7xx_HAL_Driver/Src/stm32f7xx_hal_crc.c **** 
 114:Drivers/STM32F7xx_HAL_Driver/Src/stm32f7xx_hal_crc.c ****   if (hcrc->State == HAL_CRC_STATE_RESET)
 115:Drivers/STM32F7xx_HAL_Driver/Src/stm32f7xx_hal_crc.c ****   {
 116:Drivers/STM32F7xx_HAL_Driver/Src/stm32f7xx_hal_crc.c ****     /* Allocate lock resource and initialize it */
 117:Drivers/STM32F7xx_HAL_Driver/Src/stm32f7xx_hal_crc.c ****     hcrc->Lock = HAL_UNLOCKED;
 118:Drivers/STM32F7xx_HAL_Driver/Src/stm32f7xx_hal_crc.c ****     /* Init the low level hardware */
 119:Drivers/STM32F7xx_HAL_Driver/Src/stm32f7xx_hal_crc.c ****     HAL_CRC_MspInit(hcrc);
 120:Drivers/STM32F7xx_HAL_Driver/Src/stm32f7xx_hal_crc.c ****   }
 121:Drivers/STM32F7xx_HAL_Driver/Src/stm32f7xx_hal_crc.c **** 
 122:Drivers/STM32F7xx_HAL_Driver/Src/stm32f7xx_hal_crc.c ****   hcrc->State = HAL_CRC_STATE_BUSY;
 123:Drivers/STM32F7xx_HAL_Driver/Src/stm32f7xx_hal_crc.c **** 
 124:Drivers/STM32F7xx_HAL_Driver/Src/stm32f7xx_hal_crc.c ****   /* check whether or not non-default generating polynomial has been
 125:Drivers/STM32F7xx_HAL_Driver/Src/stm32f7xx_hal_crc.c ****    * picked up by user */
 126:Drivers/STM32F7xx_HAL_Driver/Src/stm32f7xx_hal_crc.c ****   assert_param(IS_DEFAULT_POLYNOMIAL(hcrc->Init.DefaultPolynomialUse));
 127:Drivers/STM32F7xx_HAL_Driver/Src/stm32f7xx_hal_crc.c ****   if (hcrc->Init.DefaultPolynomialUse == DEFAULT_POLYNOMIAL_ENABLE)
 128:Drivers/STM32F7xx_HAL_Driver/Src/stm32f7xx_hal_crc.c ****   {
 129:Drivers/STM32F7xx_HAL_Driver/Src/stm32f7xx_hal_crc.c ****     /* initialize peripheral with default generating polynomial */
 130:Drivers/STM32F7xx_HAL_Driver/Src/stm32f7xx_hal_crc.c ****     WRITE_REG(hcrc->Instance->POL, DEFAULT_CRC32_POLY);
 131:Drivers/STM32F7xx_HAL_Driver/Src/stm32f7xx_hal_crc.c ****     MODIFY_REG(hcrc->Instance->CR, CRC_CR_POLYSIZE, CRC_POLYLENGTH_32B);
 132:Drivers/STM32F7xx_HAL_Driver/Src/stm32f7xx_hal_crc.c ****   }
 133:Drivers/STM32F7xx_HAL_Driver/Src/stm32f7xx_hal_crc.c ****   else
 134:Drivers/STM32F7xx_HAL_Driver/Src/stm32f7xx_hal_crc.c ****   {
 135:Drivers/STM32F7xx_HAL_Driver/Src/stm32f7xx_hal_crc.c ****     /* initialize CRC peripheral with generating polynomial defined by user */
 136:Drivers/STM32F7xx_HAL_Driver/Src/stm32f7xx_hal_crc.c ****     if (HAL_CRCEx_Polynomial_Set(hcrc, hcrc->Init.GeneratingPolynomial, hcrc->Init.CRCLength) != HA
 137:Drivers/STM32F7xx_HAL_Driver/Src/stm32f7xx_hal_crc.c ****     {
 138:Drivers/STM32F7xx_HAL_Driver/Src/stm32f7xx_hal_crc.c ****       return HAL_ERROR;
 139:Drivers/STM32F7xx_HAL_Driver/Src/stm32f7xx_hal_crc.c ****     }
 140:Drivers/STM32F7xx_HAL_Driver/Src/stm32f7xx_hal_crc.c ****   }
 141:Drivers/STM32F7xx_HAL_Driver/Src/stm32f7xx_hal_crc.c **** 
 142:Drivers/STM32F7xx_HAL_Driver/Src/stm32f7xx_hal_crc.c ****   /* check whether or not non-default CRC initial value has been
 143:Drivers/STM32F7xx_HAL_Driver/Src/stm32f7xx_hal_crc.c ****    * picked up by user */
 144:Drivers/STM32F7xx_HAL_Driver/Src/stm32f7xx_hal_crc.c ****   assert_param(IS_DEFAULT_INIT_VALUE(hcrc->Init.DefaultInitValueUse));
ARM GAS  /tmp/ccEVrnwV.s 			page 4


 145:Drivers/STM32F7xx_HAL_Driver/Src/stm32f7xx_hal_crc.c ****   if (hcrc->Init.DefaultInitValueUse == DEFAULT_INIT_VALUE_ENABLE)
 146:Drivers/STM32F7xx_HAL_Driver/Src/stm32f7xx_hal_crc.c ****   {
 147:Drivers/STM32F7xx_HAL_Driver/Src/stm32f7xx_hal_crc.c ****     WRITE_REG(hcrc->Instance->INIT, DEFAULT_CRC_INITVALUE);
 148:Drivers/STM32F7xx_HAL_Driver/Src/stm32f7xx_hal_crc.c ****   }
 149:Drivers/STM32F7xx_HAL_Driver/Src/stm32f7xx_hal_crc.c ****   else
 150:Drivers/STM32F7xx_HAL_Driver/Src/stm32f7xx_hal_crc.c ****   {
 151:Drivers/STM32F7xx_HAL_Driver/Src/stm32f7xx_hal_crc.c ****     WRITE_REG(hcrc->Instance->INIT, hcrc->Init.InitValue);
 152:Drivers/STM32F7xx_HAL_Driver/Src/stm32f7xx_hal_crc.c ****   }
 153:Drivers/STM32F7xx_HAL_Driver/Src/stm32f7xx_hal_crc.c **** 
 154:Drivers/STM32F7xx_HAL_Driver/Src/stm32f7xx_hal_crc.c **** 
 155:Drivers/STM32F7xx_HAL_Driver/Src/stm32f7xx_hal_crc.c ****   /* set input data inversion mode */
 156:Drivers/STM32F7xx_HAL_Driver/Src/stm32f7xx_hal_crc.c ****   assert_param(IS_CRC_INPUTDATA_INVERSION_MODE(hcrc->Init.InputDataInversionMode));
 157:Drivers/STM32F7xx_HAL_Driver/Src/stm32f7xx_hal_crc.c ****   MODIFY_REG(hcrc->Instance->CR, CRC_CR_REV_IN, hcrc->Init.InputDataInversionMode);
 158:Drivers/STM32F7xx_HAL_Driver/Src/stm32f7xx_hal_crc.c **** 
 159:Drivers/STM32F7xx_HAL_Driver/Src/stm32f7xx_hal_crc.c ****   /* set output data inversion mode */
 160:Drivers/STM32F7xx_HAL_Driver/Src/stm32f7xx_hal_crc.c ****   assert_param(IS_CRC_OUTPUTDATA_INVERSION_MODE(hcrc->Init.OutputDataInversionMode));
 161:Drivers/STM32F7xx_HAL_Driver/Src/stm32f7xx_hal_crc.c ****   MODIFY_REG(hcrc->Instance->CR, CRC_CR_REV_OUT, hcrc->Init.OutputDataInversionMode);
 162:Drivers/STM32F7xx_HAL_Driver/Src/stm32f7xx_hal_crc.c **** 
 163:Drivers/STM32F7xx_HAL_Driver/Src/stm32f7xx_hal_crc.c ****   /* makes sure the input data format (bytes, halfwords or words stream)
 164:Drivers/STM32F7xx_HAL_Driver/Src/stm32f7xx_hal_crc.c ****    * is properly specified by user */
 165:Drivers/STM32F7xx_HAL_Driver/Src/stm32f7xx_hal_crc.c ****   assert_param(IS_CRC_INPUTDATA_FORMAT(hcrc->InputDataFormat));
 166:Drivers/STM32F7xx_HAL_Driver/Src/stm32f7xx_hal_crc.c **** 
 167:Drivers/STM32F7xx_HAL_Driver/Src/stm32f7xx_hal_crc.c ****   /* Change CRC peripheral state */
 168:Drivers/STM32F7xx_HAL_Driver/Src/stm32f7xx_hal_crc.c ****   hcrc->State = HAL_CRC_STATE_READY;
 169:Drivers/STM32F7xx_HAL_Driver/Src/stm32f7xx_hal_crc.c **** 
 170:Drivers/STM32F7xx_HAL_Driver/Src/stm32f7xx_hal_crc.c ****   /* Return function status */
 171:Drivers/STM32F7xx_HAL_Driver/Src/stm32f7xx_hal_crc.c ****   return HAL_OK;
 172:Drivers/STM32F7xx_HAL_Driver/Src/stm32f7xx_hal_crc.c **** }
 173:Drivers/STM32F7xx_HAL_Driver/Src/stm32f7xx_hal_crc.c **** 
 174:Drivers/STM32F7xx_HAL_Driver/Src/stm32f7xx_hal_crc.c **** /**
 175:Drivers/STM32F7xx_HAL_Driver/Src/stm32f7xx_hal_crc.c ****   * @brief  DeInitialize the CRC peripheral.
 176:Drivers/STM32F7xx_HAL_Driver/Src/stm32f7xx_hal_crc.c ****   * @param  hcrc CRC handle
 177:Drivers/STM32F7xx_HAL_Driver/Src/stm32f7xx_hal_crc.c ****   * @retval HAL status
 178:Drivers/STM32F7xx_HAL_Driver/Src/stm32f7xx_hal_crc.c ****   */
 179:Drivers/STM32F7xx_HAL_Driver/Src/stm32f7xx_hal_crc.c **** HAL_StatusTypeDef HAL_CRC_DeInit(CRC_HandleTypeDef *hcrc)
 180:Drivers/STM32F7xx_HAL_Driver/Src/stm32f7xx_hal_crc.c **** {
 181:Drivers/STM32F7xx_HAL_Driver/Src/stm32f7xx_hal_crc.c ****   /* Check the CRC handle allocation */
 182:Drivers/STM32F7xx_HAL_Driver/Src/stm32f7xx_hal_crc.c ****   if (hcrc == NULL)
 183:Drivers/STM32F7xx_HAL_Driver/Src/stm32f7xx_hal_crc.c ****   {
 184:Drivers/STM32F7xx_HAL_Driver/Src/stm32f7xx_hal_crc.c ****     return HAL_ERROR;
 185:Drivers/STM32F7xx_HAL_Driver/Src/stm32f7xx_hal_crc.c ****   }
 186:Drivers/STM32F7xx_HAL_Driver/Src/stm32f7xx_hal_crc.c **** 
 187:Drivers/STM32F7xx_HAL_Driver/Src/stm32f7xx_hal_crc.c ****   /* Check the parameters */
 188:Drivers/STM32F7xx_HAL_Driver/Src/stm32f7xx_hal_crc.c ****   assert_param(IS_CRC_ALL_INSTANCE(hcrc->Instance));
 189:Drivers/STM32F7xx_HAL_Driver/Src/stm32f7xx_hal_crc.c **** 
 190:Drivers/STM32F7xx_HAL_Driver/Src/stm32f7xx_hal_crc.c ****   /* Check the CRC peripheral state */
 191:Drivers/STM32F7xx_HAL_Driver/Src/stm32f7xx_hal_crc.c ****   if (hcrc->State == HAL_CRC_STATE_BUSY)
 192:Drivers/STM32F7xx_HAL_Driver/Src/stm32f7xx_hal_crc.c ****   {
 193:Drivers/STM32F7xx_HAL_Driver/Src/stm32f7xx_hal_crc.c ****     return HAL_BUSY;
 194:Drivers/STM32F7xx_HAL_Driver/Src/stm32f7xx_hal_crc.c ****   }
 195:Drivers/STM32F7xx_HAL_Driver/Src/stm32f7xx_hal_crc.c **** 
 196:Drivers/STM32F7xx_HAL_Driver/Src/stm32f7xx_hal_crc.c ****   /* Change CRC peripheral state */
 197:Drivers/STM32F7xx_HAL_Driver/Src/stm32f7xx_hal_crc.c ****   hcrc->State = HAL_CRC_STATE_BUSY;
 198:Drivers/STM32F7xx_HAL_Driver/Src/stm32f7xx_hal_crc.c **** 
 199:Drivers/STM32F7xx_HAL_Driver/Src/stm32f7xx_hal_crc.c ****   /* Reset CRC calculation unit */
 200:Drivers/STM32F7xx_HAL_Driver/Src/stm32f7xx_hal_crc.c ****   __HAL_CRC_DR_RESET(hcrc);
 201:Drivers/STM32F7xx_HAL_Driver/Src/stm32f7xx_hal_crc.c **** 
ARM GAS  /tmp/ccEVrnwV.s 			page 5


 202:Drivers/STM32F7xx_HAL_Driver/Src/stm32f7xx_hal_crc.c ****   /* Reset IDR register content */
 203:Drivers/STM32F7xx_HAL_Driver/Src/stm32f7xx_hal_crc.c ****   CLEAR_BIT(hcrc->Instance->IDR, CRC_IDR_IDR);
 204:Drivers/STM32F7xx_HAL_Driver/Src/stm32f7xx_hal_crc.c **** 
 205:Drivers/STM32F7xx_HAL_Driver/Src/stm32f7xx_hal_crc.c ****   /* DeInit the low level hardware */
 206:Drivers/STM32F7xx_HAL_Driver/Src/stm32f7xx_hal_crc.c ****   HAL_CRC_MspDeInit(hcrc);
 207:Drivers/STM32F7xx_HAL_Driver/Src/stm32f7xx_hal_crc.c **** 
 208:Drivers/STM32F7xx_HAL_Driver/Src/stm32f7xx_hal_crc.c ****   /* Change CRC peripheral state */
 209:Drivers/STM32F7xx_HAL_Driver/Src/stm32f7xx_hal_crc.c ****   hcrc->State = HAL_CRC_STATE_RESET;
 210:Drivers/STM32F7xx_HAL_Driver/Src/stm32f7xx_hal_crc.c **** 
 211:Drivers/STM32F7xx_HAL_Driver/Src/stm32f7xx_hal_crc.c ****   /* Process unlocked */
 212:Drivers/STM32F7xx_HAL_Driver/Src/stm32f7xx_hal_crc.c ****   __HAL_UNLOCK(hcrc);
 213:Drivers/STM32F7xx_HAL_Driver/Src/stm32f7xx_hal_crc.c **** 
 214:Drivers/STM32F7xx_HAL_Driver/Src/stm32f7xx_hal_crc.c ****   /* Return function status */
 215:Drivers/STM32F7xx_HAL_Driver/Src/stm32f7xx_hal_crc.c ****   return HAL_OK;
 216:Drivers/STM32F7xx_HAL_Driver/Src/stm32f7xx_hal_crc.c **** }
 217:Drivers/STM32F7xx_HAL_Driver/Src/stm32f7xx_hal_crc.c **** 
 218:Drivers/STM32F7xx_HAL_Driver/Src/stm32f7xx_hal_crc.c **** /**
 219:Drivers/STM32F7xx_HAL_Driver/Src/stm32f7xx_hal_crc.c ****   * @brief  Initializes the CRC MSP.
 220:Drivers/STM32F7xx_HAL_Driver/Src/stm32f7xx_hal_crc.c ****   * @param  hcrc CRC handle
 221:Drivers/STM32F7xx_HAL_Driver/Src/stm32f7xx_hal_crc.c ****   * @retval None
 222:Drivers/STM32F7xx_HAL_Driver/Src/stm32f7xx_hal_crc.c ****   */
 223:Drivers/STM32F7xx_HAL_Driver/Src/stm32f7xx_hal_crc.c **** __weak void HAL_CRC_MspInit(CRC_HandleTypeDef *hcrc)
 224:Drivers/STM32F7xx_HAL_Driver/Src/stm32f7xx_hal_crc.c **** {
 225:Drivers/STM32F7xx_HAL_Driver/Src/stm32f7xx_hal_crc.c ****   /* Prevent unused argument(s) compilation warning */
 226:Drivers/STM32F7xx_HAL_Driver/Src/stm32f7xx_hal_crc.c ****   UNUSED(hcrc);
 227:Drivers/STM32F7xx_HAL_Driver/Src/stm32f7xx_hal_crc.c **** 
 228:Drivers/STM32F7xx_HAL_Driver/Src/stm32f7xx_hal_crc.c ****   /* NOTE : This function should not be modified, when the callback is needed,
 229:Drivers/STM32F7xx_HAL_Driver/Src/stm32f7xx_hal_crc.c ****             the HAL_CRC_MspInit can be implemented in the user file
 230:Drivers/STM32F7xx_HAL_Driver/Src/stm32f7xx_hal_crc.c ****    */
 231:Drivers/STM32F7xx_HAL_Driver/Src/stm32f7xx_hal_crc.c **** }
 232:Drivers/STM32F7xx_HAL_Driver/Src/stm32f7xx_hal_crc.c **** 
 233:Drivers/STM32F7xx_HAL_Driver/Src/stm32f7xx_hal_crc.c **** /**
 234:Drivers/STM32F7xx_HAL_Driver/Src/stm32f7xx_hal_crc.c ****   * @brief  DeInitialize the CRC MSP.
 235:Drivers/STM32F7xx_HAL_Driver/Src/stm32f7xx_hal_crc.c ****   * @param  hcrc CRC handle
 236:Drivers/STM32F7xx_HAL_Driver/Src/stm32f7xx_hal_crc.c ****   * @retval None
 237:Drivers/STM32F7xx_HAL_Driver/Src/stm32f7xx_hal_crc.c ****   */
 238:Drivers/STM32F7xx_HAL_Driver/Src/stm32f7xx_hal_crc.c **** __weak void HAL_CRC_MspDeInit(CRC_HandleTypeDef *hcrc)
 239:Drivers/STM32F7xx_HAL_Driver/Src/stm32f7xx_hal_crc.c **** {
 240:Drivers/STM32F7xx_HAL_Driver/Src/stm32f7xx_hal_crc.c ****   /* Prevent unused argument(s) compilation warning */
 241:Drivers/STM32F7xx_HAL_Driver/Src/stm32f7xx_hal_crc.c ****   UNUSED(hcrc);
 242:Drivers/STM32F7xx_HAL_Driver/Src/stm32f7xx_hal_crc.c **** 
 243:Drivers/STM32F7xx_HAL_Driver/Src/stm32f7xx_hal_crc.c ****   /* NOTE : This function should not be modified, when the callback is needed,
 244:Drivers/STM32F7xx_HAL_Driver/Src/stm32f7xx_hal_crc.c ****             the HAL_CRC_MspDeInit can be implemented in the user file
 245:Drivers/STM32F7xx_HAL_Driver/Src/stm32f7xx_hal_crc.c ****    */
 246:Drivers/STM32F7xx_HAL_Driver/Src/stm32f7xx_hal_crc.c **** }
 247:Drivers/STM32F7xx_HAL_Driver/Src/stm32f7xx_hal_crc.c **** 
 248:Drivers/STM32F7xx_HAL_Driver/Src/stm32f7xx_hal_crc.c **** /**
 249:Drivers/STM32F7xx_HAL_Driver/Src/stm32f7xx_hal_crc.c ****   * @}
 250:Drivers/STM32F7xx_HAL_Driver/Src/stm32f7xx_hal_crc.c ****   */
 251:Drivers/STM32F7xx_HAL_Driver/Src/stm32f7xx_hal_crc.c **** 
 252:Drivers/STM32F7xx_HAL_Driver/Src/stm32f7xx_hal_crc.c **** /** @defgroup CRC_Exported_Functions_Group2 Peripheral Control functions
 253:Drivers/STM32F7xx_HAL_Driver/Src/stm32f7xx_hal_crc.c ****   *  @brief    management functions.
 254:Drivers/STM32F7xx_HAL_Driver/Src/stm32f7xx_hal_crc.c ****   *
 255:Drivers/STM32F7xx_HAL_Driver/Src/stm32f7xx_hal_crc.c **** @verbatim
 256:Drivers/STM32F7xx_HAL_Driver/Src/stm32f7xx_hal_crc.c ****  ===============================================================================
 257:Drivers/STM32F7xx_HAL_Driver/Src/stm32f7xx_hal_crc.c ****                       ##### Peripheral Control functions #####
 258:Drivers/STM32F7xx_HAL_Driver/Src/stm32f7xx_hal_crc.c ****  ===============================================================================
ARM GAS  /tmp/ccEVrnwV.s 			page 6


 259:Drivers/STM32F7xx_HAL_Driver/Src/stm32f7xx_hal_crc.c ****     [..]  This section provides functions allowing to:
 260:Drivers/STM32F7xx_HAL_Driver/Src/stm32f7xx_hal_crc.c ****       (+) compute the 7, 8, 16 or 32-bit CRC value of an 8, 16 or 32-bit data buffer
 261:Drivers/STM32F7xx_HAL_Driver/Src/stm32f7xx_hal_crc.c ****           using combination of the previous CRC value and the new one.
 262:Drivers/STM32F7xx_HAL_Driver/Src/stm32f7xx_hal_crc.c **** 
 263:Drivers/STM32F7xx_HAL_Driver/Src/stm32f7xx_hal_crc.c ****        [..]  or
 264:Drivers/STM32F7xx_HAL_Driver/Src/stm32f7xx_hal_crc.c **** 
 265:Drivers/STM32F7xx_HAL_Driver/Src/stm32f7xx_hal_crc.c ****       (+) compute the 7, 8, 16 or 32-bit CRC value of an 8, 16 or 32-bit data buffer
 266:Drivers/STM32F7xx_HAL_Driver/Src/stm32f7xx_hal_crc.c ****           independently of the previous CRC value.
 267:Drivers/STM32F7xx_HAL_Driver/Src/stm32f7xx_hal_crc.c **** 
 268:Drivers/STM32F7xx_HAL_Driver/Src/stm32f7xx_hal_crc.c **** @endverbatim
 269:Drivers/STM32F7xx_HAL_Driver/Src/stm32f7xx_hal_crc.c ****   * @{
 270:Drivers/STM32F7xx_HAL_Driver/Src/stm32f7xx_hal_crc.c ****   */
 271:Drivers/STM32F7xx_HAL_Driver/Src/stm32f7xx_hal_crc.c **** 
 272:Drivers/STM32F7xx_HAL_Driver/Src/stm32f7xx_hal_crc.c **** /**
 273:Drivers/STM32F7xx_HAL_Driver/Src/stm32f7xx_hal_crc.c ****   * @brief  Compute the 7, 8, 16 or 32-bit CRC value of an 8, 16 or 32-bit data buffer
 274:Drivers/STM32F7xx_HAL_Driver/Src/stm32f7xx_hal_crc.c ****   *         starting with the previously computed CRC as initialization value.
 275:Drivers/STM32F7xx_HAL_Driver/Src/stm32f7xx_hal_crc.c ****   * @param  hcrc CRC handle
 276:Drivers/STM32F7xx_HAL_Driver/Src/stm32f7xx_hal_crc.c ****   * @param  pBuffer pointer to the input data buffer, exact input data format is
 277:Drivers/STM32F7xx_HAL_Driver/Src/stm32f7xx_hal_crc.c ****   *         provided by hcrc->InputDataFormat.
 278:Drivers/STM32F7xx_HAL_Driver/Src/stm32f7xx_hal_crc.c ****   * @param  BufferLength input data buffer length (number of bytes if pBuffer
 279:Drivers/STM32F7xx_HAL_Driver/Src/stm32f7xx_hal_crc.c ****   *         type is * uint8_t, number of half-words if pBuffer type is * uint16_t,
 280:Drivers/STM32F7xx_HAL_Driver/Src/stm32f7xx_hal_crc.c ****   *         number of words if pBuffer type is * uint32_t).
 281:Drivers/STM32F7xx_HAL_Driver/Src/stm32f7xx_hal_crc.c ****   * @note  By default, the API expects a uint32_t pointer as input buffer parameter.
 282:Drivers/STM32F7xx_HAL_Driver/Src/stm32f7xx_hal_crc.c ****   *        Input buffer pointers with other types simply need to be cast in uint32_t
 283:Drivers/STM32F7xx_HAL_Driver/Src/stm32f7xx_hal_crc.c ****   *        and the API will internally adjust its input data processing based on the
 284:Drivers/STM32F7xx_HAL_Driver/Src/stm32f7xx_hal_crc.c ****   *        handle field hcrc->InputDataFormat.
 285:Drivers/STM32F7xx_HAL_Driver/Src/stm32f7xx_hal_crc.c ****   * @retval uint32_t CRC (returned value LSBs for CRC shorter than 32 bits)
 286:Drivers/STM32F7xx_HAL_Driver/Src/stm32f7xx_hal_crc.c ****   */
 287:Drivers/STM32F7xx_HAL_Driver/Src/stm32f7xx_hal_crc.c **** uint32_t HAL_CRC_Accumulate(CRC_HandleTypeDef *hcrc, uint32_t pBuffer[], uint32_t BufferLength)
 288:Drivers/STM32F7xx_HAL_Driver/Src/stm32f7xx_hal_crc.c **** {
 289:Drivers/STM32F7xx_HAL_Driver/Src/stm32f7xx_hal_crc.c ****   uint32_t index;      /* CRC input data buffer index */
 290:Drivers/STM32F7xx_HAL_Driver/Src/stm32f7xx_hal_crc.c ****   uint32_t temp = 0U;  /* CRC output (read from hcrc->Instance->DR register) */
 291:Drivers/STM32F7xx_HAL_Driver/Src/stm32f7xx_hal_crc.c **** 
 292:Drivers/STM32F7xx_HAL_Driver/Src/stm32f7xx_hal_crc.c ****   /* Change CRC peripheral state */
 293:Drivers/STM32F7xx_HAL_Driver/Src/stm32f7xx_hal_crc.c ****   hcrc->State = HAL_CRC_STATE_BUSY;
 294:Drivers/STM32F7xx_HAL_Driver/Src/stm32f7xx_hal_crc.c **** 
 295:Drivers/STM32F7xx_HAL_Driver/Src/stm32f7xx_hal_crc.c ****   switch (hcrc->InputDataFormat)
 296:Drivers/STM32F7xx_HAL_Driver/Src/stm32f7xx_hal_crc.c ****   {
 297:Drivers/STM32F7xx_HAL_Driver/Src/stm32f7xx_hal_crc.c ****     case CRC_INPUTDATA_FORMAT_WORDS:
 298:Drivers/STM32F7xx_HAL_Driver/Src/stm32f7xx_hal_crc.c ****       /* Enter Data to the CRC calculator */
 299:Drivers/STM32F7xx_HAL_Driver/Src/stm32f7xx_hal_crc.c ****       for (index = 0U; index < BufferLength; index++)
 300:Drivers/STM32F7xx_HAL_Driver/Src/stm32f7xx_hal_crc.c ****       {
 301:Drivers/STM32F7xx_HAL_Driver/Src/stm32f7xx_hal_crc.c ****         hcrc->Instance->DR = pBuffer[index];
 302:Drivers/STM32F7xx_HAL_Driver/Src/stm32f7xx_hal_crc.c ****       }
 303:Drivers/STM32F7xx_HAL_Driver/Src/stm32f7xx_hal_crc.c ****       temp = hcrc->Instance->DR;
 304:Drivers/STM32F7xx_HAL_Driver/Src/stm32f7xx_hal_crc.c ****       break;
 305:Drivers/STM32F7xx_HAL_Driver/Src/stm32f7xx_hal_crc.c **** 
 306:Drivers/STM32F7xx_HAL_Driver/Src/stm32f7xx_hal_crc.c ****     case CRC_INPUTDATA_FORMAT_BYTES:
 307:Drivers/STM32F7xx_HAL_Driver/Src/stm32f7xx_hal_crc.c ****       temp = CRC_Handle_8(hcrc, (uint8_t *)pBuffer, BufferLength);
 308:Drivers/STM32F7xx_HAL_Driver/Src/stm32f7xx_hal_crc.c ****       break;
 309:Drivers/STM32F7xx_HAL_Driver/Src/stm32f7xx_hal_crc.c **** 
 310:Drivers/STM32F7xx_HAL_Driver/Src/stm32f7xx_hal_crc.c ****     case CRC_INPUTDATA_FORMAT_HALFWORDS:
 311:Drivers/STM32F7xx_HAL_Driver/Src/stm32f7xx_hal_crc.c ****       temp = CRC_Handle_16(hcrc, (uint16_t *)(void *)pBuffer, BufferLength);    /* Derogation Misra
 312:Drivers/STM32F7xx_HAL_Driver/Src/stm32f7xx_hal_crc.c ****       break;
 313:Drivers/STM32F7xx_HAL_Driver/Src/stm32f7xx_hal_crc.c ****     default:
 314:Drivers/STM32F7xx_HAL_Driver/Src/stm32f7xx_hal_crc.c ****       break;
 315:Drivers/STM32F7xx_HAL_Driver/Src/stm32f7xx_hal_crc.c ****   }
ARM GAS  /tmp/ccEVrnwV.s 			page 7


 316:Drivers/STM32F7xx_HAL_Driver/Src/stm32f7xx_hal_crc.c **** 
 317:Drivers/STM32F7xx_HAL_Driver/Src/stm32f7xx_hal_crc.c ****   /* Change CRC peripheral state */
 318:Drivers/STM32F7xx_HAL_Driver/Src/stm32f7xx_hal_crc.c ****   hcrc->State = HAL_CRC_STATE_READY;
 319:Drivers/STM32F7xx_HAL_Driver/Src/stm32f7xx_hal_crc.c **** 
 320:Drivers/STM32F7xx_HAL_Driver/Src/stm32f7xx_hal_crc.c ****   /* Return the CRC computed value */
 321:Drivers/STM32F7xx_HAL_Driver/Src/stm32f7xx_hal_crc.c ****   return temp;
 322:Drivers/STM32F7xx_HAL_Driver/Src/stm32f7xx_hal_crc.c **** }
 323:Drivers/STM32F7xx_HAL_Driver/Src/stm32f7xx_hal_crc.c **** 
 324:Drivers/STM32F7xx_HAL_Driver/Src/stm32f7xx_hal_crc.c **** /**
 325:Drivers/STM32F7xx_HAL_Driver/Src/stm32f7xx_hal_crc.c ****   * @brief  Compute the 7, 8, 16 or 32-bit CRC value of an 8, 16 or 32-bit data buffer
 326:Drivers/STM32F7xx_HAL_Driver/Src/stm32f7xx_hal_crc.c ****   *         starting with hcrc->Instance->INIT as initialization value.
 327:Drivers/STM32F7xx_HAL_Driver/Src/stm32f7xx_hal_crc.c ****   * @param  hcrc CRC handle
 328:Drivers/STM32F7xx_HAL_Driver/Src/stm32f7xx_hal_crc.c ****   * @param  pBuffer pointer to the input data buffer, exact input data format is
 329:Drivers/STM32F7xx_HAL_Driver/Src/stm32f7xx_hal_crc.c ****   *         provided by hcrc->InputDataFormat.
 330:Drivers/STM32F7xx_HAL_Driver/Src/stm32f7xx_hal_crc.c ****   * @param  BufferLength input data buffer length (number of bytes if pBuffer
 331:Drivers/STM32F7xx_HAL_Driver/Src/stm32f7xx_hal_crc.c ****   *         type is * uint8_t, number of half-words if pBuffer type is * uint16_t,
 332:Drivers/STM32F7xx_HAL_Driver/Src/stm32f7xx_hal_crc.c ****   *         number of words if pBuffer type is * uint32_t).
 333:Drivers/STM32F7xx_HAL_Driver/Src/stm32f7xx_hal_crc.c ****   * @note  By default, the API expects a uint32_t pointer as input buffer parameter.
 334:Drivers/STM32F7xx_HAL_Driver/Src/stm32f7xx_hal_crc.c ****   *        Input buffer pointers with other types simply need to be cast in uint32_t
 335:Drivers/STM32F7xx_HAL_Driver/Src/stm32f7xx_hal_crc.c ****   *        and the API will internally adjust its input data processing based on the
 336:Drivers/STM32F7xx_HAL_Driver/Src/stm32f7xx_hal_crc.c ****   *        handle field hcrc->InputDataFormat.
 337:Drivers/STM32F7xx_HAL_Driver/Src/stm32f7xx_hal_crc.c ****   * @retval uint32_t CRC (returned value LSBs for CRC shorter than 32 bits)
 338:Drivers/STM32F7xx_HAL_Driver/Src/stm32f7xx_hal_crc.c ****   */
 339:Drivers/STM32F7xx_HAL_Driver/Src/stm32f7xx_hal_crc.c **** uint32_t HAL_CRC_Calculate(CRC_HandleTypeDef *hcrc, uint32_t pBuffer[], uint32_t BufferLength)
 340:Drivers/STM32F7xx_HAL_Driver/Src/stm32f7xx_hal_crc.c **** {
 341:Drivers/STM32F7xx_HAL_Driver/Src/stm32f7xx_hal_crc.c ****   uint32_t index;      /* CRC input data buffer index */
 342:Drivers/STM32F7xx_HAL_Driver/Src/stm32f7xx_hal_crc.c ****   uint32_t temp = 0U;  /* CRC output (read from hcrc->Instance->DR register) */
 343:Drivers/STM32F7xx_HAL_Driver/Src/stm32f7xx_hal_crc.c **** 
 344:Drivers/STM32F7xx_HAL_Driver/Src/stm32f7xx_hal_crc.c ****   /* Change CRC peripheral state */
 345:Drivers/STM32F7xx_HAL_Driver/Src/stm32f7xx_hal_crc.c ****   hcrc->State = HAL_CRC_STATE_BUSY;
 346:Drivers/STM32F7xx_HAL_Driver/Src/stm32f7xx_hal_crc.c **** 
 347:Drivers/STM32F7xx_HAL_Driver/Src/stm32f7xx_hal_crc.c ****   /* Reset CRC Calculation Unit (hcrc->Instance->INIT is
 348:Drivers/STM32F7xx_HAL_Driver/Src/stm32f7xx_hal_crc.c ****   *  written in hcrc->Instance->DR) */
 349:Drivers/STM32F7xx_HAL_Driver/Src/stm32f7xx_hal_crc.c ****   __HAL_CRC_DR_RESET(hcrc);
 350:Drivers/STM32F7xx_HAL_Driver/Src/stm32f7xx_hal_crc.c **** 
 351:Drivers/STM32F7xx_HAL_Driver/Src/stm32f7xx_hal_crc.c ****   switch (hcrc->InputDataFormat)
 352:Drivers/STM32F7xx_HAL_Driver/Src/stm32f7xx_hal_crc.c ****   {
 353:Drivers/STM32F7xx_HAL_Driver/Src/stm32f7xx_hal_crc.c ****     case CRC_INPUTDATA_FORMAT_WORDS:
 354:Drivers/STM32F7xx_HAL_Driver/Src/stm32f7xx_hal_crc.c ****       /* Enter 32-bit input data to the CRC calculator */
 355:Drivers/STM32F7xx_HAL_Driver/Src/stm32f7xx_hal_crc.c ****       for (index = 0U; index < BufferLength; index++)
 356:Drivers/STM32F7xx_HAL_Driver/Src/stm32f7xx_hal_crc.c ****       {
 357:Drivers/STM32F7xx_HAL_Driver/Src/stm32f7xx_hal_crc.c ****         hcrc->Instance->DR = pBuffer[index];
 358:Drivers/STM32F7xx_HAL_Driver/Src/stm32f7xx_hal_crc.c ****       }
 359:Drivers/STM32F7xx_HAL_Driver/Src/stm32f7xx_hal_crc.c ****       temp = hcrc->Instance->DR;
 360:Drivers/STM32F7xx_HAL_Driver/Src/stm32f7xx_hal_crc.c ****       break;
 361:Drivers/STM32F7xx_HAL_Driver/Src/stm32f7xx_hal_crc.c **** 
 362:Drivers/STM32F7xx_HAL_Driver/Src/stm32f7xx_hal_crc.c ****     case CRC_INPUTDATA_FORMAT_BYTES:
 363:Drivers/STM32F7xx_HAL_Driver/Src/stm32f7xx_hal_crc.c ****       /* Specific 8-bit input data handling  */
 364:Drivers/STM32F7xx_HAL_Driver/Src/stm32f7xx_hal_crc.c ****       temp = CRC_Handle_8(hcrc, (uint8_t *)pBuffer, BufferLength);
 365:Drivers/STM32F7xx_HAL_Driver/Src/stm32f7xx_hal_crc.c ****       break;
 366:Drivers/STM32F7xx_HAL_Driver/Src/stm32f7xx_hal_crc.c **** 
 367:Drivers/STM32F7xx_HAL_Driver/Src/stm32f7xx_hal_crc.c ****     case CRC_INPUTDATA_FORMAT_HALFWORDS:
 368:Drivers/STM32F7xx_HAL_Driver/Src/stm32f7xx_hal_crc.c ****       /* Specific 16-bit input data handling  */
 369:Drivers/STM32F7xx_HAL_Driver/Src/stm32f7xx_hal_crc.c ****       temp = CRC_Handle_16(hcrc, (uint16_t *)(void *)pBuffer, BufferLength);    /* Derogation Misra
 370:Drivers/STM32F7xx_HAL_Driver/Src/stm32f7xx_hal_crc.c ****       break;
 371:Drivers/STM32F7xx_HAL_Driver/Src/stm32f7xx_hal_crc.c **** 
 372:Drivers/STM32F7xx_HAL_Driver/Src/stm32f7xx_hal_crc.c ****     default:
ARM GAS  /tmp/ccEVrnwV.s 			page 8


 373:Drivers/STM32F7xx_HAL_Driver/Src/stm32f7xx_hal_crc.c ****       break;
 374:Drivers/STM32F7xx_HAL_Driver/Src/stm32f7xx_hal_crc.c ****   }
 375:Drivers/STM32F7xx_HAL_Driver/Src/stm32f7xx_hal_crc.c **** 
 376:Drivers/STM32F7xx_HAL_Driver/Src/stm32f7xx_hal_crc.c ****   /* Change CRC peripheral state */
 377:Drivers/STM32F7xx_HAL_Driver/Src/stm32f7xx_hal_crc.c ****   hcrc->State = HAL_CRC_STATE_READY;
 378:Drivers/STM32F7xx_HAL_Driver/Src/stm32f7xx_hal_crc.c **** 
 379:Drivers/STM32F7xx_HAL_Driver/Src/stm32f7xx_hal_crc.c ****   /* Return the CRC computed value */
 380:Drivers/STM32F7xx_HAL_Driver/Src/stm32f7xx_hal_crc.c ****   return temp;
 381:Drivers/STM32F7xx_HAL_Driver/Src/stm32f7xx_hal_crc.c **** }
 382:Drivers/STM32F7xx_HAL_Driver/Src/stm32f7xx_hal_crc.c **** 
 383:Drivers/STM32F7xx_HAL_Driver/Src/stm32f7xx_hal_crc.c **** /**
 384:Drivers/STM32F7xx_HAL_Driver/Src/stm32f7xx_hal_crc.c ****   * @}
 385:Drivers/STM32F7xx_HAL_Driver/Src/stm32f7xx_hal_crc.c ****   */
 386:Drivers/STM32F7xx_HAL_Driver/Src/stm32f7xx_hal_crc.c **** 
 387:Drivers/STM32F7xx_HAL_Driver/Src/stm32f7xx_hal_crc.c **** /** @defgroup CRC_Exported_Functions_Group3 Peripheral State functions
 388:Drivers/STM32F7xx_HAL_Driver/Src/stm32f7xx_hal_crc.c ****   *  @brief    Peripheral State functions.
 389:Drivers/STM32F7xx_HAL_Driver/Src/stm32f7xx_hal_crc.c ****   *
 390:Drivers/STM32F7xx_HAL_Driver/Src/stm32f7xx_hal_crc.c **** @verbatim
 391:Drivers/STM32F7xx_HAL_Driver/Src/stm32f7xx_hal_crc.c ****  ===============================================================================
 392:Drivers/STM32F7xx_HAL_Driver/Src/stm32f7xx_hal_crc.c ****                       ##### Peripheral State functions #####
 393:Drivers/STM32F7xx_HAL_Driver/Src/stm32f7xx_hal_crc.c ****  ===============================================================================
 394:Drivers/STM32F7xx_HAL_Driver/Src/stm32f7xx_hal_crc.c ****     [..]
 395:Drivers/STM32F7xx_HAL_Driver/Src/stm32f7xx_hal_crc.c ****     This subsection permits to get in run-time the status of the peripheral.
 396:Drivers/STM32F7xx_HAL_Driver/Src/stm32f7xx_hal_crc.c **** 
 397:Drivers/STM32F7xx_HAL_Driver/Src/stm32f7xx_hal_crc.c **** @endverbatim
 398:Drivers/STM32F7xx_HAL_Driver/Src/stm32f7xx_hal_crc.c ****   * @{
 399:Drivers/STM32F7xx_HAL_Driver/Src/stm32f7xx_hal_crc.c ****   */
 400:Drivers/STM32F7xx_HAL_Driver/Src/stm32f7xx_hal_crc.c **** 
 401:Drivers/STM32F7xx_HAL_Driver/Src/stm32f7xx_hal_crc.c **** /**
 402:Drivers/STM32F7xx_HAL_Driver/Src/stm32f7xx_hal_crc.c ****   * @brief  Return the CRC handle state.
 403:Drivers/STM32F7xx_HAL_Driver/Src/stm32f7xx_hal_crc.c ****   * @param  hcrc CRC handle
 404:Drivers/STM32F7xx_HAL_Driver/Src/stm32f7xx_hal_crc.c ****   * @retval HAL state
 405:Drivers/STM32F7xx_HAL_Driver/Src/stm32f7xx_hal_crc.c ****   */
 406:Drivers/STM32F7xx_HAL_Driver/Src/stm32f7xx_hal_crc.c **** HAL_CRC_StateTypeDef HAL_CRC_GetState(CRC_HandleTypeDef *hcrc)
 407:Drivers/STM32F7xx_HAL_Driver/Src/stm32f7xx_hal_crc.c **** {
 408:Drivers/STM32F7xx_HAL_Driver/Src/stm32f7xx_hal_crc.c ****   /* Return CRC handle state */
 409:Drivers/STM32F7xx_HAL_Driver/Src/stm32f7xx_hal_crc.c ****   return hcrc->State;
 410:Drivers/STM32F7xx_HAL_Driver/Src/stm32f7xx_hal_crc.c **** }
 411:Drivers/STM32F7xx_HAL_Driver/Src/stm32f7xx_hal_crc.c **** 
 412:Drivers/STM32F7xx_HAL_Driver/Src/stm32f7xx_hal_crc.c **** /**
 413:Drivers/STM32F7xx_HAL_Driver/Src/stm32f7xx_hal_crc.c ****   * @}
 414:Drivers/STM32F7xx_HAL_Driver/Src/stm32f7xx_hal_crc.c ****   */
 415:Drivers/STM32F7xx_HAL_Driver/Src/stm32f7xx_hal_crc.c **** 
 416:Drivers/STM32F7xx_HAL_Driver/Src/stm32f7xx_hal_crc.c **** /**
 417:Drivers/STM32F7xx_HAL_Driver/Src/stm32f7xx_hal_crc.c ****   * @}
 418:Drivers/STM32F7xx_HAL_Driver/Src/stm32f7xx_hal_crc.c ****   */
 419:Drivers/STM32F7xx_HAL_Driver/Src/stm32f7xx_hal_crc.c **** 
 420:Drivers/STM32F7xx_HAL_Driver/Src/stm32f7xx_hal_crc.c **** /** @addtogroup CRC_Private_Functions
 421:Drivers/STM32F7xx_HAL_Driver/Src/stm32f7xx_hal_crc.c ****   * @{
 422:Drivers/STM32F7xx_HAL_Driver/Src/stm32f7xx_hal_crc.c ****   */
 423:Drivers/STM32F7xx_HAL_Driver/Src/stm32f7xx_hal_crc.c **** 
 424:Drivers/STM32F7xx_HAL_Driver/Src/stm32f7xx_hal_crc.c **** /**
 425:Drivers/STM32F7xx_HAL_Driver/Src/stm32f7xx_hal_crc.c ****   * @brief  Enter 8-bit input data to the CRC calculator.
 426:Drivers/STM32F7xx_HAL_Driver/Src/stm32f7xx_hal_crc.c ****   *         Specific data handling to optimize processing time.
 427:Drivers/STM32F7xx_HAL_Driver/Src/stm32f7xx_hal_crc.c ****   * @param  hcrc CRC handle
 428:Drivers/STM32F7xx_HAL_Driver/Src/stm32f7xx_hal_crc.c ****   * @param  pBuffer pointer to the input data buffer
 429:Drivers/STM32F7xx_HAL_Driver/Src/stm32f7xx_hal_crc.c ****   * @param  BufferLength input data buffer length
ARM GAS  /tmp/ccEVrnwV.s 			page 9


 430:Drivers/STM32F7xx_HAL_Driver/Src/stm32f7xx_hal_crc.c ****   * @retval uint32_t CRC (returned value LSBs for CRC shorter than 32 bits)
 431:Drivers/STM32F7xx_HAL_Driver/Src/stm32f7xx_hal_crc.c ****   */
 432:Drivers/STM32F7xx_HAL_Driver/Src/stm32f7xx_hal_crc.c **** static uint32_t CRC_Handle_8(CRC_HandleTypeDef *hcrc, uint8_t pBuffer[], uint32_t BufferLength)
 433:Drivers/STM32F7xx_HAL_Driver/Src/stm32f7xx_hal_crc.c **** {
  29              		.loc 1 433 1 view -0
  30              		.cfi_startproc
  31              		@ args = 0, pretend = 0, frame = 0
  32              		@ frame_needed = 0, uses_anonymous_args = 0
  33              		.loc 1 433 1 is_stmt 0 view .LVU1
  34 0000 10B5     		push	{r4, lr}
  35              	.LCFI0:
  36              		.cfi_def_cfa_offset 8
  37              		.cfi_offset 4, -8
  38              		.cfi_offset 14, -4
 434:Drivers/STM32F7xx_HAL_Driver/Src/stm32f7xx_hal_crc.c ****   uint32_t i; /* input data buffer index */
  39              		.loc 1 434 3 is_stmt 1 view .LVU2
 435:Drivers/STM32F7xx_HAL_Driver/Src/stm32f7xx_hal_crc.c ****   uint16_t data;
  40              		.loc 1 435 3 view .LVU3
 436:Drivers/STM32F7xx_HAL_Driver/Src/stm32f7xx_hal_crc.c ****   __IO uint16_t *pReg;
  41              		.loc 1 436 3 view .LVU4
 437:Drivers/STM32F7xx_HAL_Driver/Src/stm32f7xx_hal_crc.c **** 
 438:Drivers/STM32F7xx_HAL_Driver/Src/stm32f7xx_hal_crc.c ****   /* Processing time optimization: 4 bytes are entered in a row with a single word write,
 439:Drivers/STM32F7xx_HAL_Driver/Src/stm32f7xx_hal_crc.c ****    * last bytes must be carefully fed to the CRC calculator to ensure a correct type
 440:Drivers/STM32F7xx_HAL_Driver/Src/stm32f7xx_hal_crc.c ****    * handling by the peripheral */
 441:Drivers/STM32F7xx_HAL_Driver/Src/stm32f7xx_hal_crc.c ****   for (i = 0U; i < (BufferLength / 4U); i++)
  42              		.loc 1 441 3 view .LVU5
  43              	.LVL1:
  44              		.loc 1 441 10 is_stmt 0 view .LVU6
  45 0002 4FF0000C 		mov	ip, #0
  46              		.loc 1 441 3 view .LVU7
  47 0006 14E0     		b	.L2
  48              	.LVL2:
  49              	.L3:
 442:Drivers/STM32F7xx_HAL_Driver/Src/stm32f7xx_hal_crc.c ****   {
 443:Drivers/STM32F7xx_HAL_Driver/Src/stm32f7xx_hal_crc.c ****     hcrc->Instance->DR = ((uint32_t)pBuffer[4U * i] << 24U) | \
  50              		.loc 1 443 5 is_stmt 1 discriminator 3 view .LVU8
  51              		.loc 1 443 44 is_stmt 0 discriminator 3 view .LVU9
  52 0008 11F82C40 		ldrb	r4, [r1, ip, lsl #2]	@ zero_extendqisi2
 444:Drivers/STM32F7xx_HAL_Driver/Src/stm32f7xx_hal_crc.c ****                          ((uint32_t)pBuffer[(4U * i) + 1U] << 16U) | \
  53              		.loc 1 444 44 discriminator 3 view .LVU10
  54 000c 01EB8C0E 		add	lr, r1, ip, lsl #2
  55 0010 9EF80130 		ldrb	r3, [lr, #1]	@ zero_extendqisi2
  56              		.loc 1 444 60 discriminator 3 view .LVU11
  57 0014 1B04     		lsls	r3, r3, #16
 443:Drivers/STM32F7xx_HAL_Driver/Src/stm32f7xx_hal_crc.c ****                          ((uint32_t)pBuffer[(4U * i) + 1U] << 16U) | \
  58              		.loc 1 443 61 discriminator 3 view .LVU12
  59 0016 43EA0463 		orr	r3, r3, r4, lsl #24
 445:Drivers/STM32F7xx_HAL_Driver/Src/stm32f7xx_hal_crc.c ****                          ((uint32_t)pBuffer[(4U * i) + 2U] << 8U)  | \
  60              		.loc 1 445 44 discriminator 3 view .LVU13
  61 001a 9EF80240 		ldrb	r4, [lr, #2]	@ zero_extendqisi2
 444:Drivers/STM32F7xx_HAL_Driver/Src/stm32f7xx_hal_crc.c ****                          ((uint32_t)pBuffer[(4U * i) + 1U] << 16U) | \
  62              		.loc 1 444 68 discriminator 3 view .LVU14
  63 001e 43EA0423 		orr	r3, r3, r4, lsl #8
 446:Drivers/STM32F7xx_HAL_Driver/Src/stm32f7xx_hal_crc.c ****                          (uint32_t)pBuffer[(4U * i) + 3U];
  64              		.loc 1 446 43 discriminator 3 view .LVU15
  65 0022 9EF803E0 		ldrb	lr, [lr, #3]	@ zero_extendqisi2
 445:Drivers/STM32F7xx_HAL_Driver/Src/stm32f7xx_hal_crc.c ****                          ((uint32_t)pBuffer[(4U * i) + 2U] << 8U)  | \
ARM GAS  /tmp/ccEVrnwV.s 			page 10


  66              		.loc 1 445 68 discriminator 3 view .LVU16
  67 0026 43EA0E03 		orr	r3, r3, lr
 443:Drivers/STM32F7xx_HAL_Driver/Src/stm32f7xx_hal_crc.c ****                          ((uint32_t)pBuffer[(4U * i) + 1U] << 16U) | \
  68              		.loc 1 443 24 discriminator 3 view .LVU17
  69 002a 0468     		ldr	r4, [r0]
  70 002c 2360     		str	r3, [r4]
 441:Drivers/STM32F7xx_HAL_Driver/Src/stm32f7xx_hal_crc.c ****   {
  71              		.loc 1 441 42 is_stmt 1 discriminator 3 view .LVU18
  72 002e 0CF1010C 		add	ip, ip, #1
  73              	.LVL3:
  74              	.L2:
 441:Drivers/STM32F7xx_HAL_Driver/Src/stm32f7xx_hal_crc.c ****   {
  75              		.loc 1 441 18 discriminator 1 view .LVU19
  76 0032 BCEB920F 		cmp	ip, r2, lsr #2
  77 0036 E7D3     		bcc	.L3
 447:Drivers/STM32F7xx_HAL_Driver/Src/stm32f7xx_hal_crc.c ****   }
 448:Drivers/STM32F7xx_HAL_Driver/Src/stm32f7xx_hal_crc.c ****   /* last bytes specific handling */
 449:Drivers/STM32F7xx_HAL_Driver/Src/stm32f7xx_hal_crc.c ****   if ((BufferLength % 4U) != 0U)
  78              		.loc 1 449 3 view .LVU20
  79              		.loc 1 449 6 is_stmt 0 view .LVU21
  80 0038 12F00302 		ands	r2, r2, #3
  81              	.LVL4:
  82              		.loc 1 449 6 view .LVU22
  83 003c 05D0     		beq	.L4
 450:Drivers/STM32F7xx_HAL_Driver/Src/stm32f7xx_hal_crc.c ****   {
 451:Drivers/STM32F7xx_HAL_Driver/Src/stm32f7xx_hal_crc.c ****     if ((BufferLength % 4U) == 1U)
  84              		.loc 1 451 5 is_stmt 1 view .LVU23
  85              		.loc 1 451 8 is_stmt 0 view .LVU24
  86 003e 012A     		cmp	r2, #1
  87 0040 06D0     		beq	.L8
  88              	.L5:
 452:Drivers/STM32F7xx_HAL_Driver/Src/stm32f7xx_hal_crc.c ****     {
 453:Drivers/STM32F7xx_HAL_Driver/Src/stm32f7xx_hal_crc.c ****       *(__IO uint8_t *)(__IO void *)(&hcrc->Instance->DR) = pBuffer[4U * i];         /* Derogation 
 454:Drivers/STM32F7xx_HAL_Driver/Src/stm32f7xx_hal_crc.c ****     }
 455:Drivers/STM32F7xx_HAL_Driver/Src/stm32f7xx_hal_crc.c ****     if ((BufferLength % 4U) == 2U)
  89              		.loc 1 455 5 is_stmt 1 view .LVU25
  90              		.loc 1 455 8 is_stmt 0 view .LVU26
  91 0042 022A     		cmp	r2, #2
  92 0044 09D0     		beq	.L9
  93              	.L6:
 456:Drivers/STM32F7xx_HAL_Driver/Src/stm32f7xx_hal_crc.c ****     {
 457:Drivers/STM32F7xx_HAL_Driver/Src/stm32f7xx_hal_crc.c ****       data = ((uint16_t)(pBuffer[4U * i]) << 8U) | (uint16_t)pBuffer[(4U * i) + 1U];
 458:Drivers/STM32F7xx_HAL_Driver/Src/stm32f7xx_hal_crc.c ****       pReg = (__IO uint16_t *)(__IO void *)(&hcrc->Instance->DR);                    /* Derogation 
 459:Drivers/STM32F7xx_HAL_Driver/Src/stm32f7xx_hal_crc.c ****       *pReg = data;
 460:Drivers/STM32F7xx_HAL_Driver/Src/stm32f7xx_hal_crc.c ****     }
 461:Drivers/STM32F7xx_HAL_Driver/Src/stm32f7xx_hal_crc.c ****     if ((BufferLength % 4U) == 3U)
  94              		.loc 1 461 5 is_stmt 1 view .LVU27
  95              		.loc 1 461 8 is_stmt 0 view .LVU28
  96 0046 032A     		cmp	r2, #3
  97 0048 11D0     		beq	.L10
  98              	.LVL5:
  99              	.L4:
 462:Drivers/STM32F7xx_HAL_Driver/Src/stm32f7xx_hal_crc.c ****     {
 463:Drivers/STM32F7xx_HAL_Driver/Src/stm32f7xx_hal_crc.c ****       data = ((uint16_t)(pBuffer[4U * i]) << 8U) | (uint16_t)pBuffer[(4U * i) + 1U];
 464:Drivers/STM32F7xx_HAL_Driver/Src/stm32f7xx_hal_crc.c ****       pReg = (__IO uint16_t *)(__IO void *)(&hcrc->Instance->DR);                    /* Derogation 
 465:Drivers/STM32F7xx_HAL_Driver/Src/stm32f7xx_hal_crc.c ****       *pReg = data;
 466:Drivers/STM32F7xx_HAL_Driver/Src/stm32f7xx_hal_crc.c **** 
ARM GAS  /tmp/ccEVrnwV.s 			page 11


 467:Drivers/STM32F7xx_HAL_Driver/Src/stm32f7xx_hal_crc.c ****       *(__IO uint8_t *)(__IO void *)(&hcrc->Instance->DR) = pBuffer[(4U * i) + 2U];  /* Derogation 
 468:Drivers/STM32F7xx_HAL_Driver/Src/stm32f7xx_hal_crc.c ****     }
 469:Drivers/STM32F7xx_HAL_Driver/Src/stm32f7xx_hal_crc.c ****   }
 470:Drivers/STM32F7xx_HAL_Driver/Src/stm32f7xx_hal_crc.c **** 
 471:Drivers/STM32F7xx_HAL_Driver/Src/stm32f7xx_hal_crc.c ****   /* Return the CRC computed value */
 472:Drivers/STM32F7xx_HAL_Driver/Src/stm32f7xx_hal_crc.c ****   return hcrc->Instance->DR;
 100              		.loc 1 472 3 is_stmt 1 view .LVU29
 101              		.loc 1 472 14 is_stmt 0 view .LVU30
 102 004a 0368     		ldr	r3, [r0]
 103              		.loc 1 472 24 view .LVU31
 104 004c 1868     		ldr	r0, [r3]
 105              	.LVL6:
 473:Drivers/STM32F7xx_HAL_Driver/Src/stm32f7xx_hal_crc.c **** }
 106              		.loc 1 473 1 view .LVU32
 107 004e 10BD     		pop	{r4, pc}
 108              	.LVL7:
 109              	.L8:
 453:Drivers/STM32F7xx_HAL_Driver/Src/stm32f7xx_hal_crc.c ****     }
 110              		.loc 1 453 7 is_stmt 1 view .LVU33
 453:Drivers/STM32F7xx_HAL_Driver/Src/stm32f7xx_hal_crc.c ****     }
 111              		.loc 1 453 43 is_stmt 0 view .LVU34
 112 0050 0368     		ldr	r3, [r0]
 453:Drivers/STM32F7xx_HAL_Driver/Src/stm32f7xx_hal_crc.c ****     }
 113              		.loc 1 453 68 view .LVU35
 114 0052 11F82C40 		ldrb	r4, [r1, ip, lsl #2]	@ zero_extendqisi2
 453:Drivers/STM32F7xx_HAL_Driver/Src/stm32f7xx_hal_crc.c ****     }
 115              		.loc 1 453 59 view .LVU36
 116 0056 1C70     		strb	r4, [r3]
 117 0058 F3E7     		b	.L5
 118              	.L9:
 457:Drivers/STM32F7xx_HAL_Driver/Src/stm32f7xx_hal_crc.c ****       pReg = (__IO uint16_t *)(__IO void *)(&hcrc->Instance->DR);                    /* Derogation 
 119              		.loc 1 457 7 is_stmt 1 view .LVU37
 457:Drivers/STM32F7xx_HAL_Driver/Src/stm32f7xx_hal_crc.c ****       pReg = (__IO uint16_t *)(__IO void *)(&hcrc->Instance->DR);                    /* Derogation 
 120              		.loc 1 457 33 is_stmt 0 view .LVU38
 121 005a 11F82C40 		ldrb	r4, [r1, ip, lsl #2]	@ zero_extendqisi2
 457:Drivers/STM32F7xx_HAL_Driver/Src/stm32f7xx_hal_crc.c ****       pReg = (__IO uint16_t *)(__IO void *)(&hcrc->Instance->DR);                    /* Derogation 
 122              		.loc 1 457 69 view .LVU39
 123 005e 01EB8C03 		add	r3, r1, ip, lsl #2
 124 0062 5B78     		ldrb	r3, [r3, #1]	@ zero_extendqisi2
 457:Drivers/STM32F7xx_HAL_Driver/Src/stm32f7xx_hal_crc.c ****       pReg = (__IO uint16_t *)(__IO void *)(&hcrc->Instance->DR);                    /* Derogation 
 125              		.loc 1 457 12 view .LVU40
 126 0064 43EA0423 		orr	r3, r3, r4, lsl #8
 127              	.LVL8:
 458:Drivers/STM32F7xx_HAL_Driver/Src/stm32f7xx_hal_crc.c ****       *pReg = data;
 128              		.loc 1 458 7 is_stmt 1 view .LVU41
 458:Drivers/STM32F7xx_HAL_Driver/Src/stm32f7xx_hal_crc.c ****       *pReg = data;
 129              		.loc 1 458 50 is_stmt 0 view .LVU42
 130 0068 0468     		ldr	r4, [r0]
 131              	.LVL9:
 459:Drivers/STM32F7xx_HAL_Driver/Src/stm32f7xx_hal_crc.c ****     }
 132              		.loc 1 459 7 is_stmt 1 view .LVU43
 459:Drivers/STM32F7xx_HAL_Driver/Src/stm32f7xx_hal_crc.c ****     }
 133              		.loc 1 459 13 is_stmt 0 view .LVU44
 134 006a 2380     		strh	r3, [r4]	@ movhi
 135 006c EBE7     		b	.L6
 136              	.LVL10:
 137              	.L10:
ARM GAS  /tmp/ccEVrnwV.s 			page 12


 463:Drivers/STM32F7xx_HAL_Driver/Src/stm32f7xx_hal_crc.c ****       pReg = (__IO uint16_t *)(__IO void *)(&hcrc->Instance->DR);                    /* Derogation 
 138              		.loc 1 463 7 is_stmt 1 view .LVU45
 463:Drivers/STM32F7xx_HAL_Driver/Src/stm32f7xx_hal_crc.c ****       pReg = (__IO uint16_t *)(__IO void *)(&hcrc->Instance->DR);                    /* Derogation 
 139              		.loc 1 463 33 is_stmt 0 view .LVU46
 140 006e 11F82C20 		ldrb	r2, [r1, ip, lsl #2]	@ zero_extendqisi2
 463:Drivers/STM32F7xx_HAL_Driver/Src/stm32f7xx_hal_crc.c ****       pReg = (__IO uint16_t *)(__IO void *)(&hcrc->Instance->DR);                    /* Derogation 
 141              		.loc 1 463 69 view .LVU47
 142 0072 01EB8C01 		add	r1, r1, ip, lsl #2
 143              	.LVL11:
 463:Drivers/STM32F7xx_HAL_Driver/Src/stm32f7xx_hal_crc.c ****       pReg = (__IO uint16_t *)(__IO void *)(&hcrc->Instance->DR);                    /* Derogation 
 144              		.loc 1 463 69 view .LVU48
 145 0076 4B78     		ldrb	r3, [r1, #1]	@ zero_extendqisi2
 463:Drivers/STM32F7xx_HAL_Driver/Src/stm32f7xx_hal_crc.c ****       pReg = (__IO uint16_t *)(__IO void *)(&hcrc->Instance->DR);                    /* Derogation 
 146              		.loc 1 463 12 view .LVU49
 147 0078 43EA0223 		orr	r3, r3, r2, lsl #8
 148              	.LVL12:
 464:Drivers/STM32F7xx_HAL_Driver/Src/stm32f7xx_hal_crc.c ****       *pReg = data;
 149              		.loc 1 464 7 is_stmt 1 view .LVU50
 464:Drivers/STM32F7xx_HAL_Driver/Src/stm32f7xx_hal_crc.c ****       *pReg = data;
 150              		.loc 1 464 50 is_stmt 0 view .LVU51
 151 007c 0268     		ldr	r2, [r0]
 152              	.LVL13:
 465:Drivers/STM32F7xx_HAL_Driver/Src/stm32f7xx_hal_crc.c **** 
 153              		.loc 1 465 7 is_stmt 1 view .LVU52
 465:Drivers/STM32F7xx_HAL_Driver/Src/stm32f7xx_hal_crc.c **** 
 154              		.loc 1 465 13 is_stmt 0 view .LVU53
 155 007e 1380     		strh	r3, [r2]	@ movhi
 467:Drivers/STM32F7xx_HAL_Driver/Src/stm32f7xx_hal_crc.c ****     }
 156              		.loc 1 467 7 is_stmt 1 view .LVU54
 467:Drivers/STM32F7xx_HAL_Driver/Src/stm32f7xx_hal_crc.c ****     }
 157              		.loc 1 467 43 is_stmt 0 view .LVU55
 158 0080 0368     		ldr	r3, [r0]
 159              	.LVL14:
 467:Drivers/STM32F7xx_HAL_Driver/Src/stm32f7xx_hal_crc.c ****     }
 160              		.loc 1 467 68 view .LVU56
 161 0082 8A78     		ldrb	r2, [r1, #2]	@ zero_extendqisi2
 162              	.LVL15:
 467:Drivers/STM32F7xx_HAL_Driver/Src/stm32f7xx_hal_crc.c ****     }
 163              		.loc 1 467 59 view .LVU57
 164 0084 1A70     		strb	r2, [r3]
 467:Drivers/STM32F7xx_HAL_Driver/Src/stm32f7xx_hal_crc.c ****     }
 165              		.loc 1 467 59 view .LVU58
 166 0086 E0E7     		b	.L4
 167              		.cfi_endproc
 168              	.LFE148:
 170              		.section	.text.CRC_Handle_16,"ax",%progbits
 171              		.align	1
 172              		.syntax unified
 173              		.thumb
 174              		.thumb_func
 176              	CRC_Handle_16:
 177              	.LVL16:
 178              	.LFB149:
 474:Drivers/STM32F7xx_HAL_Driver/Src/stm32f7xx_hal_crc.c **** 
 475:Drivers/STM32F7xx_HAL_Driver/Src/stm32f7xx_hal_crc.c **** /**
 476:Drivers/STM32F7xx_HAL_Driver/Src/stm32f7xx_hal_crc.c ****   * @brief  Enter 16-bit input data to the CRC calculator.
 477:Drivers/STM32F7xx_HAL_Driver/Src/stm32f7xx_hal_crc.c ****   *         Specific data handling to optimize processing time.
ARM GAS  /tmp/ccEVrnwV.s 			page 13


 478:Drivers/STM32F7xx_HAL_Driver/Src/stm32f7xx_hal_crc.c ****   * @param  hcrc CRC handle
 479:Drivers/STM32F7xx_HAL_Driver/Src/stm32f7xx_hal_crc.c ****   * @param  pBuffer pointer to the input data buffer
 480:Drivers/STM32F7xx_HAL_Driver/Src/stm32f7xx_hal_crc.c ****   * @param  BufferLength input data buffer length
 481:Drivers/STM32F7xx_HAL_Driver/Src/stm32f7xx_hal_crc.c ****   * @retval uint32_t CRC (returned value LSBs for CRC shorter than 32 bits)
 482:Drivers/STM32F7xx_HAL_Driver/Src/stm32f7xx_hal_crc.c ****   */
 483:Drivers/STM32F7xx_HAL_Driver/Src/stm32f7xx_hal_crc.c **** static uint32_t CRC_Handle_16(CRC_HandleTypeDef *hcrc, uint16_t pBuffer[], uint32_t BufferLength)
 484:Drivers/STM32F7xx_HAL_Driver/Src/stm32f7xx_hal_crc.c **** {
 179              		.loc 1 484 1 is_stmt 1 view -0
 180              		.cfi_startproc
 181              		@ args = 0, pretend = 0, frame = 0
 182              		@ frame_needed = 0, uses_anonymous_args = 0
 183              		@ link register save eliminated.
 485:Drivers/STM32F7xx_HAL_Driver/Src/stm32f7xx_hal_crc.c ****   uint32_t i;  /* input data buffer index */
 184              		.loc 1 485 3 view .LVU60
 486:Drivers/STM32F7xx_HAL_Driver/Src/stm32f7xx_hal_crc.c ****   __IO uint16_t *pReg;
 185              		.loc 1 486 3 view .LVU61
 487:Drivers/STM32F7xx_HAL_Driver/Src/stm32f7xx_hal_crc.c **** 
 488:Drivers/STM32F7xx_HAL_Driver/Src/stm32f7xx_hal_crc.c ****   /* Processing time optimization: 2 HalfWords are entered in a row with a single word write,
 489:Drivers/STM32F7xx_HAL_Driver/Src/stm32f7xx_hal_crc.c ****    * in case of odd length, last HalfWord must be carefully fed to the CRC calculator to ensure
 490:Drivers/STM32F7xx_HAL_Driver/Src/stm32f7xx_hal_crc.c ****    * a correct type handling by the peripheral */
 491:Drivers/STM32F7xx_HAL_Driver/Src/stm32f7xx_hal_crc.c ****   for (i = 0U; i < (BufferLength / 2U); i++)
 186              		.loc 1 491 3 view .LVU62
 187              		.loc 1 491 10 is_stmt 0 view .LVU63
 188 0000 0023     		movs	r3, #0
 189              	.LVL17:
 190              		.loc 1 491 18 is_stmt 1 view .LVU64
 191 0002 B3EB520F 		cmp	r3, r2, lsr #1
 192 0006 18D2     		bcs	.L21
 484:Drivers/STM32F7xx_HAL_Driver/Src/stm32f7xx_hal_crc.c ****   uint32_t i;  /* input data buffer index */
 193              		.loc 1 484 1 is_stmt 0 view .LVU65
 194 0008 30B4     		push	{r4, r5}
 195              	.LCFI1:
 196              		.cfi_def_cfa_offset 8
 197              		.cfi_offset 4, -8
 198              		.cfi_offset 5, -4
 199              	.L13:
 492:Drivers/STM32F7xx_HAL_Driver/Src/stm32f7xx_hal_crc.c ****   {
 493:Drivers/STM32F7xx_HAL_Driver/Src/stm32f7xx_hal_crc.c ****     hcrc->Instance->DR = ((uint32_t)pBuffer[2U * i] << 16U) | (uint32_t)pBuffer[(2U * i) + 1U];
 200              		.loc 1 493 5 is_stmt 1 discriminator 3 view .LVU66
 201              		.loc 1 493 44 is_stmt 0 discriminator 3 view .LVU67
 202 000a 31F823C0 		ldrh	ip, [r1, r3, lsl #2]
 203              		.loc 1 493 80 discriminator 3 view .LVU68
 204 000e 01EB8304 		add	r4, r1, r3, lsl #2
 205 0012 6488     		ldrh	r4, [r4, #2]
 206              		.loc 1 493 61 discriminator 3 view .LVU69
 207 0014 44EA0C44 		orr	r4, r4, ip, lsl #16
 208              		.loc 1 493 24 discriminator 3 view .LVU70
 209 0018 0568     		ldr	r5, [r0]
 210 001a 2C60     		str	r4, [r5]
 491:Drivers/STM32F7xx_HAL_Driver/Src/stm32f7xx_hal_crc.c ****   {
 211              		.loc 1 491 42 is_stmt 1 discriminator 3 view .LVU71
 212 001c 0133     		adds	r3, r3, #1
 213              	.LVL18:
 491:Drivers/STM32F7xx_HAL_Driver/Src/stm32f7xx_hal_crc.c ****   {
 214              		.loc 1 491 18 discriminator 3 view .LVU72
 215 001e B3EB520F 		cmp	r3, r2, lsr #1
 216 0022 F2D3     		bcc	.L13
ARM GAS  /tmp/ccEVrnwV.s 			page 14


 494:Drivers/STM32F7xx_HAL_Driver/Src/stm32f7xx_hal_crc.c ****   }
 495:Drivers/STM32F7xx_HAL_Driver/Src/stm32f7xx_hal_crc.c ****   if ((BufferLength % 2U) != 0U)
 217              		.loc 1 495 3 view .LVU73
 218              		.loc 1 495 6 is_stmt 0 view .LVU74
 219 0024 12F0010F 		tst	r2, #1
 220 0028 03D0     		beq	.L14
 496:Drivers/STM32F7xx_HAL_Driver/Src/stm32f7xx_hal_crc.c ****   {
 497:Drivers/STM32F7xx_HAL_Driver/Src/stm32f7xx_hal_crc.c ****     pReg = (__IO uint16_t *)(__IO void *)(&hcrc->Instance->DR);                 /* Derogation Misra
 221              		.loc 1 497 5 is_stmt 1 view .LVU75
 222              		.loc 1 497 48 is_stmt 0 view .LVU76
 223 002a 0268     		ldr	r2, [r0]
 224              	.LVL19:
 498:Drivers/STM32F7xx_HAL_Driver/Src/stm32f7xx_hal_crc.c ****     *pReg = pBuffer[2U * i];
 225              		.loc 1 498 5 is_stmt 1 view .LVU77
 226              		.loc 1 498 20 is_stmt 0 view .LVU78
 227 002c 31F82330 		ldrh	r3, [r1, r3, lsl #2]
 228              	.LVL20:
 229              		.loc 1 498 11 view .LVU79
 230 0030 1380     		strh	r3, [r2]	@ movhi
 231              	.LVL21:
 232              	.L14:
 499:Drivers/STM32F7xx_HAL_Driver/Src/stm32f7xx_hal_crc.c ****   }
 500:Drivers/STM32F7xx_HAL_Driver/Src/stm32f7xx_hal_crc.c **** 
 501:Drivers/STM32F7xx_HAL_Driver/Src/stm32f7xx_hal_crc.c ****   /* Return the CRC computed value */
 502:Drivers/STM32F7xx_HAL_Driver/Src/stm32f7xx_hal_crc.c ****   return hcrc->Instance->DR;
 233              		.loc 1 502 3 is_stmt 1 view .LVU80
 234              		.loc 1 502 14 is_stmt 0 view .LVU81
 235 0032 0368     		ldr	r3, [r0]
 236              		.loc 1 502 24 view .LVU82
 237 0034 1868     		ldr	r0, [r3]
 238              	.LVL22:
 503:Drivers/STM32F7xx_HAL_Driver/Src/stm32f7xx_hal_crc.c **** }
 239              		.loc 1 503 1 view .LVU83
 240 0036 30BC     		pop	{r4, r5}
 241              	.LCFI2:
 242              		.cfi_restore 5
 243              		.cfi_restore 4
 244              		.cfi_def_cfa_offset 0
 245 0038 7047     		bx	lr
 246              	.LVL23:
 247              	.L21:
 495:Drivers/STM32F7xx_HAL_Driver/Src/stm32f7xx_hal_crc.c ****   {
 248              		.loc 1 495 3 is_stmt 1 view .LVU84
 495:Drivers/STM32F7xx_HAL_Driver/Src/stm32f7xx_hal_crc.c ****   {
 249              		.loc 1 495 6 is_stmt 0 view .LVU85
 250 003a 12F0010F 		tst	r2, #1
 251 003e 03D0     		beq	.L19
 497:Drivers/STM32F7xx_HAL_Driver/Src/stm32f7xx_hal_crc.c ****     *pReg = pBuffer[2U * i];
 252              		.loc 1 497 5 is_stmt 1 view .LVU86
 497:Drivers/STM32F7xx_HAL_Driver/Src/stm32f7xx_hal_crc.c ****     *pReg = pBuffer[2U * i];
 253              		.loc 1 497 48 is_stmt 0 view .LVU87
 254 0040 0268     		ldr	r2, [r0]
 255              	.LVL24:
 498:Drivers/STM32F7xx_HAL_Driver/Src/stm32f7xx_hal_crc.c ****   }
 256              		.loc 1 498 5 is_stmt 1 view .LVU88
 498:Drivers/STM32F7xx_HAL_Driver/Src/stm32f7xx_hal_crc.c ****   }
 257              		.loc 1 498 20 is_stmt 0 view .LVU89
ARM GAS  /tmp/ccEVrnwV.s 			page 15


 258 0042 31F82330 		ldrh	r3, [r1, r3, lsl #2]
 259              	.LVL25:
 498:Drivers/STM32F7xx_HAL_Driver/Src/stm32f7xx_hal_crc.c ****   }
 260              		.loc 1 498 11 view .LVU90
 261 0046 1380     		strh	r3, [r2]	@ movhi
 262              	.LVL26:
 263              	.L19:
 502:Drivers/STM32F7xx_HAL_Driver/Src/stm32f7xx_hal_crc.c **** }
 264              		.loc 1 502 3 is_stmt 1 view .LVU91
 502:Drivers/STM32F7xx_HAL_Driver/Src/stm32f7xx_hal_crc.c **** }
 265              		.loc 1 502 14 is_stmt 0 view .LVU92
 266 0048 0368     		ldr	r3, [r0]
 502:Drivers/STM32F7xx_HAL_Driver/Src/stm32f7xx_hal_crc.c **** }
 267              		.loc 1 502 24 view .LVU93
 268 004a 1868     		ldr	r0, [r3]
 269              	.LVL27:
 270              		.loc 1 503 1 view .LVU94
 271 004c 7047     		bx	lr
 272              		.cfi_endproc
 273              	.LFE149:
 275              		.section	.text.HAL_CRC_MspInit,"ax",%progbits
 276              		.align	1
 277              		.weak	HAL_CRC_MspInit
 278              		.syntax unified
 279              		.thumb
 280              		.thumb_func
 282              	HAL_CRC_MspInit:
 283              	.LVL28:
 284              	.LFB143:
 224:Drivers/STM32F7xx_HAL_Driver/Src/stm32f7xx_hal_crc.c ****   /* Prevent unused argument(s) compilation warning */
 285              		.loc 1 224 1 is_stmt 1 view -0
 286              		.cfi_startproc
 287              		@ args = 0, pretend = 0, frame = 0
 288              		@ frame_needed = 0, uses_anonymous_args = 0
 289              		@ link register save eliminated.
 226:Drivers/STM32F7xx_HAL_Driver/Src/stm32f7xx_hal_crc.c **** 
 290              		.loc 1 226 3 view .LVU96
 231:Drivers/STM32F7xx_HAL_Driver/Src/stm32f7xx_hal_crc.c **** 
 291              		.loc 1 231 1 is_stmt 0 view .LVU97
 292 0000 7047     		bx	lr
 293              		.cfi_endproc
 294              	.LFE143:
 296              		.section	.text.HAL_CRC_Init,"ax",%progbits
 297              		.align	1
 298              		.global	HAL_CRC_Init
 299              		.syntax unified
 300              		.thumb
 301              		.thumb_func
 303              	HAL_CRC_Init:
 304              	.LVL29:
 305              	.LFB141:
 104:Drivers/STM32F7xx_HAL_Driver/Src/stm32f7xx_hal_crc.c ****   /* Check the CRC handle allocation */
 306              		.loc 1 104 1 is_stmt 1 view -0
 307              		.cfi_startproc
 308              		@ args = 0, pretend = 0, frame = 0
 309              		@ frame_needed = 0, uses_anonymous_args = 0
 106:Drivers/STM32F7xx_HAL_Driver/Src/stm32f7xx_hal_crc.c ****   {
ARM GAS  /tmp/ccEVrnwV.s 			page 16


 310              		.loc 1 106 3 view .LVU99
 106:Drivers/STM32F7xx_HAL_Driver/Src/stm32f7xx_hal_crc.c ****   {
 311              		.loc 1 106 6 is_stmt 0 view .LVU100
 312 0000 0028     		cmp	r0, #0
 313 0002 38D0     		beq	.L30
 104:Drivers/STM32F7xx_HAL_Driver/Src/stm32f7xx_hal_crc.c ****   /* Check the CRC handle allocation */
 314              		.loc 1 104 1 view .LVU101
 315 0004 10B5     		push	{r4, lr}
 316              	.LCFI3:
 317              		.cfi_def_cfa_offset 8
 318              		.cfi_offset 4, -8
 319              		.cfi_offset 14, -4
 320 0006 0446     		mov	r4, r0
 112:Drivers/STM32F7xx_HAL_Driver/Src/stm32f7xx_hal_crc.c **** 
 321              		.loc 1 112 3 is_stmt 1 view .LVU102
 114:Drivers/STM32F7xx_HAL_Driver/Src/stm32f7xx_hal_crc.c ****   {
 322              		.loc 1 114 3 view .LVU103
 114:Drivers/STM32F7xx_HAL_Driver/Src/stm32f7xx_hal_crc.c ****   {
 323              		.loc 1 114 11 is_stmt 0 view .LVU104
 324 0008 437F     		ldrb	r3, [r0, #29]	@ zero_extendqisi2
 114:Drivers/STM32F7xx_HAL_Driver/Src/stm32f7xx_hal_crc.c ****   {
 325              		.loc 1 114 6 view .LVU105
 326 000a 1BB3     		cbz	r3, .L36
 327              	.LVL30:
 328              	.L25:
 122:Drivers/STM32F7xx_HAL_Driver/Src/stm32f7xx_hal_crc.c **** 
 329              		.loc 1 122 3 is_stmt 1 view .LVU106
 122:Drivers/STM32F7xx_HAL_Driver/Src/stm32f7xx_hal_crc.c **** 
 330              		.loc 1 122 15 is_stmt 0 view .LVU107
 331 000c 0223     		movs	r3, #2
 332 000e 6377     		strb	r3, [r4, #29]
 126:Drivers/STM32F7xx_HAL_Driver/Src/stm32f7xx_hal_crc.c ****   if (hcrc->Init.DefaultPolynomialUse == DEFAULT_POLYNOMIAL_ENABLE)
 333              		.loc 1 126 3 is_stmt 1 view .LVU108
 127:Drivers/STM32F7xx_HAL_Driver/Src/stm32f7xx_hal_crc.c ****   {
 334              		.loc 1 127 3 view .LVU109
 127:Drivers/STM32F7xx_HAL_Driver/Src/stm32f7xx_hal_crc.c ****   {
 335              		.loc 1 127 17 is_stmt 0 view .LVU110
 336 0010 2379     		ldrb	r3, [r4, #4]	@ zero_extendqisi2
 127:Drivers/STM32F7xx_HAL_Driver/Src/stm32f7xx_hal_crc.c ****   {
 337              		.loc 1 127 6 view .LVU111
 338 0012 1BBB     		cbnz	r3, .L26
 130:Drivers/STM32F7xx_HAL_Driver/Src/stm32f7xx_hal_crc.c ****     MODIFY_REG(hcrc->Instance->CR, CRC_CR_POLYSIZE, CRC_POLYLENGTH_32B);
 339              		.loc 1 130 5 is_stmt 1 view .LVU112
 340 0014 2368     		ldr	r3, [r4]
 341 0016 194A     		ldr	r2, .L37
 342 0018 5A61     		str	r2, [r3, #20]
 131:Drivers/STM32F7xx_HAL_Driver/Src/stm32f7xx_hal_crc.c ****   }
 343              		.loc 1 131 5 view .LVU113
 344 001a 2268     		ldr	r2, [r4]
 345 001c 9368     		ldr	r3, [r2, #8]
 346 001e 23F01803 		bic	r3, r3, #24
 347 0022 9360     		str	r3, [r2, #8]
 348              	.L27:
 144:Drivers/STM32F7xx_HAL_Driver/Src/stm32f7xx_hal_crc.c ****   if (hcrc->Init.DefaultInitValueUse == DEFAULT_INIT_VALUE_ENABLE)
 349              		.loc 1 144 3 view .LVU114
 145:Drivers/STM32F7xx_HAL_Driver/Src/stm32f7xx_hal_crc.c ****   {
 350              		.loc 1 145 3 view .LVU115
ARM GAS  /tmp/ccEVrnwV.s 			page 17


 145:Drivers/STM32F7xx_HAL_Driver/Src/stm32f7xx_hal_crc.c ****   {
 351              		.loc 1 145 17 is_stmt 0 view .LVU116
 352 0024 6379     		ldrb	r3, [r4, #5]	@ zero_extendqisi2
 145:Drivers/STM32F7xx_HAL_Driver/Src/stm32f7xx_hal_crc.c ****   {
 353              		.loc 1 145 6 view .LVU117
 354 0026 13BB     		cbnz	r3, .L28
 147:Drivers/STM32F7xx_HAL_Driver/Src/stm32f7xx_hal_crc.c ****   }
 355              		.loc 1 147 5 is_stmt 1 view .LVU118
 356 0028 2368     		ldr	r3, [r4]
 357 002a 4FF0FF32 		mov	r2, #-1
 358 002e 1A61     		str	r2, [r3, #16]
 359              	.L29:
 156:Drivers/STM32F7xx_HAL_Driver/Src/stm32f7xx_hal_crc.c ****   MODIFY_REG(hcrc->Instance->CR, CRC_CR_REV_IN, hcrc->Init.InputDataInversionMode);
 360              		.loc 1 156 3 view .LVU119
 157:Drivers/STM32F7xx_HAL_Driver/Src/stm32f7xx_hal_crc.c **** 
 361              		.loc 1 157 3 view .LVU120
 362 0030 2268     		ldr	r2, [r4]
 363 0032 9368     		ldr	r3, [r2, #8]
 364 0034 23F06003 		bic	r3, r3, #96
 365 0038 6169     		ldr	r1, [r4, #20]
 366 003a 0B43     		orrs	r3, r3, r1
 367 003c 9360     		str	r3, [r2, #8]
 160:Drivers/STM32F7xx_HAL_Driver/Src/stm32f7xx_hal_crc.c ****   MODIFY_REG(hcrc->Instance->CR, CRC_CR_REV_OUT, hcrc->Init.OutputDataInversionMode);
 368              		.loc 1 160 3 view .LVU121
 161:Drivers/STM32F7xx_HAL_Driver/Src/stm32f7xx_hal_crc.c **** 
 369              		.loc 1 161 3 view .LVU122
 370 003e 2268     		ldr	r2, [r4]
 371 0040 9368     		ldr	r3, [r2, #8]
 372 0042 23F08003 		bic	r3, r3, #128
 373 0046 A169     		ldr	r1, [r4, #24]
 374 0048 0B43     		orrs	r3, r3, r1
 375 004a 9360     		str	r3, [r2, #8]
 165:Drivers/STM32F7xx_HAL_Driver/Src/stm32f7xx_hal_crc.c **** 
 376              		.loc 1 165 3 view .LVU123
 168:Drivers/STM32F7xx_HAL_Driver/Src/stm32f7xx_hal_crc.c **** 
 377              		.loc 1 168 3 view .LVU124
 168:Drivers/STM32F7xx_HAL_Driver/Src/stm32f7xx_hal_crc.c **** 
 378              		.loc 1 168 15 is_stmt 0 view .LVU125
 379 004c 0123     		movs	r3, #1
 380 004e 6377     		strb	r3, [r4, #29]
 171:Drivers/STM32F7xx_HAL_Driver/Src/stm32f7xx_hal_crc.c **** }
 381              		.loc 1 171 3 is_stmt 1 view .LVU126
 171:Drivers/STM32F7xx_HAL_Driver/Src/stm32f7xx_hal_crc.c **** }
 382              		.loc 1 171 10 is_stmt 0 view .LVU127
 383 0050 0020     		movs	r0, #0
 384              	.L24:
 172:Drivers/STM32F7xx_HAL_Driver/Src/stm32f7xx_hal_crc.c **** 
 385              		.loc 1 172 1 view .LVU128
 386 0052 10BD     		pop	{r4, pc}
 387              	.LVL31:
 388              	.L36:
 117:Drivers/STM32F7xx_HAL_Driver/Src/stm32f7xx_hal_crc.c ****     /* Init the low level hardware */
 389              		.loc 1 117 5 is_stmt 1 view .LVU129
 117:Drivers/STM32F7xx_HAL_Driver/Src/stm32f7xx_hal_crc.c ****     /* Init the low level hardware */
 390              		.loc 1 117 16 is_stmt 0 view .LVU130
 391 0054 0377     		strb	r3, [r0, #28]
 119:Drivers/STM32F7xx_HAL_Driver/Src/stm32f7xx_hal_crc.c ****   }
ARM GAS  /tmp/ccEVrnwV.s 			page 18


 392              		.loc 1 119 5 is_stmt 1 view .LVU131
 393 0056 FFF7FEFF 		bl	HAL_CRC_MspInit
 394              	.LVL32:
 119:Drivers/STM32F7xx_HAL_Driver/Src/stm32f7xx_hal_crc.c ****   }
 395              		.loc 1 119 5 is_stmt 0 view .LVU132
 396 005a D7E7     		b	.L25
 397              	.L26:
 136:Drivers/STM32F7xx_HAL_Driver/Src/stm32f7xx_hal_crc.c ****     {
 398              		.loc 1 136 5 is_stmt 1 view .LVU133
 136:Drivers/STM32F7xx_HAL_Driver/Src/stm32f7xx_hal_crc.c ****     {
 399              		.loc 1 136 9 is_stmt 0 view .LVU134
 400 005c E268     		ldr	r2, [r4, #12]
 401 005e A168     		ldr	r1, [r4, #8]
 402 0060 2046     		mov	r0, r4
 403 0062 FFF7FEFF 		bl	HAL_CRCEx_Polynomial_Set
 404              	.LVL33:
 136:Drivers/STM32F7xx_HAL_Driver/Src/stm32f7xx_hal_crc.c ****     {
 405              		.loc 1 136 8 view .LVU135
 406 0066 0028     		cmp	r0, #0
 407 0068 DCD0     		beq	.L27
 138:Drivers/STM32F7xx_HAL_Driver/Src/stm32f7xx_hal_crc.c ****     }
 408              		.loc 1 138 14 view .LVU136
 409 006a 0120     		movs	r0, #1
 410 006c F1E7     		b	.L24
 411              	.L28:
 151:Drivers/STM32F7xx_HAL_Driver/Src/stm32f7xx_hal_crc.c ****   }
 412              		.loc 1 151 5 is_stmt 1 view .LVU137
 413 006e 2368     		ldr	r3, [r4]
 414 0070 2269     		ldr	r2, [r4, #16]
 415 0072 1A61     		str	r2, [r3, #16]
 416 0074 DCE7     		b	.L29
 417              	.LVL34:
 418              	.L30:
 419              	.LCFI4:
 420              		.cfi_def_cfa_offset 0
 421              		.cfi_restore 4
 422              		.cfi_restore 14
 108:Drivers/STM32F7xx_HAL_Driver/Src/stm32f7xx_hal_crc.c ****   }
 423              		.loc 1 108 12 is_stmt 0 view .LVU138
 424 0076 0120     		movs	r0, #1
 425              	.LVL35:
 172:Drivers/STM32F7xx_HAL_Driver/Src/stm32f7xx_hal_crc.c **** 
 426              		.loc 1 172 1 view .LVU139
 427 0078 7047     		bx	lr
 428              	.L38:
 429 007a 00BF     		.align	2
 430              	.L37:
 431 007c B71DC104 		.word	79764919
 432              		.cfi_endproc
 433              	.LFE141:
 435              		.section	.text.HAL_CRC_MspDeInit,"ax",%progbits
 436              		.align	1
 437              		.weak	HAL_CRC_MspDeInit
 438              		.syntax unified
 439              		.thumb
 440              		.thumb_func
 442              	HAL_CRC_MspDeInit:
ARM GAS  /tmp/ccEVrnwV.s 			page 19


 443              	.LVL36:
 444              	.LFB144:
 239:Drivers/STM32F7xx_HAL_Driver/Src/stm32f7xx_hal_crc.c ****   /* Prevent unused argument(s) compilation warning */
 445              		.loc 1 239 1 is_stmt 1 view -0
 446              		.cfi_startproc
 447              		@ args = 0, pretend = 0, frame = 0
 448              		@ frame_needed = 0, uses_anonymous_args = 0
 449              		@ link register save eliminated.
 241:Drivers/STM32F7xx_HAL_Driver/Src/stm32f7xx_hal_crc.c **** 
 450              		.loc 1 241 3 view .LVU141
 246:Drivers/STM32F7xx_HAL_Driver/Src/stm32f7xx_hal_crc.c **** 
 451              		.loc 1 246 1 is_stmt 0 view .LVU142
 452 0000 7047     		bx	lr
 453              		.cfi_endproc
 454              	.LFE144:
 456              		.section	.text.HAL_CRC_DeInit,"ax",%progbits
 457              		.align	1
 458              		.global	HAL_CRC_DeInit
 459              		.syntax unified
 460              		.thumb
 461              		.thumb_func
 463              	HAL_CRC_DeInit:
 464              	.LVL37:
 465              	.LFB142:
 180:Drivers/STM32F7xx_HAL_Driver/Src/stm32f7xx_hal_crc.c ****   /* Check the CRC handle allocation */
 466              		.loc 1 180 1 is_stmt 1 view -0
 467              		.cfi_startproc
 468              		@ args = 0, pretend = 0, frame = 0
 469              		@ frame_needed = 0, uses_anonymous_args = 0
 182:Drivers/STM32F7xx_HAL_Driver/Src/stm32f7xx_hal_crc.c ****   {
 470              		.loc 1 182 3 view .LVU144
 182:Drivers/STM32F7xx_HAL_Driver/Src/stm32f7xx_hal_crc.c ****   {
 471              		.loc 1 182 6 is_stmt 0 view .LVU145
 472 0000 B8B1     		cbz	r0, .L42
 180:Drivers/STM32F7xx_HAL_Driver/Src/stm32f7xx_hal_crc.c ****   /* Check the CRC handle allocation */
 473              		.loc 1 180 1 view .LVU146
 474 0002 38B5     		push	{r3, r4, r5, lr}
 475              	.LCFI5:
 476              		.cfi_def_cfa_offset 16
 477              		.cfi_offset 3, -16
 478              		.cfi_offset 4, -12
 479              		.cfi_offset 5, -8
 480              		.cfi_offset 14, -4
 481 0004 0546     		mov	r5, r0
 188:Drivers/STM32F7xx_HAL_Driver/Src/stm32f7xx_hal_crc.c **** 
 482              		.loc 1 188 3 is_stmt 1 view .LVU147
 191:Drivers/STM32F7xx_HAL_Driver/Src/stm32f7xx_hal_crc.c ****   {
 483              		.loc 1 191 3 view .LVU148
 191:Drivers/STM32F7xx_HAL_Driver/Src/stm32f7xx_hal_crc.c ****   {
 484              		.loc 1 191 11 is_stmt 0 view .LVU149
 485 0006 407F     		ldrb	r0, [r0, #29]	@ zero_extendqisi2
 486              	.LVL38:
 191:Drivers/STM32F7xx_HAL_Driver/Src/stm32f7xx_hal_crc.c ****   {
 487              		.loc 1 191 11 view .LVU150
 488 0008 C0B2     		uxtb	r0, r0
 191:Drivers/STM32F7xx_HAL_Driver/Src/stm32f7xx_hal_crc.c ****   {
 489              		.loc 1 191 6 view .LVU151
ARM GAS  /tmp/ccEVrnwV.s 			page 20


 490 000a 0228     		cmp	r0, #2
 491 000c 10D0     		beq	.L41
 197:Drivers/STM32F7xx_HAL_Driver/Src/stm32f7xx_hal_crc.c **** 
 492              		.loc 1 197 3 is_stmt 1 view .LVU152
 197:Drivers/STM32F7xx_HAL_Driver/Src/stm32f7xx_hal_crc.c **** 
 493              		.loc 1 197 15 is_stmt 0 view .LVU153
 494 000e 0223     		movs	r3, #2
 495 0010 6B77     		strb	r3, [r5, #29]
 200:Drivers/STM32F7xx_HAL_Driver/Src/stm32f7xx_hal_crc.c **** 
 496              		.loc 1 200 3 is_stmt 1 view .LVU154
 497 0012 2A68     		ldr	r2, [r5]
 498 0014 9368     		ldr	r3, [r2, #8]
 499 0016 43F00103 		orr	r3, r3, #1
 500 001a 9360     		str	r3, [r2, #8]
 203:Drivers/STM32F7xx_HAL_Driver/Src/stm32f7xx_hal_crc.c **** 
 501              		.loc 1 203 3 view .LVU155
 502 001c 2B68     		ldr	r3, [r5]
 503 001e 1A79     		ldrb	r2, [r3, #4]	@ zero_extendqisi2
 504 0020 0024     		movs	r4, #0
 505 0022 1C71     		strb	r4, [r3, #4]
 206:Drivers/STM32F7xx_HAL_Driver/Src/stm32f7xx_hal_crc.c **** 
 506              		.loc 1 206 3 view .LVU156
 507 0024 2846     		mov	r0, r5
 508 0026 FFF7FEFF 		bl	HAL_CRC_MspDeInit
 509              	.LVL39:
 209:Drivers/STM32F7xx_HAL_Driver/Src/stm32f7xx_hal_crc.c **** 
 510              		.loc 1 209 3 view .LVU157
 209:Drivers/STM32F7xx_HAL_Driver/Src/stm32f7xx_hal_crc.c **** 
 511              		.loc 1 209 15 is_stmt 0 view .LVU158
 512 002a 6C77     		strb	r4, [r5, #29]
 212:Drivers/STM32F7xx_HAL_Driver/Src/stm32f7xx_hal_crc.c **** 
 513              		.loc 1 212 3 is_stmt 1 view .LVU159
 212:Drivers/STM32F7xx_HAL_Driver/Src/stm32f7xx_hal_crc.c **** 
 514              		.loc 1 212 3 view .LVU160
 515 002c 2C77     		strb	r4, [r5, #28]
 212:Drivers/STM32F7xx_HAL_Driver/Src/stm32f7xx_hal_crc.c **** 
 516              		.loc 1 212 3 view .LVU161
 215:Drivers/STM32F7xx_HAL_Driver/Src/stm32f7xx_hal_crc.c **** }
 517              		.loc 1 215 3 view .LVU162
 215:Drivers/STM32F7xx_HAL_Driver/Src/stm32f7xx_hal_crc.c **** }
 518              		.loc 1 215 10 is_stmt 0 view .LVU163
 519 002e 2046     		mov	r0, r4
 520              	.L41:
 216:Drivers/STM32F7xx_HAL_Driver/Src/stm32f7xx_hal_crc.c **** 
 521              		.loc 1 216 1 view .LVU164
 522 0030 38BD     		pop	{r3, r4, r5, pc}
 523              	.LVL40:
 524              	.L42:
 525              	.LCFI6:
 526              		.cfi_def_cfa_offset 0
 527              		.cfi_restore 3
 528              		.cfi_restore 4
 529              		.cfi_restore 5
 530              		.cfi_restore 14
 184:Drivers/STM32F7xx_HAL_Driver/Src/stm32f7xx_hal_crc.c ****   }
 531              		.loc 1 184 12 view .LVU165
 532 0032 0120     		movs	r0, #1
ARM GAS  /tmp/ccEVrnwV.s 			page 21


 533              	.LVL41:
 216:Drivers/STM32F7xx_HAL_Driver/Src/stm32f7xx_hal_crc.c **** 
 534              		.loc 1 216 1 view .LVU166
 535 0034 7047     		bx	lr
 536              		.cfi_endproc
 537              	.LFE142:
 539              		.section	.text.HAL_CRC_Accumulate,"ax",%progbits
 540              		.align	1
 541              		.global	HAL_CRC_Accumulate
 542              		.syntax unified
 543              		.thumb
 544              		.thumb_func
 546              	HAL_CRC_Accumulate:
 547              	.LVL42:
 548              	.LFB145:
 288:Drivers/STM32F7xx_HAL_Driver/Src/stm32f7xx_hal_crc.c ****   uint32_t index;      /* CRC input data buffer index */
 549              		.loc 1 288 1 is_stmt 1 view -0
 550              		.cfi_startproc
 551              		@ args = 0, pretend = 0, frame = 0
 552              		@ frame_needed = 0, uses_anonymous_args = 0
 288:Drivers/STM32F7xx_HAL_Driver/Src/stm32f7xx_hal_crc.c ****   uint32_t index;      /* CRC input data buffer index */
 553              		.loc 1 288 1 is_stmt 0 view .LVU168
 554 0000 38B5     		push	{r3, r4, r5, lr}
 555              	.LCFI7:
 556              		.cfi_def_cfa_offset 16
 557              		.cfi_offset 3, -16
 558              		.cfi_offset 4, -12
 559              		.cfi_offset 5, -8
 560              		.cfi_offset 14, -4
 561 0002 0446     		mov	r4, r0
 289:Drivers/STM32F7xx_HAL_Driver/Src/stm32f7xx_hal_crc.c ****   uint32_t temp = 0U;  /* CRC output (read from hcrc->Instance->DR register) */
 562              		.loc 1 289 3 is_stmt 1 view .LVU169
 290:Drivers/STM32F7xx_HAL_Driver/Src/stm32f7xx_hal_crc.c **** 
 563              		.loc 1 290 3 view .LVU170
 564              	.LVL43:
 293:Drivers/STM32F7xx_HAL_Driver/Src/stm32f7xx_hal_crc.c **** 
 565              		.loc 1 293 3 view .LVU171
 293:Drivers/STM32F7xx_HAL_Driver/Src/stm32f7xx_hal_crc.c **** 
 566              		.loc 1 293 15 is_stmt 0 view .LVU172
 567 0004 0223     		movs	r3, #2
 568 0006 4377     		strb	r3, [r0, #29]
 295:Drivers/STM32F7xx_HAL_Driver/Src/stm32f7xx_hal_crc.c ****   {
 569              		.loc 1 295 3 is_stmt 1 view .LVU173
 295:Drivers/STM32F7xx_HAL_Driver/Src/stm32f7xx_hal_crc.c ****   {
 570              		.loc 1 295 15 is_stmt 0 view .LVU174
 571 0008 036A     		ldr	r3, [r0, #32]
 295:Drivers/STM32F7xx_HAL_Driver/Src/stm32f7xx_hal_crc.c ****   {
 572              		.loc 1 295 3 view .LVU175
 573 000a 022B     		cmp	r3, #2
 574 000c 16D0     		beq	.L48
 575 000e 032B     		cmp	r3, #3
 576 0010 0FD0     		beq	.L53
 577 0012 012B     		cmp	r3, #1
 578 0014 0FD0     		beq	.L50
 579 0016 0020     		movs	r0, #0
 580              	.LVL44:
 581              	.L51:
ARM GAS  /tmp/ccEVrnwV.s 			page 22


 318:Drivers/STM32F7xx_HAL_Driver/Src/stm32f7xx_hal_crc.c **** 
 582              		.loc 1 318 3 is_stmt 1 view .LVU176
 318:Drivers/STM32F7xx_HAL_Driver/Src/stm32f7xx_hal_crc.c **** 
 583              		.loc 1 318 15 is_stmt 0 view .LVU177
 584 0018 0123     		movs	r3, #1
 585 001a 6377     		strb	r3, [r4, #29]
 321:Drivers/STM32F7xx_HAL_Driver/Src/stm32f7xx_hal_crc.c **** }
 586              		.loc 1 321 3 is_stmt 1 view .LVU178
 322:Drivers/STM32F7xx_HAL_Driver/Src/stm32f7xx_hal_crc.c **** 
 587              		.loc 1 322 1 is_stmt 0 view .LVU179
 588 001c 38BD     		pop	{r3, r4, r5, pc}
 589              	.LVL45:
 590              	.L52:
 301:Drivers/STM32F7xx_HAL_Driver/Src/stm32f7xx_hal_crc.c ****       }
 591              		.loc 1 301 9 is_stmt 1 discriminator 3 view .LVU180
 301:Drivers/STM32F7xx_HAL_Driver/Src/stm32f7xx_hal_crc.c ****       }
 592              		.loc 1 301 13 is_stmt 0 discriminator 3 view .LVU181
 593 001e 2068     		ldr	r0, [r4]
 301:Drivers/STM32F7xx_HAL_Driver/Src/stm32f7xx_hal_crc.c ****       }
 594              		.loc 1 301 28 discriminator 3 view .LVU182
 595 0020 51F82350 		ldr	r5, [r1, r3, lsl #2]
 596 0024 0560     		str	r5, [r0]
 299:Drivers/STM32F7xx_HAL_Driver/Src/stm32f7xx_hal_crc.c ****       {
 597              		.loc 1 299 51 is_stmt 1 discriminator 3 view .LVU183
 598 0026 0133     		adds	r3, r3, #1
 599              	.LVL46:
 600              	.L49:
 299:Drivers/STM32F7xx_HAL_Driver/Src/stm32f7xx_hal_crc.c ****       {
 601              		.loc 1 299 30 discriminator 1 view .LVU184
 602 0028 9342     		cmp	r3, r2
 603 002a F8D3     		bcc	.L52
 303:Drivers/STM32F7xx_HAL_Driver/Src/stm32f7xx_hal_crc.c ****       break;
 604              		.loc 1 303 7 view .LVU185
 303:Drivers/STM32F7xx_HAL_Driver/Src/stm32f7xx_hal_crc.c ****       break;
 605              		.loc 1 303 18 is_stmt 0 view .LVU186
 606 002c 2368     		ldr	r3, [r4]
 607              	.LVL47:
 303:Drivers/STM32F7xx_HAL_Driver/Src/stm32f7xx_hal_crc.c ****       break;
 608              		.loc 1 303 12 view .LVU187
 609 002e 1868     		ldr	r0, [r3]
 610              	.LVL48:
 304:Drivers/STM32F7xx_HAL_Driver/Src/stm32f7xx_hal_crc.c **** 
 611              		.loc 1 304 7 is_stmt 1 view .LVU188
 612 0030 F2E7     		b	.L51
 613              	.LVL49:
 614              	.L53:
 295:Drivers/STM32F7xx_HAL_Driver/Src/stm32f7xx_hal_crc.c ****   {
 615              		.loc 1 295 3 is_stmt 0 view .LVU189
 616 0032 0023     		movs	r3, #0
 617 0034 F8E7     		b	.L49
 618              	.L50:
 307:Drivers/STM32F7xx_HAL_Driver/Src/stm32f7xx_hal_crc.c ****       break;
 619              		.loc 1 307 7 is_stmt 1 view .LVU190
 307:Drivers/STM32F7xx_HAL_Driver/Src/stm32f7xx_hal_crc.c ****       break;
 620              		.loc 1 307 14 is_stmt 0 view .LVU191
 621 0036 FFF7FEFF 		bl	CRC_Handle_8
 622              	.LVL50:
ARM GAS  /tmp/ccEVrnwV.s 			page 23


 308:Drivers/STM32F7xx_HAL_Driver/Src/stm32f7xx_hal_crc.c **** 
 623              		.loc 1 308 7 is_stmt 1 view .LVU192
 624 003a EDE7     		b	.L51
 625              	.LVL51:
 626              	.L48:
 311:Drivers/STM32F7xx_HAL_Driver/Src/stm32f7xx_hal_crc.c ****       break;
 627              		.loc 1 311 7 view .LVU193
 311:Drivers/STM32F7xx_HAL_Driver/Src/stm32f7xx_hal_crc.c ****       break;
 628              		.loc 1 311 14 is_stmt 0 view .LVU194
 629 003c FFF7FEFF 		bl	CRC_Handle_16
 630              	.LVL52:
 312:Drivers/STM32F7xx_HAL_Driver/Src/stm32f7xx_hal_crc.c ****     default:
 631              		.loc 1 312 7 is_stmt 1 view .LVU195
 632 0040 EAE7     		b	.L51
 633              		.cfi_endproc
 634              	.LFE145:
 636              		.section	.text.HAL_CRC_Calculate,"ax",%progbits
 637              		.align	1
 638              		.global	HAL_CRC_Calculate
 639              		.syntax unified
 640              		.thumb
 641              		.thumb_func
 643              	HAL_CRC_Calculate:
 644              	.LVL53:
 645              	.LFB146:
 340:Drivers/STM32F7xx_HAL_Driver/Src/stm32f7xx_hal_crc.c ****   uint32_t index;      /* CRC input data buffer index */
 646              		.loc 1 340 1 view -0
 647              		.cfi_startproc
 648              		@ args = 0, pretend = 0, frame = 0
 649              		@ frame_needed = 0, uses_anonymous_args = 0
 340:Drivers/STM32F7xx_HAL_Driver/Src/stm32f7xx_hal_crc.c ****   uint32_t index;      /* CRC input data buffer index */
 650              		.loc 1 340 1 is_stmt 0 view .LVU197
 651 0000 38B5     		push	{r3, r4, r5, lr}
 652              	.LCFI8:
 653              		.cfi_def_cfa_offset 16
 654              		.cfi_offset 3, -16
 655              		.cfi_offset 4, -12
 656              		.cfi_offset 5, -8
 657              		.cfi_offset 14, -4
 658 0002 0446     		mov	r4, r0
 341:Drivers/STM32F7xx_HAL_Driver/Src/stm32f7xx_hal_crc.c ****   uint32_t temp = 0U;  /* CRC output (read from hcrc->Instance->DR register) */
 659              		.loc 1 341 3 is_stmt 1 view .LVU198
 342:Drivers/STM32F7xx_HAL_Driver/Src/stm32f7xx_hal_crc.c **** 
 660              		.loc 1 342 3 view .LVU199
 661              	.LVL54:
 345:Drivers/STM32F7xx_HAL_Driver/Src/stm32f7xx_hal_crc.c **** 
 662              		.loc 1 345 3 view .LVU200
 345:Drivers/STM32F7xx_HAL_Driver/Src/stm32f7xx_hal_crc.c **** 
 663              		.loc 1 345 15 is_stmt 0 view .LVU201
 664 0004 0223     		movs	r3, #2
 665 0006 4377     		strb	r3, [r0, #29]
 349:Drivers/STM32F7xx_HAL_Driver/Src/stm32f7xx_hal_crc.c **** 
 666              		.loc 1 349 3 is_stmt 1 view .LVU202
 667 0008 0068     		ldr	r0, [r0]
 668              	.LVL55:
 349:Drivers/STM32F7xx_HAL_Driver/Src/stm32f7xx_hal_crc.c **** 
 669              		.loc 1 349 3 is_stmt 0 view .LVU203
ARM GAS  /tmp/ccEVrnwV.s 			page 24


 670 000a 8368     		ldr	r3, [r0, #8]
 671 000c 43F00103 		orr	r3, r3, #1
 672 0010 8360     		str	r3, [r0, #8]
 351:Drivers/STM32F7xx_HAL_Driver/Src/stm32f7xx_hal_crc.c ****   {
 673              		.loc 1 351 3 is_stmt 1 view .LVU204
 351:Drivers/STM32F7xx_HAL_Driver/Src/stm32f7xx_hal_crc.c ****   {
 674              		.loc 1 351 15 is_stmt 0 view .LVU205
 675 0012 236A     		ldr	r3, [r4, #32]
 351:Drivers/STM32F7xx_HAL_Driver/Src/stm32f7xx_hal_crc.c ****   {
 676              		.loc 1 351 3 view .LVU206
 677 0014 022B     		cmp	r3, #2
 678 0016 17D0     		beq	.L56
 679 0018 032B     		cmp	r3, #3
 680 001a 0FD0     		beq	.L61
 681 001c 012B     		cmp	r3, #1
 682 001e 0FD0     		beq	.L58
 683 0020 0020     		movs	r0, #0
 684              	.LVL56:
 685              	.L59:
 377:Drivers/STM32F7xx_HAL_Driver/Src/stm32f7xx_hal_crc.c **** 
 686              		.loc 1 377 3 is_stmt 1 view .LVU207
 377:Drivers/STM32F7xx_HAL_Driver/Src/stm32f7xx_hal_crc.c **** 
 687              		.loc 1 377 15 is_stmt 0 view .LVU208
 688 0022 0123     		movs	r3, #1
 689 0024 6377     		strb	r3, [r4, #29]
 380:Drivers/STM32F7xx_HAL_Driver/Src/stm32f7xx_hal_crc.c **** }
 690              		.loc 1 380 3 is_stmt 1 view .LVU209
 381:Drivers/STM32F7xx_HAL_Driver/Src/stm32f7xx_hal_crc.c **** 
 691              		.loc 1 381 1 is_stmt 0 view .LVU210
 692 0026 38BD     		pop	{r3, r4, r5, pc}
 693              	.LVL57:
 694              	.L60:
 357:Drivers/STM32F7xx_HAL_Driver/Src/stm32f7xx_hal_crc.c ****       }
 695              		.loc 1 357 9 is_stmt 1 discriminator 3 view .LVU211
 357:Drivers/STM32F7xx_HAL_Driver/Src/stm32f7xx_hal_crc.c ****       }
 696              		.loc 1 357 13 is_stmt 0 discriminator 3 view .LVU212
 697 0028 2068     		ldr	r0, [r4]
 357:Drivers/STM32F7xx_HAL_Driver/Src/stm32f7xx_hal_crc.c ****       }
 698              		.loc 1 357 28 discriminator 3 view .LVU213
 699 002a 51F82350 		ldr	r5, [r1, r3, lsl #2]
 700 002e 0560     		str	r5, [r0]
 355:Drivers/STM32F7xx_HAL_Driver/Src/stm32f7xx_hal_crc.c ****       {
 701              		.loc 1 355 51 is_stmt 1 discriminator 3 view .LVU214
 702 0030 0133     		adds	r3, r3, #1
 703              	.LVL58:
 704              	.L57:
 355:Drivers/STM32F7xx_HAL_Driver/Src/stm32f7xx_hal_crc.c ****       {
 705              		.loc 1 355 30 discriminator 1 view .LVU215
 706 0032 9342     		cmp	r3, r2
 707 0034 F8D3     		bcc	.L60
 359:Drivers/STM32F7xx_HAL_Driver/Src/stm32f7xx_hal_crc.c ****       break;
 708              		.loc 1 359 7 view .LVU216
 359:Drivers/STM32F7xx_HAL_Driver/Src/stm32f7xx_hal_crc.c ****       break;
 709              		.loc 1 359 18 is_stmt 0 view .LVU217
 710 0036 2368     		ldr	r3, [r4]
 711              	.LVL59:
 359:Drivers/STM32F7xx_HAL_Driver/Src/stm32f7xx_hal_crc.c ****       break;
ARM GAS  /tmp/ccEVrnwV.s 			page 25


 712              		.loc 1 359 12 view .LVU218
 713 0038 1868     		ldr	r0, [r3]
 714              	.LVL60:
 360:Drivers/STM32F7xx_HAL_Driver/Src/stm32f7xx_hal_crc.c **** 
 715              		.loc 1 360 7 is_stmt 1 view .LVU219
 716 003a F2E7     		b	.L59
 717              	.LVL61:
 718              	.L61:
 351:Drivers/STM32F7xx_HAL_Driver/Src/stm32f7xx_hal_crc.c ****   {
 719              		.loc 1 351 3 is_stmt 0 view .LVU220
 720 003c 0023     		movs	r3, #0
 721 003e F8E7     		b	.L57
 722              	.L58:
 364:Drivers/STM32F7xx_HAL_Driver/Src/stm32f7xx_hal_crc.c ****       break;
 723              		.loc 1 364 7 is_stmt 1 view .LVU221
 364:Drivers/STM32F7xx_HAL_Driver/Src/stm32f7xx_hal_crc.c ****       break;
 724              		.loc 1 364 14 is_stmt 0 view .LVU222
 725 0040 2046     		mov	r0, r4
 726 0042 FFF7FEFF 		bl	CRC_Handle_8
 727              	.LVL62:
 365:Drivers/STM32F7xx_HAL_Driver/Src/stm32f7xx_hal_crc.c **** 
 728              		.loc 1 365 7 is_stmt 1 view .LVU223
 729 0046 ECE7     		b	.L59
 730              	.LVL63:
 731              	.L56:
 369:Drivers/STM32F7xx_HAL_Driver/Src/stm32f7xx_hal_crc.c ****       break;
 732              		.loc 1 369 7 view .LVU224
 369:Drivers/STM32F7xx_HAL_Driver/Src/stm32f7xx_hal_crc.c ****       break;
 733              		.loc 1 369 14 is_stmt 0 view .LVU225
 734 0048 2046     		mov	r0, r4
 735 004a FFF7FEFF 		bl	CRC_Handle_16
 736              	.LVL64:
 370:Drivers/STM32F7xx_HAL_Driver/Src/stm32f7xx_hal_crc.c **** 
 737              		.loc 1 370 7 is_stmt 1 view .LVU226
 738 004e E8E7     		b	.L59
 739              		.cfi_endproc
 740              	.LFE146:
 742              		.section	.text.HAL_CRC_GetState,"ax",%progbits
 743              		.align	1
 744              		.global	HAL_CRC_GetState
 745              		.syntax unified
 746              		.thumb
 747              		.thumb_func
 749              	HAL_CRC_GetState:
 750              	.LVL65:
 751              	.LFB147:
 407:Drivers/STM32F7xx_HAL_Driver/Src/stm32f7xx_hal_crc.c ****   /* Return CRC handle state */
 752              		.loc 1 407 1 view -0
 753              		.cfi_startproc
 754              		@ args = 0, pretend = 0, frame = 0
 755              		@ frame_needed = 0, uses_anonymous_args = 0
 756              		@ link register save eliminated.
 409:Drivers/STM32F7xx_HAL_Driver/Src/stm32f7xx_hal_crc.c **** }
 757              		.loc 1 409 3 view .LVU228
 409:Drivers/STM32F7xx_HAL_Driver/Src/stm32f7xx_hal_crc.c **** }
 758              		.loc 1 409 14 is_stmt 0 view .LVU229
 759 0000 407F     		ldrb	r0, [r0, #29]	@ zero_extendqisi2
ARM GAS  /tmp/ccEVrnwV.s 			page 26


 760              	.LVL66:
 410:Drivers/STM32F7xx_HAL_Driver/Src/stm32f7xx_hal_crc.c **** 
 761              		.loc 1 410 1 view .LVU230
 762 0002 7047     		bx	lr
 763              		.cfi_endproc
 764              	.LFE147:
 766              		.text
 767              	.Letext0:
 768              		.file 2 "/usr/lib/gcc/arm-none-eabi/12.2.1/include/stdint.h"
 769              		.file 3 "Drivers/CMSIS/Device/ST/STM32F7xx/Include/stm32f746xx.h"
 770              		.file 4 "Drivers/STM32F7xx_HAL_Driver/Inc/stm32f7xx_hal_def.h"
 771              		.file 5 "Drivers/STM32F7xx_HAL_Driver/Inc/stm32f7xx_hal_crc.h"
 772              		.file 6 "Drivers/STM32F7xx_HAL_Driver/Inc/stm32f7xx_hal_crc_ex.h"
ARM GAS  /tmp/ccEVrnwV.s 			page 27


DEFINED SYMBOLS
                            *ABS*:00000000 stm32f7xx_hal_crc.c
     /tmp/ccEVrnwV.s:21     .text.CRC_Handle_8:00000000 $t
     /tmp/ccEVrnwV.s:26     .text.CRC_Handle_8:00000000 CRC_Handle_8
     /tmp/ccEVrnwV.s:171    .text.CRC_Handle_16:00000000 $t
     /tmp/ccEVrnwV.s:176    .text.CRC_Handle_16:00000000 CRC_Handle_16
     /tmp/ccEVrnwV.s:276    .text.HAL_CRC_MspInit:00000000 $t
     /tmp/ccEVrnwV.s:282    .text.HAL_CRC_MspInit:00000000 HAL_CRC_MspInit
     /tmp/ccEVrnwV.s:297    .text.HAL_CRC_Init:00000000 $t
     /tmp/ccEVrnwV.s:303    .text.HAL_CRC_Init:00000000 HAL_CRC_Init
     /tmp/ccEVrnwV.s:431    .text.HAL_CRC_Init:0000007c $d
     /tmp/ccEVrnwV.s:436    .text.HAL_CRC_MspDeInit:00000000 $t
     /tmp/ccEVrnwV.s:442    .text.HAL_CRC_MspDeInit:00000000 HAL_CRC_MspDeInit
     /tmp/ccEVrnwV.s:457    .text.HAL_CRC_DeInit:00000000 $t
     /tmp/ccEVrnwV.s:463    .text.HAL_CRC_DeInit:00000000 HAL_CRC_DeInit
     /tmp/ccEVrnwV.s:540    .text.HAL_CRC_Accumulate:00000000 $t
     /tmp/ccEVrnwV.s:546    .text.HAL_CRC_Accumulate:00000000 HAL_CRC_Accumulate
     /tmp/ccEVrnwV.s:637    .text.HAL_CRC_Calculate:00000000 $t
     /tmp/ccEVrnwV.s:643    .text.HAL_CRC_Calculate:00000000 HAL_CRC_Calculate
     /tmp/ccEVrnwV.s:743    .text.HAL_CRC_GetState:00000000 $t
     /tmp/ccEVrnwV.s:749    .text.HAL_CRC_GetState:00000000 HAL_CRC_GetState

UNDEFINED SYMBOLS
HAL_CRCEx_Polynomial_Set
