ARM GAS  /tmp/ccfABDRN.s 			page 1


   1              		.cpu cortex-m7
   2              		.arch armv7e-m
   3              		.fpu fpv5-sp-d16
   4              		.eabi_attribute 27, 1
   5              		.eabi_attribute 28, 1
   6              		.eabi_attribute 20, 1
   7              		.eabi_attribute 21, 1
   8              		.eabi_attribute 23, 3
   9              		.eabi_attribute 24, 1
  10              		.eabi_attribute 25, 1
  11              		.eabi_attribute 26, 1
  12              		.eabi_attribute 30, 1
  13              		.eabi_attribute 34, 1
  14              		.eabi_attribute 18, 4
  15              		.file	"stm32f7xx_hal_crc_ex.c"
  16              		.text
  17              	.Ltext0:
  18              		.cfi_sections	.debug_frame
  19              		.file 1 "Drivers/STM32F7xx_HAL_Driver/Src/stm32f7xx_hal_crc_ex.c"
  20              		.section	.text.HAL_CRCEx_Polynomial_Set,"ax",%progbits
  21              		.align	1
  22              		.global	HAL_CRCEx_Polynomial_Set
  23              		.syntax unified
  24              		.thumb
  25              		.thumb_func
  27              	HAL_CRCEx_Polynomial_Set:
  28              	.LVL0:
  29              	.LFB141:
   1:Drivers/STM32F7xx_HAL_Driver/Src/stm32f7xx_hal_crc_ex.c **** /**
   2:Drivers/STM32F7xx_HAL_Driver/Src/stm32f7xx_hal_crc_ex.c ****   ******************************************************************************
   3:Drivers/STM32F7xx_HAL_Driver/Src/stm32f7xx_hal_crc_ex.c ****   * @file    stm32f7xx_hal_crc_ex.c
   4:Drivers/STM32F7xx_HAL_Driver/Src/stm32f7xx_hal_crc_ex.c ****   * @author  MCD Application Team
   5:Drivers/STM32F7xx_HAL_Driver/Src/stm32f7xx_hal_crc_ex.c ****   * @brief   Extended CRC HAL module driver.
   6:Drivers/STM32F7xx_HAL_Driver/Src/stm32f7xx_hal_crc_ex.c ****   *          This file provides firmware functions to manage the extended
   7:Drivers/STM32F7xx_HAL_Driver/Src/stm32f7xx_hal_crc_ex.c ****   *          functionalities of the CRC peripheral.
   8:Drivers/STM32F7xx_HAL_Driver/Src/stm32f7xx_hal_crc_ex.c ****   *
   9:Drivers/STM32F7xx_HAL_Driver/Src/stm32f7xx_hal_crc_ex.c ****   ******************************************************************************
  10:Drivers/STM32F7xx_HAL_Driver/Src/stm32f7xx_hal_crc_ex.c ****   * @attention
  11:Drivers/STM32F7xx_HAL_Driver/Src/stm32f7xx_hal_crc_ex.c ****   *
  12:Drivers/STM32F7xx_HAL_Driver/Src/stm32f7xx_hal_crc_ex.c ****   * Copyright (c) 2017 STMicroelectronics.
  13:Drivers/STM32F7xx_HAL_Driver/Src/stm32f7xx_hal_crc_ex.c ****   * All rights reserved.
  14:Drivers/STM32F7xx_HAL_Driver/Src/stm32f7xx_hal_crc_ex.c ****   *
  15:Drivers/STM32F7xx_HAL_Driver/Src/stm32f7xx_hal_crc_ex.c ****   * This software is licensed under terms that can be found in the LICENSE file
  16:Drivers/STM32F7xx_HAL_Driver/Src/stm32f7xx_hal_crc_ex.c ****   * in the root directory of this software component.
  17:Drivers/STM32F7xx_HAL_Driver/Src/stm32f7xx_hal_crc_ex.c ****   * If no LICENSE file comes with this software, it is provided AS-IS.
  18:Drivers/STM32F7xx_HAL_Driver/Src/stm32f7xx_hal_crc_ex.c ****   *
  19:Drivers/STM32F7xx_HAL_Driver/Src/stm32f7xx_hal_crc_ex.c ****   ******************************************************************************
  20:Drivers/STM32F7xx_HAL_Driver/Src/stm32f7xx_hal_crc_ex.c ****   @verbatim
  21:Drivers/STM32F7xx_HAL_Driver/Src/stm32f7xx_hal_crc_ex.c **** ================================================================================
  22:Drivers/STM32F7xx_HAL_Driver/Src/stm32f7xx_hal_crc_ex.c ****             ##### How to use this driver #####
  23:Drivers/STM32F7xx_HAL_Driver/Src/stm32f7xx_hal_crc_ex.c **** ================================================================================
  24:Drivers/STM32F7xx_HAL_Driver/Src/stm32f7xx_hal_crc_ex.c ****     [..]
  25:Drivers/STM32F7xx_HAL_Driver/Src/stm32f7xx_hal_crc_ex.c ****          (+) Set user-defined generating polynomial through HAL_CRCEx_Polynomial_Set()
  26:Drivers/STM32F7xx_HAL_Driver/Src/stm32f7xx_hal_crc_ex.c ****          (+) Configure Input or Output data inversion
  27:Drivers/STM32F7xx_HAL_Driver/Src/stm32f7xx_hal_crc_ex.c **** 
  28:Drivers/STM32F7xx_HAL_Driver/Src/stm32f7xx_hal_crc_ex.c ****   @endverbatim
  29:Drivers/STM32F7xx_HAL_Driver/Src/stm32f7xx_hal_crc_ex.c ****   ******************************************************************************
ARM GAS  /tmp/ccfABDRN.s 			page 2


  30:Drivers/STM32F7xx_HAL_Driver/Src/stm32f7xx_hal_crc_ex.c ****   */
  31:Drivers/STM32F7xx_HAL_Driver/Src/stm32f7xx_hal_crc_ex.c **** 
  32:Drivers/STM32F7xx_HAL_Driver/Src/stm32f7xx_hal_crc_ex.c **** /* Includes ------------------------------------------------------------------*/
  33:Drivers/STM32F7xx_HAL_Driver/Src/stm32f7xx_hal_crc_ex.c **** #include "stm32f7xx_hal.h"
  34:Drivers/STM32F7xx_HAL_Driver/Src/stm32f7xx_hal_crc_ex.c **** 
  35:Drivers/STM32F7xx_HAL_Driver/Src/stm32f7xx_hal_crc_ex.c **** /** @addtogroup STM32F7xx_HAL_Driver
  36:Drivers/STM32F7xx_HAL_Driver/Src/stm32f7xx_hal_crc_ex.c ****   * @{
  37:Drivers/STM32F7xx_HAL_Driver/Src/stm32f7xx_hal_crc_ex.c ****   */
  38:Drivers/STM32F7xx_HAL_Driver/Src/stm32f7xx_hal_crc_ex.c **** 
  39:Drivers/STM32F7xx_HAL_Driver/Src/stm32f7xx_hal_crc_ex.c **** /** @defgroup CRCEx CRCEx
  40:Drivers/STM32F7xx_HAL_Driver/Src/stm32f7xx_hal_crc_ex.c ****   * @brief CRC Extended HAL module driver
  41:Drivers/STM32F7xx_HAL_Driver/Src/stm32f7xx_hal_crc_ex.c ****   * @{
  42:Drivers/STM32F7xx_HAL_Driver/Src/stm32f7xx_hal_crc_ex.c ****   */
  43:Drivers/STM32F7xx_HAL_Driver/Src/stm32f7xx_hal_crc_ex.c **** 
  44:Drivers/STM32F7xx_HAL_Driver/Src/stm32f7xx_hal_crc_ex.c **** #ifdef HAL_CRC_MODULE_ENABLED
  45:Drivers/STM32F7xx_HAL_Driver/Src/stm32f7xx_hal_crc_ex.c **** 
  46:Drivers/STM32F7xx_HAL_Driver/Src/stm32f7xx_hal_crc_ex.c **** /* Private typedef -----------------------------------------------------------*/
  47:Drivers/STM32F7xx_HAL_Driver/Src/stm32f7xx_hal_crc_ex.c **** /* Private define ------------------------------------------------------------*/
  48:Drivers/STM32F7xx_HAL_Driver/Src/stm32f7xx_hal_crc_ex.c **** /* Private macro -------------------------------------------------------------*/
  49:Drivers/STM32F7xx_HAL_Driver/Src/stm32f7xx_hal_crc_ex.c **** /* Private variables ---------------------------------------------------------*/
  50:Drivers/STM32F7xx_HAL_Driver/Src/stm32f7xx_hal_crc_ex.c **** /* Private function prototypes -----------------------------------------------*/
  51:Drivers/STM32F7xx_HAL_Driver/Src/stm32f7xx_hal_crc_ex.c **** /* Exported functions --------------------------------------------------------*/
  52:Drivers/STM32F7xx_HAL_Driver/Src/stm32f7xx_hal_crc_ex.c **** 
  53:Drivers/STM32F7xx_HAL_Driver/Src/stm32f7xx_hal_crc_ex.c **** /** @defgroup CRCEx_Exported_Functions CRC Extended Exported Functions
  54:Drivers/STM32F7xx_HAL_Driver/Src/stm32f7xx_hal_crc_ex.c ****   * @{
  55:Drivers/STM32F7xx_HAL_Driver/Src/stm32f7xx_hal_crc_ex.c ****   */
  56:Drivers/STM32F7xx_HAL_Driver/Src/stm32f7xx_hal_crc_ex.c **** 
  57:Drivers/STM32F7xx_HAL_Driver/Src/stm32f7xx_hal_crc_ex.c **** /** @defgroup CRCEx_Exported_Functions_Group1 Extended Initialization/de-initialization functions
  58:Drivers/STM32F7xx_HAL_Driver/Src/stm32f7xx_hal_crc_ex.c ****   * @brief    Extended Initialization and Configuration functions.
  59:Drivers/STM32F7xx_HAL_Driver/Src/stm32f7xx_hal_crc_ex.c ****   *
  60:Drivers/STM32F7xx_HAL_Driver/Src/stm32f7xx_hal_crc_ex.c **** @verbatim
  61:Drivers/STM32F7xx_HAL_Driver/Src/stm32f7xx_hal_crc_ex.c ****  ===============================================================================
  62:Drivers/STM32F7xx_HAL_Driver/Src/stm32f7xx_hal_crc_ex.c ****             ##### Extended configuration functions #####
  63:Drivers/STM32F7xx_HAL_Driver/Src/stm32f7xx_hal_crc_ex.c ****  ===============================================================================
  64:Drivers/STM32F7xx_HAL_Driver/Src/stm32f7xx_hal_crc_ex.c ****     [..]  This section provides functions allowing to:
  65:Drivers/STM32F7xx_HAL_Driver/Src/stm32f7xx_hal_crc_ex.c ****       (+) Configure the generating polynomial
  66:Drivers/STM32F7xx_HAL_Driver/Src/stm32f7xx_hal_crc_ex.c ****       (+) Configure the input data inversion
  67:Drivers/STM32F7xx_HAL_Driver/Src/stm32f7xx_hal_crc_ex.c ****       (+) Configure the output data inversion
  68:Drivers/STM32F7xx_HAL_Driver/Src/stm32f7xx_hal_crc_ex.c **** 
  69:Drivers/STM32F7xx_HAL_Driver/Src/stm32f7xx_hal_crc_ex.c **** @endverbatim
  70:Drivers/STM32F7xx_HAL_Driver/Src/stm32f7xx_hal_crc_ex.c ****   * @{
  71:Drivers/STM32F7xx_HAL_Driver/Src/stm32f7xx_hal_crc_ex.c ****   */
  72:Drivers/STM32F7xx_HAL_Driver/Src/stm32f7xx_hal_crc_ex.c **** 
  73:Drivers/STM32F7xx_HAL_Driver/Src/stm32f7xx_hal_crc_ex.c **** 
  74:Drivers/STM32F7xx_HAL_Driver/Src/stm32f7xx_hal_crc_ex.c **** /**
  75:Drivers/STM32F7xx_HAL_Driver/Src/stm32f7xx_hal_crc_ex.c ****   * @brief  Initialize the CRC polynomial if different from default one.
  76:Drivers/STM32F7xx_HAL_Driver/Src/stm32f7xx_hal_crc_ex.c ****   * @param  hcrc CRC handle
  77:Drivers/STM32F7xx_HAL_Driver/Src/stm32f7xx_hal_crc_ex.c ****   * @param  Pol CRC generating polynomial (7, 8, 16 or 32-bit long).
  78:Drivers/STM32F7xx_HAL_Driver/Src/stm32f7xx_hal_crc_ex.c ****   *         This parameter is written in normal representation, e.g.
  79:Drivers/STM32F7xx_HAL_Driver/Src/stm32f7xx_hal_crc_ex.c ****   *         @arg for a polynomial of degree 7, X^7 + X^6 + X^5 + X^2 + 1 is written 0x65
  80:Drivers/STM32F7xx_HAL_Driver/Src/stm32f7xx_hal_crc_ex.c ****   *         @arg for a polynomial of degree 16, X^16 + X^12 + X^5 + 1 is written 0x1021
  81:Drivers/STM32F7xx_HAL_Driver/Src/stm32f7xx_hal_crc_ex.c ****   * @param  PolyLength CRC polynomial length.
  82:Drivers/STM32F7xx_HAL_Driver/Src/stm32f7xx_hal_crc_ex.c ****   *         This parameter can be one of the following values:
  83:Drivers/STM32F7xx_HAL_Driver/Src/stm32f7xx_hal_crc_ex.c ****   *          @arg @ref CRC_POLYLENGTH_7B  7-bit long CRC (generating polynomial of degree 7)
  84:Drivers/STM32F7xx_HAL_Driver/Src/stm32f7xx_hal_crc_ex.c ****   *          @arg @ref CRC_POLYLENGTH_8B  8-bit long CRC (generating polynomial of degree 8)
  85:Drivers/STM32F7xx_HAL_Driver/Src/stm32f7xx_hal_crc_ex.c ****   *          @arg @ref CRC_POLYLENGTH_16B 16-bit long CRC (generating polynomial of degree 16)
  86:Drivers/STM32F7xx_HAL_Driver/Src/stm32f7xx_hal_crc_ex.c ****   *          @arg @ref CRC_POLYLENGTH_32B 32-bit long CRC (generating polynomial of degree 32)
ARM GAS  /tmp/ccfABDRN.s 			page 3


  87:Drivers/STM32F7xx_HAL_Driver/Src/stm32f7xx_hal_crc_ex.c ****   * @retval HAL status
  88:Drivers/STM32F7xx_HAL_Driver/Src/stm32f7xx_hal_crc_ex.c ****   */
  89:Drivers/STM32F7xx_HAL_Driver/Src/stm32f7xx_hal_crc_ex.c **** HAL_StatusTypeDef HAL_CRCEx_Polynomial_Set(CRC_HandleTypeDef *hcrc, uint32_t Pol, uint32_t PolyLeng
  90:Drivers/STM32F7xx_HAL_Driver/Src/stm32f7xx_hal_crc_ex.c **** {
  30              		.loc 1 90 1 view -0
  31              		.cfi_startproc
  32              		@ args = 0, pretend = 0, frame = 0
  33              		@ frame_needed = 0, uses_anonymous_args = 0
  34              		@ link register save eliminated.
  35              		.loc 1 90 1 is_stmt 0 view .LVU1
  36 0000 10B4     		push	{r4}
  37              	.LCFI0:
  38              		.cfi_def_cfa_offset 4
  39              		.cfi_offset 4, -4
  91:Drivers/STM32F7xx_HAL_Driver/Src/stm32f7xx_hal_crc_ex.c ****   HAL_StatusTypeDef status = HAL_OK;
  40              		.loc 1 91 3 is_stmt 1 view .LVU2
  41              	.LVL1:
  92:Drivers/STM32F7xx_HAL_Driver/Src/stm32f7xx_hal_crc_ex.c ****   uint32_t msb = 31U; /* polynomial degree is 32 at most, so msb is initialized to max value */
  42              		.loc 1 92 3 view .LVU3
  93:Drivers/STM32F7xx_HAL_Driver/Src/stm32f7xx_hal_crc_ex.c **** 
  94:Drivers/STM32F7xx_HAL_Driver/Src/stm32f7xx_hal_crc_ex.c ****   /* Check the parameters */
  95:Drivers/STM32F7xx_HAL_Driver/Src/stm32f7xx_hal_crc_ex.c ****   assert_param(IS_CRC_POL_LENGTH(PolyLength));
  43              		.loc 1 95 3 view .LVU4
  96:Drivers/STM32F7xx_HAL_Driver/Src/stm32f7xx_hal_crc_ex.c **** 
  97:Drivers/STM32F7xx_HAL_Driver/Src/stm32f7xx_hal_crc_ex.c ****   /* check polynomial definition vs polynomial size:
  98:Drivers/STM32F7xx_HAL_Driver/Src/stm32f7xx_hal_crc_ex.c ****    * polynomial length must be aligned with polynomial
  99:Drivers/STM32F7xx_HAL_Driver/Src/stm32f7xx_hal_crc_ex.c ****    * definition. HAL_ERROR is reported if Pol degree is
 100:Drivers/STM32F7xx_HAL_Driver/Src/stm32f7xx_hal_crc_ex.c ****    * larger than that indicated by PolyLength.
 101:Drivers/STM32F7xx_HAL_Driver/Src/stm32f7xx_hal_crc_ex.c ****    * Look for MSB position: msb will contain the degree of
 102:Drivers/STM32F7xx_HAL_Driver/Src/stm32f7xx_hal_crc_ex.c ****    *  the second to the largest polynomial member. E.g., for
 103:Drivers/STM32F7xx_HAL_Driver/Src/stm32f7xx_hal_crc_ex.c ****    *  X^7 + X^6 + X^5 + X^2 + 1, msb = 6. */
 104:Drivers/STM32F7xx_HAL_Driver/Src/stm32f7xx_hal_crc_ex.c ****   while ((msb-- > 0U) && ((Pol & ((uint32_t)(0x1U) << (msb & 0x1FU))) == 0U))
  44              		.loc 1 104 3 view .LVU5
  92:Drivers/STM32F7xx_HAL_Driver/Src/stm32f7xx_hal_crc_ex.c **** 
  45              		.loc 1 92 12 is_stmt 0 view .LVU6
  46 0002 1F23     		movs	r3, #31
  47              	.LVL2:
  48              	.L3:
 105:Drivers/STM32F7xx_HAL_Driver/Src/stm32f7xx_hal_crc_ex.c ****   {
 106:Drivers/STM32F7xx_HAL_Driver/Src/stm32f7xx_hal_crc_ex.c ****   }
  49              		.loc 1 106 3 is_stmt 1 discriminator 2 view .LVU7
 104:Drivers/STM32F7xx_HAL_Driver/Src/stm32f7xx_hal_crc_ex.c ****   {
  50              		.loc 1 104 23 discriminator 2 view .LVU8
  51 0004 1C46     		mov	r4, r3
 104:Drivers/STM32F7xx_HAL_Driver/Src/stm32f7xx_hal_crc_ex.c ****   {
  52              		.loc 1 104 14 is_stmt 0 discriminator 2 view .LVU9
  53 0006 013B     		subs	r3, r3, #1
  54              	.LVL3:
 104:Drivers/STM32F7xx_HAL_Driver/Src/stm32f7xx_hal_crc_ex.c ****   {
  55              		.loc 1 104 23 discriminator 2 view .LVU10
  56 0008 34B1     		cbz	r4, .L2
 104:Drivers/STM32F7xx_HAL_Driver/Src/stm32f7xx_hal_crc_ex.c ****   {
  57              		.loc 1 104 60 discriminator 1 view .LVU11
  58 000a 03F01F0C 		and	ip, r3, #31
 104:Drivers/STM32F7xx_HAL_Driver/Src/stm32f7xx_hal_crc_ex.c ****   {
  59              		.loc 1 104 71 discriminator 1 view .LVU12
  60 000e 21FA0CFC 		lsr	ip, r1, ip
ARM GAS  /tmp/ccfABDRN.s 			page 4


 104:Drivers/STM32F7xx_HAL_Driver/Src/stm32f7xx_hal_crc_ex.c ****   {
  61              		.loc 1 104 23 discriminator 1 view .LVU13
  62 0012 1CF0010F 		tst	ip, #1
  63 0016 F5D0     		beq	.L3
  64              	.L2:
 107:Drivers/STM32F7xx_HAL_Driver/Src/stm32f7xx_hal_crc_ex.c **** 
 108:Drivers/STM32F7xx_HAL_Driver/Src/stm32f7xx_hal_crc_ex.c ****   switch (PolyLength)
  65              		.loc 1 108 3 is_stmt 1 view .LVU14
  66 0018 182A     		cmp	r2, #24
  67 001a 22D8     		bhi	.L10
  68 001c DFE802F0 		tbb	[pc, r2]
  69              	.L6:
  70 0020 0F       		.byte	(.L9-.L6)/2
  71 0021 21       		.byte	(.L10-.L6)/2
  72 0022 21       		.byte	(.L10-.L6)/2
  73 0023 21       		.byte	(.L10-.L6)/2
  74 0024 21       		.byte	(.L10-.L6)/2
  75 0025 21       		.byte	(.L10-.L6)/2
  76 0026 21       		.byte	(.L10-.L6)/2
  77 0027 21       		.byte	(.L10-.L6)/2
  78 0028 1D       		.byte	(.L8-.L6)/2
  79 0029 21       		.byte	(.L10-.L6)/2
  80 002a 21       		.byte	(.L10-.L6)/2
  81 002b 21       		.byte	(.L10-.L6)/2
  82 002c 21       		.byte	(.L10-.L6)/2
  83 002d 21       		.byte	(.L10-.L6)/2
  84 002e 21       		.byte	(.L10-.L6)/2
  85 002f 21       		.byte	(.L10-.L6)/2
  86 0030 19       		.byte	(.L7-.L6)/2
  87 0031 21       		.byte	(.L10-.L6)/2
  88 0032 21       		.byte	(.L10-.L6)/2
  89 0033 21       		.byte	(.L10-.L6)/2
  90 0034 21       		.byte	(.L10-.L6)/2
  91 0035 21       		.byte	(.L10-.L6)/2
  92 0036 21       		.byte	(.L10-.L6)/2
  93 0037 21       		.byte	(.L10-.L6)/2
  94 0038 0D       		.byte	(.L5-.L6)/2
  95 0039 00       		.p2align 1
  96              	.L5:
 109:Drivers/STM32F7xx_HAL_Driver/Src/stm32f7xx_hal_crc_ex.c ****   {
 110:Drivers/STM32F7xx_HAL_Driver/Src/stm32f7xx_hal_crc_ex.c ****     case CRC_POLYLENGTH_7B:
 111:Drivers/STM32F7xx_HAL_Driver/Src/stm32f7xx_hal_crc_ex.c ****       if (msb >= HAL_CRC_LENGTH_7B)
  97              		.loc 1 111 7 view .LVU15
  98              		.loc 1 111 10 is_stmt 0 view .LVU16
  99 003a 062B     		cmp	r3, #6
 100 003c 15D8     		bhi	.L11
 101              	.L9:
 102              	.LVL4:
 112:Drivers/STM32F7xx_HAL_Driver/Src/stm32f7xx_hal_crc_ex.c ****       {
 113:Drivers/STM32F7xx_HAL_Driver/Src/stm32f7xx_hal_crc_ex.c ****         status =   HAL_ERROR;
 114:Drivers/STM32F7xx_HAL_Driver/Src/stm32f7xx_hal_crc_ex.c ****       }
 115:Drivers/STM32F7xx_HAL_Driver/Src/stm32f7xx_hal_crc_ex.c ****       break;
 116:Drivers/STM32F7xx_HAL_Driver/Src/stm32f7xx_hal_crc_ex.c ****     case CRC_POLYLENGTH_8B:
 117:Drivers/STM32F7xx_HAL_Driver/Src/stm32f7xx_hal_crc_ex.c ****       if (msb >= HAL_CRC_LENGTH_8B)
 118:Drivers/STM32F7xx_HAL_Driver/Src/stm32f7xx_hal_crc_ex.c ****       {
 119:Drivers/STM32F7xx_HAL_Driver/Src/stm32f7xx_hal_crc_ex.c ****         status =   HAL_ERROR;
 120:Drivers/STM32F7xx_HAL_Driver/Src/stm32f7xx_hal_crc_ex.c ****       }
ARM GAS  /tmp/ccfABDRN.s 			page 5


 121:Drivers/STM32F7xx_HAL_Driver/Src/stm32f7xx_hal_crc_ex.c ****       break;
 122:Drivers/STM32F7xx_HAL_Driver/Src/stm32f7xx_hal_crc_ex.c ****     case CRC_POLYLENGTH_16B:
 123:Drivers/STM32F7xx_HAL_Driver/Src/stm32f7xx_hal_crc_ex.c ****       if (msb >= HAL_CRC_LENGTH_16B)
 124:Drivers/STM32F7xx_HAL_Driver/Src/stm32f7xx_hal_crc_ex.c ****       {
 125:Drivers/STM32F7xx_HAL_Driver/Src/stm32f7xx_hal_crc_ex.c ****         status =   HAL_ERROR;
 126:Drivers/STM32F7xx_HAL_Driver/Src/stm32f7xx_hal_crc_ex.c ****       }
 127:Drivers/STM32F7xx_HAL_Driver/Src/stm32f7xx_hal_crc_ex.c ****       break;
 128:Drivers/STM32F7xx_HAL_Driver/Src/stm32f7xx_hal_crc_ex.c **** 
 129:Drivers/STM32F7xx_HAL_Driver/Src/stm32f7xx_hal_crc_ex.c ****     case CRC_POLYLENGTH_32B:
 130:Drivers/STM32F7xx_HAL_Driver/Src/stm32f7xx_hal_crc_ex.c ****       /* no polynomial definition vs. polynomial length issue possible */
 131:Drivers/STM32F7xx_HAL_Driver/Src/stm32f7xx_hal_crc_ex.c ****       break;
 132:Drivers/STM32F7xx_HAL_Driver/Src/stm32f7xx_hal_crc_ex.c ****     default:
 133:Drivers/STM32F7xx_HAL_Driver/Src/stm32f7xx_hal_crc_ex.c ****       status =  HAL_ERROR;
 134:Drivers/STM32F7xx_HAL_Driver/Src/stm32f7xx_hal_crc_ex.c ****       break;
 135:Drivers/STM32F7xx_HAL_Driver/Src/stm32f7xx_hal_crc_ex.c ****   }
 136:Drivers/STM32F7xx_HAL_Driver/Src/stm32f7xx_hal_crc_ex.c ****   if (status == HAL_OK)
 137:Drivers/STM32F7xx_HAL_Driver/Src/stm32f7xx_hal_crc_ex.c ****   {
 138:Drivers/STM32F7xx_HAL_Driver/Src/stm32f7xx_hal_crc_ex.c ****     /* set generating polynomial */
 139:Drivers/STM32F7xx_HAL_Driver/Src/stm32f7xx_hal_crc_ex.c ****     WRITE_REG(hcrc->Instance->POL, Pol);
 103              		.loc 1 139 5 is_stmt 1 view .LVU17
 104 003e 0368     		ldr	r3, [r0]
 105              	.LVL5:
 106              		.loc 1 139 5 is_stmt 0 view .LVU18
 107 0040 5961     		str	r1, [r3, #20]
 140:Drivers/STM32F7xx_HAL_Driver/Src/stm32f7xx_hal_crc_ex.c **** 
 141:Drivers/STM32F7xx_HAL_Driver/Src/stm32f7xx_hal_crc_ex.c ****     /* set generating polynomial size */
 142:Drivers/STM32F7xx_HAL_Driver/Src/stm32f7xx_hal_crc_ex.c ****     MODIFY_REG(hcrc->Instance->CR, CRC_CR_POLYSIZE, PolyLength);
 108              		.loc 1 142 5 is_stmt 1 view .LVU19
 109 0042 0168     		ldr	r1, [r0]
 110              	.LVL6:
 111              		.loc 1 142 5 is_stmt 0 view .LVU20
 112 0044 8B68     		ldr	r3, [r1, #8]
 113              	.LVL7:
 114              		.loc 1 142 5 view .LVU21
 115 0046 23F01803 		bic	r3, r3, #24
 116 004a 1343     		orrs	r3, r3, r2
 117 004c 8B60     		str	r3, [r1, #8]
 118 004e 0020     		movs	r0, #0
 119              	.LVL8:
 120              		.loc 1 142 5 view .LVU22
 121 0050 08E0     		b	.L4
 122              	.LVL9:
 123              	.L7:
 117:Drivers/STM32F7xx_HAL_Driver/Src/stm32f7xx_hal_crc_ex.c ****       {
 124              		.loc 1 117 7 is_stmt 1 view .LVU23
 117:Drivers/STM32F7xx_HAL_Driver/Src/stm32f7xx_hal_crc_ex.c ****       {
 125              		.loc 1 117 10 is_stmt 0 view .LVU24
 126 0052 072B     		cmp	r3, #7
 127 0054 F3D9     		bls	.L9
 119:Drivers/STM32F7xx_HAL_Driver/Src/stm32f7xx_hal_crc_ex.c ****       }
 128              		.loc 1 119 16 view .LVU25
 129 0056 0120     		movs	r0, #1
 130              	.LVL10:
 119:Drivers/STM32F7xx_HAL_Driver/Src/stm32f7xx_hal_crc_ex.c ****       }
 131              		.loc 1 119 16 view .LVU26
 132 0058 04E0     		b	.L4
 133              	.LVL11:
ARM GAS  /tmp/ccfABDRN.s 			page 6


 134              	.L8:
 123:Drivers/STM32F7xx_HAL_Driver/Src/stm32f7xx_hal_crc_ex.c ****       {
 135              		.loc 1 123 7 is_stmt 1 view .LVU27
 123:Drivers/STM32F7xx_HAL_Driver/Src/stm32f7xx_hal_crc_ex.c ****       {
 136              		.loc 1 123 10 is_stmt 0 view .LVU28
 137 005a 0F2B     		cmp	r3, #15
 138 005c EFD9     		bls	.L9
 125:Drivers/STM32F7xx_HAL_Driver/Src/stm32f7xx_hal_crc_ex.c ****       }
 139              		.loc 1 125 16 view .LVU29
 140 005e 0120     		movs	r0, #1
 141              	.LVL12:
 125:Drivers/STM32F7xx_HAL_Driver/Src/stm32f7xx_hal_crc_ex.c ****       }
 142              		.loc 1 125 16 view .LVU30
 143 0060 00E0     		b	.L4
 144              	.LVL13:
 145              	.L10:
 108:Drivers/STM32F7xx_HAL_Driver/Src/stm32f7xx_hal_crc_ex.c ****   {
 146              		.loc 1 108 3 view .LVU31
 147 0062 0120     		movs	r0, #1
 148              	.LVL14:
 149              	.L4:
 143:Drivers/STM32F7xx_HAL_Driver/Src/stm32f7xx_hal_crc_ex.c ****   }
 144:Drivers/STM32F7xx_HAL_Driver/Src/stm32f7xx_hal_crc_ex.c ****   /* Return function status */
 145:Drivers/STM32F7xx_HAL_Driver/Src/stm32f7xx_hal_crc_ex.c ****   return status;
 150              		.loc 1 145 3 is_stmt 1 view .LVU32
 146:Drivers/STM32F7xx_HAL_Driver/Src/stm32f7xx_hal_crc_ex.c **** }
 151              		.loc 1 146 1 is_stmt 0 view .LVU33
 152 0064 5DF8044B 		ldr	r4, [sp], #4
 153              	.LCFI1:
 154              		.cfi_remember_state
 155              		.cfi_restore 4
 156              		.cfi_def_cfa_offset 0
 157 0068 7047     		bx	lr
 158              	.LVL15:
 159              	.L11:
 160              	.LCFI2:
 161              		.cfi_restore_state
 113:Drivers/STM32F7xx_HAL_Driver/Src/stm32f7xx_hal_crc_ex.c ****       }
 162              		.loc 1 113 16 view .LVU34
 163 006a 0120     		movs	r0, #1
 164              	.LVL16:
 113:Drivers/STM32F7xx_HAL_Driver/Src/stm32f7xx_hal_crc_ex.c ****       }
 165              		.loc 1 113 16 view .LVU35
 166 006c FAE7     		b	.L4
 167              		.cfi_endproc
 168              	.LFE141:
 170              		.section	.text.HAL_CRCEx_Input_Data_Reverse,"ax",%progbits
 171              		.align	1
 172              		.global	HAL_CRCEx_Input_Data_Reverse
 173              		.syntax unified
 174              		.thumb
 175              		.thumb_func
 177              	HAL_CRCEx_Input_Data_Reverse:
 178              	.LVL17:
 179              	.LFB142:
 147:Drivers/STM32F7xx_HAL_Driver/Src/stm32f7xx_hal_crc_ex.c **** 
 148:Drivers/STM32F7xx_HAL_Driver/Src/stm32f7xx_hal_crc_ex.c **** /**
ARM GAS  /tmp/ccfABDRN.s 			page 7


 149:Drivers/STM32F7xx_HAL_Driver/Src/stm32f7xx_hal_crc_ex.c ****   * @brief  Set the Reverse Input data mode.
 150:Drivers/STM32F7xx_HAL_Driver/Src/stm32f7xx_hal_crc_ex.c ****   * @param  hcrc CRC handle
 151:Drivers/STM32F7xx_HAL_Driver/Src/stm32f7xx_hal_crc_ex.c ****   * @param  InputReverseMode Input Data inversion mode.
 152:Drivers/STM32F7xx_HAL_Driver/Src/stm32f7xx_hal_crc_ex.c ****   *         This parameter can be one of the following values:
 153:Drivers/STM32F7xx_HAL_Driver/Src/stm32f7xx_hal_crc_ex.c ****   *          @arg @ref CRC_INPUTDATA_INVERSION_NONE     no change in bit order (default value)
 154:Drivers/STM32F7xx_HAL_Driver/Src/stm32f7xx_hal_crc_ex.c ****   *          @arg @ref CRC_INPUTDATA_INVERSION_BYTE     Byte-wise bit reversal
 155:Drivers/STM32F7xx_HAL_Driver/Src/stm32f7xx_hal_crc_ex.c ****   *          @arg @ref CRC_INPUTDATA_INVERSION_HALFWORD HalfWord-wise bit reversal
 156:Drivers/STM32F7xx_HAL_Driver/Src/stm32f7xx_hal_crc_ex.c ****   *          @arg @ref CRC_INPUTDATA_INVERSION_WORD     Word-wise bit reversal
 157:Drivers/STM32F7xx_HAL_Driver/Src/stm32f7xx_hal_crc_ex.c ****   * @retval HAL status
 158:Drivers/STM32F7xx_HAL_Driver/Src/stm32f7xx_hal_crc_ex.c ****   */
 159:Drivers/STM32F7xx_HAL_Driver/Src/stm32f7xx_hal_crc_ex.c **** HAL_StatusTypeDef HAL_CRCEx_Input_Data_Reverse(CRC_HandleTypeDef *hcrc, uint32_t InputReverseMode)
 160:Drivers/STM32F7xx_HAL_Driver/Src/stm32f7xx_hal_crc_ex.c **** {
 180              		.loc 1 160 1 is_stmt 1 view -0
 181              		.cfi_startproc
 182              		@ args = 0, pretend = 0, frame = 0
 183              		@ frame_needed = 0, uses_anonymous_args = 0
 184              		@ link register save eliminated.
 161:Drivers/STM32F7xx_HAL_Driver/Src/stm32f7xx_hal_crc_ex.c ****   /* Check the parameters */
 162:Drivers/STM32F7xx_HAL_Driver/Src/stm32f7xx_hal_crc_ex.c ****   assert_param(IS_CRC_INPUTDATA_INVERSION_MODE(InputReverseMode));
 185              		.loc 1 162 3 view .LVU37
 163:Drivers/STM32F7xx_HAL_Driver/Src/stm32f7xx_hal_crc_ex.c **** 
 164:Drivers/STM32F7xx_HAL_Driver/Src/stm32f7xx_hal_crc_ex.c ****   /* Change CRC peripheral state */
 165:Drivers/STM32F7xx_HAL_Driver/Src/stm32f7xx_hal_crc_ex.c ****   hcrc->State = HAL_CRC_STATE_BUSY;
 186              		.loc 1 165 3 view .LVU38
 187              		.loc 1 165 15 is_stmt 0 view .LVU39
 188 0000 0223     		movs	r3, #2
 189 0002 4377     		strb	r3, [r0, #29]
 166:Drivers/STM32F7xx_HAL_Driver/Src/stm32f7xx_hal_crc_ex.c **** 
 167:Drivers/STM32F7xx_HAL_Driver/Src/stm32f7xx_hal_crc_ex.c ****   /* set input data inversion mode */
 168:Drivers/STM32F7xx_HAL_Driver/Src/stm32f7xx_hal_crc_ex.c ****   MODIFY_REG(hcrc->Instance->CR, CRC_CR_REV_IN, InputReverseMode);
 190              		.loc 1 168 3 is_stmt 1 view .LVU40
 191 0004 0268     		ldr	r2, [r0]
 192 0006 9368     		ldr	r3, [r2, #8]
 193 0008 23F06003 		bic	r3, r3, #96
 194 000c 0B43     		orrs	r3, r3, r1
 195 000e 9360     		str	r3, [r2, #8]
 169:Drivers/STM32F7xx_HAL_Driver/Src/stm32f7xx_hal_crc_ex.c ****   /* Change CRC peripheral state */
 170:Drivers/STM32F7xx_HAL_Driver/Src/stm32f7xx_hal_crc_ex.c ****   hcrc->State = HAL_CRC_STATE_READY;
 196              		.loc 1 170 3 view .LVU41
 197              		.loc 1 170 15 is_stmt 0 view .LVU42
 198 0010 0123     		movs	r3, #1
 199 0012 4377     		strb	r3, [r0, #29]
 171:Drivers/STM32F7xx_HAL_Driver/Src/stm32f7xx_hal_crc_ex.c **** 
 172:Drivers/STM32F7xx_HAL_Driver/Src/stm32f7xx_hal_crc_ex.c ****   /* Return function status */
 173:Drivers/STM32F7xx_HAL_Driver/Src/stm32f7xx_hal_crc_ex.c ****   return HAL_OK;
 200              		.loc 1 173 3 is_stmt 1 view .LVU43
 174:Drivers/STM32F7xx_HAL_Driver/Src/stm32f7xx_hal_crc_ex.c **** }
 201              		.loc 1 174 1 is_stmt 0 view .LVU44
 202 0014 0020     		movs	r0, #0
 203              	.LVL18:
 204              		.loc 1 174 1 view .LVU45
 205 0016 7047     		bx	lr
 206              		.cfi_endproc
 207              	.LFE142:
 209              		.section	.text.HAL_CRCEx_Output_Data_Reverse,"ax",%progbits
 210              		.align	1
 211              		.global	HAL_CRCEx_Output_Data_Reverse
ARM GAS  /tmp/ccfABDRN.s 			page 8


 212              		.syntax unified
 213              		.thumb
 214              		.thumb_func
 216              	HAL_CRCEx_Output_Data_Reverse:
 217              	.LVL19:
 218              	.LFB143:
 175:Drivers/STM32F7xx_HAL_Driver/Src/stm32f7xx_hal_crc_ex.c **** 
 176:Drivers/STM32F7xx_HAL_Driver/Src/stm32f7xx_hal_crc_ex.c **** /**
 177:Drivers/STM32F7xx_HAL_Driver/Src/stm32f7xx_hal_crc_ex.c ****   * @brief  Set the Reverse Output data mode.
 178:Drivers/STM32F7xx_HAL_Driver/Src/stm32f7xx_hal_crc_ex.c ****   * @param  hcrc CRC handle
 179:Drivers/STM32F7xx_HAL_Driver/Src/stm32f7xx_hal_crc_ex.c ****   * @param  OutputReverseMode Output Data inversion mode.
 180:Drivers/STM32F7xx_HAL_Driver/Src/stm32f7xx_hal_crc_ex.c ****   *         This parameter can be one of the following values:
 181:Drivers/STM32F7xx_HAL_Driver/Src/stm32f7xx_hal_crc_ex.c ****   *          @arg @ref CRC_OUTPUTDATA_INVERSION_DISABLE no CRC inversion (default value)
 182:Drivers/STM32F7xx_HAL_Driver/Src/stm32f7xx_hal_crc_ex.c ****   *          @arg @ref CRC_OUTPUTDATA_INVERSION_ENABLE  bit-level inversion (e.g. for a 8-bit CRC: 
 183:Drivers/STM32F7xx_HAL_Driver/Src/stm32f7xx_hal_crc_ex.c ****   * @retval HAL status
 184:Drivers/STM32F7xx_HAL_Driver/Src/stm32f7xx_hal_crc_ex.c ****   */
 185:Drivers/STM32F7xx_HAL_Driver/Src/stm32f7xx_hal_crc_ex.c **** HAL_StatusTypeDef HAL_CRCEx_Output_Data_Reverse(CRC_HandleTypeDef *hcrc, uint32_t OutputReverseMode
 186:Drivers/STM32F7xx_HAL_Driver/Src/stm32f7xx_hal_crc_ex.c **** {
 219              		.loc 1 186 1 is_stmt 1 view -0
 220              		.cfi_startproc
 221              		@ args = 0, pretend = 0, frame = 0
 222              		@ frame_needed = 0, uses_anonymous_args = 0
 223              		@ link register save eliminated.
 187:Drivers/STM32F7xx_HAL_Driver/Src/stm32f7xx_hal_crc_ex.c ****   /* Check the parameters */
 188:Drivers/STM32F7xx_HAL_Driver/Src/stm32f7xx_hal_crc_ex.c ****   assert_param(IS_CRC_OUTPUTDATA_INVERSION_MODE(OutputReverseMode));
 224              		.loc 1 188 3 view .LVU47
 189:Drivers/STM32F7xx_HAL_Driver/Src/stm32f7xx_hal_crc_ex.c **** 
 190:Drivers/STM32F7xx_HAL_Driver/Src/stm32f7xx_hal_crc_ex.c ****   /* Change CRC peripheral state */
 191:Drivers/STM32F7xx_HAL_Driver/Src/stm32f7xx_hal_crc_ex.c ****   hcrc->State = HAL_CRC_STATE_BUSY;
 225              		.loc 1 191 3 view .LVU48
 226              		.loc 1 191 15 is_stmt 0 view .LVU49
 227 0000 0223     		movs	r3, #2
 228 0002 4377     		strb	r3, [r0, #29]
 192:Drivers/STM32F7xx_HAL_Driver/Src/stm32f7xx_hal_crc_ex.c **** 
 193:Drivers/STM32F7xx_HAL_Driver/Src/stm32f7xx_hal_crc_ex.c ****   /* set output data inversion mode */
 194:Drivers/STM32F7xx_HAL_Driver/Src/stm32f7xx_hal_crc_ex.c ****   MODIFY_REG(hcrc->Instance->CR, CRC_CR_REV_OUT, OutputReverseMode);
 229              		.loc 1 194 3 is_stmt 1 view .LVU50
 230 0004 0268     		ldr	r2, [r0]
 231 0006 9368     		ldr	r3, [r2, #8]
 232 0008 23F08003 		bic	r3, r3, #128
 233 000c 0B43     		orrs	r3, r3, r1
 234 000e 9360     		str	r3, [r2, #8]
 195:Drivers/STM32F7xx_HAL_Driver/Src/stm32f7xx_hal_crc_ex.c **** 
 196:Drivers/STM32F7xx_HAL_Driver/Src/stm32f7xx_hal_crc_ex.c ****   /* Change CRC peripheral state */
 197:Drivers/STM32F7xx_HAL_Driver/Src/stm32f7xx_hal_crc_ex.c ****   hcrc->State = HAL_CRC_STATE_READY;
 235              		.loc 1 197 3 view .LVU51
 236              		.loc 1 197 15 is_stmt 0 view .LVU52
 237 0010 0123     		movs	r3, #1
 238 0012 4377     		strb	r3, [r0, #29]
 198:Drivers/STM32F7xx_HAL_Driver/Src/stm32f7xx_hal_crc_ex.c **** 
 199:Drivers/STM32F7xx_HAL_Driver/Src/stm32f7xx_hal_crc_ex.c ****   /* Return function status */
 200:Drivers/STM32F7xx_HAL_Driver/Src/stm32f7xx_hal_crc_ex.c ****   return HAL_OK;
 239              		.loc 1 200 3 is_stmt 1 view .LVU53
 201:Drivers/STM32F7xx_HAL_Driver/Src/stm32f7xx_hal_crc_ex.c **** }
 240              		.loc 1 201 1 is_stmt 0 view .LVU54
 241 0014 0020     		movs	r0, #0
 242              	.LVL20:
ARM GAS  /tmp/ccfABDRN.s 			page 9


 243              		.loc 1 201 1 view .LVU55
 244 0016 7047     		bx	lr
 245              		.cfi_endproc
 246              	.LFE143:
 248              		.text
 249              	.Letext0:
 250              		.file 2 "/usr/lib/gcc/arm-none-eabi/12.2.1/include/stdint.h"
 251              		.file 3 "Drivers/CMSIS/Device/ST/STM32F7xx/Include/stm32f746xx.h"
 252              		.file 4 "Drivers/STM32F7xx_HAL_Driver/Inc/stm32f7xx_hal_def.h"
 253              		.file 5 "Drivers/STM32F7xx_HAL_Driver/Inc/stm32f7xx_hal_crc.h"
ARM GAS  /tmp/ccfABDRN.s 			page 10


DEFINED SYMBOLS
                            *ABS*:00000000 stm32f7xx_hal_crc_ex.c
     /tmp/ccfABDRN.s:21     .text.HAL_CRCEx_Polynomial_Set:00000000 $t
     /tmp/ccfABDRN.s:27     .text.HAL_CRCEx_Polynomial_Set:00000000 HAL_CRCEx_Polynomial_Set
     /tmp/ccfABDRN.s:70     .text.HAL_CRCEx_Polynomial_Set:00000020 $d
     /tmp/ccfABDRN.s:171    .text.HAL_CRCEx_Input_Data_Reverse:00000000 $t
     /tmp/ccfABDRN.s:177    .text.HAL_CRCEx_Input_Data_Reverse:00000000 HAL_CRCEx_Input_Data_Reverse
     /tmp/ccfABDRN.s:210    .text.HAL_CRCEx_Output_Data_Reverse:00000000 $t
     /tmp/ccfABDRN.s:216    .text.HAL_CRCEx_Output_Data_Reverse:00000000 HAL_CRCEx_Output_Data_Reverse
     /tmp/ccfABDRN.s:95     .text.HAL_CRCEx_Polynomial_Set:00000039 $d
     /tmp/ccfABDRN.s:95     .text.HAL_CRCEx_Polynomial_Set:0000003a $t

NO UNDEFINED SYMBOLS
