ARM GAS  /tmp/ccCZH0gq.s 			page 1


   1              		.cpu cortex-m7
   2              		.arch armv7e-m
   3              		.fpu fpv5-sp-d16
   4              		.eabi_attribute 27, 1
   5              		.eabi_attribute 28, 1
   6              		.eabi_attribute 20, 1
   7              		.eabi_attribute 21, 1
   8              		.eabi_attribute 23, 3
   9              		.eabi_attribute 24, 1
  10              		.eabi_attribute 25, 1
  11              		.eabi_attribute 26, 1
  12              		.eabi_attribute 30, 1
  13              		.eabi_attribute 34, 1
  14              		.eabi_attribute 18, 4
  15              		.file	"stm32f7xx_hal_exti.c"
  16              		.text
  17              	.Ltext0:
  18              		.cfi_sections	.debug_frame
  19              		.file 1 "Drivers/STM32F7xx_HAL_Driver/Src/stm32f7xx_hal_exti.c"
  20              		.section	.text.HAL_EXTI_SetConfigLine,"ax",%progbits
  21              		.align	1
  22              		.global	HAL_EXTI_SetConfigLine
  23              		.syntax unified
  24              		.thumb
  25              		.thumb_func
  27              	HAL_EXTI_SetConfigLine:
  28              	.LVL0:
  29              	.LFB141:
   1:Drivers/STM32F7xx_HAL_Driver/Src/stm32f7xx_hal_exti.c **** /**
   2:Drivers/STM32F7xx_HAL_Driver/Src/stm32f7xx_hal_exti.c ****   ******************************************************************************
   3:Drivers/STM32F7xx_HAL_Driver/Src/stm32f7xx_hal_exti.c ****   * @file    stm32F7xx_hal_exti.c
   4:Drivers/STM32F7xx_HAL_Driver/Src/stm32f7xx_hal_exti.c ****   * @author  MCD Application Team
   5:Drivers/STM32F7xx_HAL_Driver/Src/stm32f7xx_hal_exti.c ****   * @brief   EXTI HAL module driver.
   6:Drivers/STM32F7xx_HAL_Driver/Src/stm32f7xx_hal_exti.c ****   *          This file provides firmware functions to manage the following
   7:Drivers/STM32F7xx_HAL_Driver/Src/stm32f7xx_hal_exti.c ****   *          functionalities of the Extended Interrupts and events controller (EXTI) peripheral:
   8:Drivers/STM32F7xx_HAL_Driver/Src/stm32f7xx_hal_exti.c ****   *           + Initialization and de-initialization functions
   9:Drivers/STM32F7xx_HAL_Driver/Src/stm32f7xx_hal_exti.c ****   *           + IO operation functions
  10:Drivers/STM32F7xx_HAL_Driver/Src/stm32f7xx_hal_exti.c ****   *
  11:Drivers/STM32F7xx_HAL_Driver/Src/stm32f7xx_hal_exti.c ****   ******************************************************************************
  12:Drivers/STM32F7xx_HAL_Driver/Src/stm32f7xx_hal_exti.c ****   * @attention
  13:Drivers/STM32F7xx_HAL_Driver/Src/stm32f7xx_hal_exti.c ****   *
  14:Drivers/STM32F7xx_HAL_Driver/Src/stm32f7xx_hal_exti.c ****   * Copyright (c) 2018 STMicroelectronics.
  15:Drivers/STM32F7xx_HAL_Driver/Src/stm32f7xx_hal_exti.c ****   * All rights reserved.
  16:Drivers/STM32F7xx_HAL_Driver/Src/stm32f7xx_hal_exti.c ****   *
  17:Drivers/STM32F7xx_HAL_Driver/Src/stm32f7xx_hal_exti.c ****   * This software is licensed under terms that can be found in the LICENSE file
  18:Drivers/STM32F7xx_HAL_Driver/Src/stm32f7xx_hal_exti.c ****   * in the root directory of this software component.
  19:Drivers/STM32F7xx_HAL_Driver/Src/stm32f7xx_hal_exti.c ****   * If no LICENSE file comes with this software, it is provided AS-IS.
  20:Drivers/STM32F7xx_HAL_Driver/Src/stm32f7xx_hal_exti.c ****   *
  21:Drivers/STM32F7xx_HAL_Driver/Src/stm32f7xx_hal_exti.c ****   ******************************************************************************
  22:Drivers/STM32F7xx_HAL_Driver/Src/stm32f7xx_hal_exti.c ****   @verbatim
  23:Drivers/STM32F7xx_HAL_Driver/Src/stm32f7xx_hal_exti.c ****   ==============================================================================
  24:Drivers/STM32F7xx_HAL_Driver/Src/stm32f7xx_hal_exti.c ****                     ##### EXTI Peripheral features #####
  25:Drivers/STM32F7xx_HAL_Driver/Src/stm32f7xx_hal_exti.c ****   ==============================================================================
  26:Drivers/STM32F7xx_HAL_Driver/Src/stm32f7xx_hal_exti.c ****   [..]
  27:Drivers/STM32F7xx_HAL_Driver/Src/stm32f7xx_hal_exti.c ****     (+) Each Exti line can be configured within this driver.
  28:Drivers/STM32F7xx_HAL_Driver/Src/stm32f7xx_hal_exti.c **** 
  29:Drivers/STM32F7xx_HAL_Driver/Src/stm32f7xx_hal_exti.c ****     (+) Exti line can be configured in 3 different modes
ARM GAS  /tmp/ccCZH0gq.s 			page 2


  30:Drivers/STM32F7xx_HAL_Driver/Src/stm32f7xx_hal_exti.c ****         (++) Interrupt
  31:Drivers/STM32F7xx_HAL_Driver/Src/stm32f7xx_hal_exti.c ****         (++) Event
  32:Drivers/STM32F7xx_HAL_Driver/Src/stm32f7xx_hal_exti.c ****         (++) Both of them
  33:Drivers/STM32F7xx_HAL_Driver/Src/stm32f7xx_hal_exti.c **** 
  34:Drivers/STM32F7xx_HAL_Driver/Src/stm32f7xx_hal_exti.c ****     (+) Configurable Exti lines can be configured with 3 different triggers
  35:Drivers/STM32F7xx_HAL_Driver/Src/stm32f7xx_hal_exti.c ****         (++) Rising
  36:Drivers/STM32F7xx_HAL_Driver/Src/stm32f7xx_hal_exti.c ****         (++) Falling
  37:Drivers/STM32F7xx_HAL_Driver/Src/stm32f7xx_hal_exti.c ****         (++) Both of them
  38:Drivers/STM32F7xx_HAL_Driver/Src/stm32f7xx_hal_exti.c **** 
  39:Drivers/STM32F7xx_HAL_Driver/Src/stm32f7xx_hal_exti.c ****     (+) When set in interrupt mode, configurable Exti lines have two different
  40:Drivers/STM32F7xx_HAL_Driver/Src/stm32f7xx_hal_exti.c ****         interrupts pending registers which allow to distinguish which transition
  41:Drivers/STM32F7xx_HAL_Driver/Src/stm32f7xx_hal_exti.c ****         occurs:
  42:Drivers/STM32F7xx_HAL_Driver/Src/stm32f7xx_hal_exti.c ****         (++) Rising edge pending interrupt
  43:Drivers/STM32F7xx_HAL_Driver/Src/stm32f7xx_hal_exti.c ****         (++) Falling
  44:Drivers/STM32F7xx_HAL_Driver/Src/stm32f7xx_hal_exti.c **** 
  45:Drivers/STM32F7xx_HAL_Driver/Src/stm32f7xx_hal_exti.c ****     (+) Exti lines 0 to 15 are linked to gpio pin number 0 to 15. Gpio port can
  46:Drivers/STM32F7xx_HAL_Driver/Src/stm32f7xx_hal_exti.c ****         be selected through multiplexer.
  47:Drivers/STM32F7xx_HAL_Driver/Src/stm32f7xx_hal_exti.c **** 
  48:Drivers/STM32F7xx_HAL_Driver/Src/stm32f7xx_hal_exti.c ****                      ##### How to use this driver #####
  49:Drivers/STM32F7xx_HAL_Driver/Src/stm32f7xx_hal_exti.c ****   ==============================================================================
  50:Drivers/STM32F7xx_HAL_Driver/Src/stm32f7xx_hal_exti.c ****   [..]
  51:Drivers/STM32F7xx_HAL_Driver/Src/stm32f7xx_hal_exti.c **** 
  52:Drivers/STM32F7xx_HAL_Driver/Src/stm32f7xx_hal_exti.c ****     (#) Configure the EXTI line using HAL_EXTI_SetConfigLine().
  53:Drivers/STM32F7xx_HAL_Driver/Src/stm32f7xx_hal_exti.c ****         (++) Choose the interrupt line number by setting "Line" member from
  54:Drivers/STM32F7xx_HAL_Driver/Src/stm32f7xx_hal_exti.c ****              EXTI_ConfigTypeDef structure.
  55:Drivers/STM32F7xx_HAL_Driver/Src/stm32f7xx_hal_exti.c ****         (++) Configure the interrupt and/or event mode using "Mode" member from
  56:Drivers/STM32F7xx_HAL_Driver/Src/stm32f7xx_hal_exti.c ****              EXTI_ConfigTypeDef structure.
  57:Drivers/STM32F7xx_HAL_Driver/Src/stm32f7xx_hal_exti.c ****         (++) For configurable lines, configure rising and/or falling trigger
  58:Drivers/STM32F7xx_HAL_Driver/Src/stm32f7xx_hal_exti.c ****              "Trigger" member from EXTI_ConfigTypeDef structure.
  59:Drivers/STM32F7xx_HAL_Driver/Src/stm32f7xx_hal_exti.c ****         (++) For Exti lines linked to gpio, choose gpio port using "GPIOSel"
  60:Drivers/STM32F7xx_HAL_Driver/Src/stm32f7xx_hal_exti.c ****              member from GPIO_InitTypeDef structure.
  61:Drivers/STM32F7xx_HAL_Driver/Src/stm32f7xx_hal_exti.c **** 
  62:Drivers/STM32F7xx_HAL_Driver/Src/stm32f7xx_hal_exti.c ****     (#) Get current Exti configuration of a dedicated line using
  63:Drivers/STM32F7xx_HAL_Driver/Src/stm32f7xx_hal_exti.c ****         HAL_EXTI_GetConfigLine().
  64:Drivers/STM32F7xx_HAL_Driver/Src/stm32f7xx_hal_exti.c ****         (++) Provide exiting handle as parameter.
  65:Drivers/STM32F7xx_HAL_Driver/Src/stm32f7xx_hal_exti.c ****         (++) Provide pointer on EXTI_ConfigTypeDef structure as second parameter.
  66:Drivers/STM32F7xx_HAL_Driver/Src/stm32f7xx_hal_exti.c **** 
  67:Drivers/STM32F7xx_HAL_Driver/Src/stm32f7xx_hal_exti.c ****     (#) Clear Exti configuration of a dedicated line using HAL_EXTI_GetConfigLine().
  68:Drivers/STM32F7xx_HAL_Driver/Src/stm32f7xx_hal_exti.c ****         (++) Provide exiting handle as parameter.
  69:Drivers/STM32F7xx_HAL_Driver/Src/stm32f7xx_hal_exti.c **** 
  70:Drivers/STM32F7xx_HAL_Driver/Src/stm32f7xx_hal_exti.c ****     (#) Register callback to treat Exti interrupts using HAL_EXTI_RegisterCallback().
  71:Drivers/STM32F7xx_HAL_Driver/Src/stm32f7xx_hal_exti.c ****         (++) Provide exiting handle as first parameter.
  72:Drivers/STM32F7xx_HAL_Driver/Src/stm32f7xx_hal_exti.c ****         (++) Provide which callback will be registered using one value from
  73:Drivers/STM32F7xx_HAL_Driver/Src/stm32f7xx_hal_exti.c ****              EXTI_CallbackIDTypeDef.
  74:Drivers/STM32F7xx_HAL_Driver/Src/stm32f7xx_hal_exti.c ****         (++) Provide callback function pointer.
  75:Drivers/STM32F7xx_HAL_Driver/Src/stm32f7xx_hal_exti.c **** 
  76:Drivers/STM32F7xx_HAL_Driver/Src/stm32f7xx_hal_exti.c ****     (#) Get interrupt pending bit using HAL_EXTI_GetPending().
  77:Drivers/STM32F7xx_HAL_Driver/Src/stm32f7xx_hal_exti.c **** 
  78:Drivers/STM32F7xx_HAL_Driver/Src/stm32f7xx_hal_exti.c ****     (#) Clear interrupt pending bit using HAL_EXTI_GetPending().
  79:Drivers/STM32F7xx_HAL_Driver/Src/stm32f7xx_hal_exti.c **** 
  80:Drivers/STM32F7xx_HAL_Driver/Src/stm32f7xx_hal_exti.c ****     (#) Generate software interrupt using HAL_EXTI_GenerateSWI().
  81:Drivers/STM32F7xx_HAL_Driver/Src/stm32f7xx_hal_exti.c **** 
  82:Drivers/STM32F7xx_HAL_Driver/Src/stm32f7xx_hal_exti.c ****   @endverbatim
  83:Drivers/STM32F7xx_HAL_Driver/Src/stm32f7xx_hal_exti.c ****   */
  84:Drivers/STM32F7xx_HAL_Driver/Src/stm32f7xx_hal_exti.c **** 
  85:Drivers/STM32F7xx_HAL_Driver/Src/stm32f7xx_hal_exti.c **** /* Includes ------------------------------------------------------------------*/
  86:Drivers/STM32F7xx_HAL_Driver/Src/stm32f7xx_hal_exti.c **** #include "stm32f7xx_hal.h"
ARM GAS  /tmp/ccCZH0gq.s 			page 3


  87:Drivers/STM32F7xx_HAL_Driver/Src/stm32f7xx_hal_exti.c **** 
  88:Drivers/STM32F7xx_HAL_Driver/Src/stm32f7xx_hal_exti.c **** /** @addtogroup STM32F7xx_HAL_Driver
  89:Drivers/STM32F7xx_HAL_Driver/Src/stm32f7xx_hal_exti.c ****   * @{
  90:Drivers/STM32F7xx_HAL_Driver/Src/stm32f7xx_hal_exti.c ****   */
  91:Drivers/STM32F7xx_HAL_Driver/Src/stm32f7xx_hal_exti.c **** 
  92:Drivers/STM32F7xx_HAL_Driver/Src/stm32f7xx_hal_exti.c **** /** @addtogroup EXTI
  93:Drivers/STM32F7xx_HAL_Driver/Src/stm32f7xx_hal_exti.c ****   * @{
  94:Drivers/STM32F7xx_HAL_Driver/Src/stm32f7xx_hal_exti.c ****   */
  95:Drivers/STM32F7xx_HAL_Driver/Src/stm32f7xx_hal_exti.c **** /** MISRA C:2012 deviation rule has been granted for following rule:
  96:Drivers/STM32F7xx_HAL_Driver/Src/stm32f7xx_hal_exti.c ****   * Rule-18.1_b - Medium: Array `EXTICR' 1st subscript interval [0,7] may be out
  97:Drivers/STM32F7xx_HAL_Driver/Src/stm32f7xx_hal_exti.c ****   * of bounds [0,3] in following API :
  98:Drivers/STM32F7xx_HAL_Driver/Src/stm32f7xx_hal_exti.c ****   * HAL_EXTI_SetConfigLine
  99:Drivers/STM32F7xx_HAL_Driver/Src/stm32f7xx_hal_exti.c ****   * HAL_EXTI_GetConfigLine
 100:Drivers/STM32F7xx_HAL_Driver/Src/stm32f7xx_hal_exti.c ****   * HAL_EXTI_ClearConfigLine
 101:Drivers/STM32F7xx_HAL_Driver/Src/stm32f7xx_hal_exti.c ****   */
 102:Drivers/STM32F7xx_HAL_Driver/Src/stm32f7xx_hal_exti.c **** 
 103:Drivers/STM32F7xx_HAL_Driver/Src/stm32f7xx_hal_exti.c **** #ifdef HAL_EXTI_MODULE_ENABLED
 104:Drivers/STM32F7xx_HAL_Driver/Src/stm32f7xx_hal_exti.c **** 
 105:Drivers/STM32F7xx_HAL_Driver/Src/stm32f7xx_hal_exti.c **** /* Private typedef -----------------------------------------------------------*/
 106:Drivers/STM32F7xx_HAL_Driver/Src/stm32f7xx_hal_exti.c **** /* Private defines -----------------------------------------------------------*/
 107:Drivers/STM32F7xx_HAL_Driver/Src/stm32f7xx_hal_exti.c **** /** @defgroup EXTI_Private_Constants EXTI Private Constants
 108:Drivers/STM32F7xx_HAL_Driver/Src/stm32f7xx_hal_exti.c ****   * @{
 109:Drivers/STM32F7xx_HAL_Driver/Src/stm32f7xx_hal_exti.c ****   */
 110:Drivers/STM32F7xx_HAL_Driver/Src/stm32f7xx_hal_exti.c **** 
 111:Drivers/STM32F7xx_HAL_Driver/Src/stm32f7xx_hal_exti.c **** /**
 112:Drivers/STM32F7xx_HAL_Driver/Src/stm32f7xx_hal_exti.c ****   * @}
 113:Drivers/STM32F7xx_HAL_Driver/Src/stm32f7xx_hal_exti.c ****   */
 114:Drivers/STM32F7xx_HAL_Driver/Src/stm32f7xx_hal_exti.c **** 
 115:Drivers/STM32F7xx_HAL_Driver/Src/stm32f7xx_hal_exti.c **** /* Private macros ------------------------------------------------------------*/
 116:Drivers/STM32F7xx_HAL_Driver/Src/stm32f7xx_hal_exti.c **** /* Private variables ---------------------------------------------------------*/
 117:Drivers/STM32F7xx_HAL_Driver/Src/stm32f7xx_hal_exti.c **** /* Private function prototypes -----------------------------------------------*/
 118:Drivers/STM32F7xx_HAL_Driver/Src/stm32f7xx_hal_exti.c **** /* Exported functions --------------------------------------------------------*/
 119:Drivers/STM32F7xx_HAL_Driver/Src/stm32f7xx_hal_exti.c **** 
 120:Drivers/STM32F7xx_HAL_Driver/Src/stm32f7xx_hal_exti.c **** /** @addtogroup EXTI_Exported_Functions
 121:Drivers/STM32F7xx_HAL_Driver/Src/stm32f7xx_hal_exti.c ****   * @{
 122:Drivers/STM32F7xx_HAL_Driver/Src/stm32f7xx_hal_exti.c ****   */
 123:Drivers/STM32F7xx_HAL_Driver/Src/stm32f7xx_hal_exti.c **** 
 124:Drivers/STM32F7xx_HAL_Driver/Src/stm32f7xx_hal_exti.c **** /** @addtogroup EXTI_Exported_Functions_Group1
 125:Drivers/STM32F7xx_HAL_Driver/Src/stm32f7xx_hal_exti.c ****   *  @brief    Configuration functions
 126:Drivers/STM32F7xx_HAL_Driver/Src/stm32f7xx_hal_exti.c ****   *
 127:Drivers/STM32F7xx_HAL_Driver/Src/stm32f7xx_hal_exti.c **** @verbatim
 128:Drivers/STM32F7xx_HAL_Driver/Src/stm32f7xx_hal_exti.c ****  ===============================================================================
 129:Drivers/STM32F7xx_HAL_Driver/Src/stm32f7xx_hal_exti.c ****               ##### Configuration functions #####
 130:Drivers/STM32F7xx_HAL_Driver/Src/stm32f7xx_hal_exti.c ****  ===============================================================================
 131:Drivers/STM32F7xx_HAL_Driver/Src/stm32f7xx_hal_exti.c **** 
 132:Drivers/STM32F7xx_HAL_Driver/Src/stm32f7xx_hal_exti.c **** @endverbatim
 133:Drivers/STM32F7xx_HAL_Driver/Src/stm32f7xx_hal_exti.c ****   * @{
 134:Drivers/STM32F7xx_HAL_Driver/Src/stm32f7xx_hal_exti.c ****   */
 135:Drivers/STM32F7xx_HAL_Driver/Src/stm32f7xx_hal_exti.c **** 
 136:Drivers/STM32F7xx_HAL_Driver/Src/stm32f7xx_hal_exti.c **** /**
 137:Drivers/STM32F7xx_HAL_Driver/Src/stm32f7xx_hal_exti.c ****   * @brief  Set configuration of a dedicated Exti line.
 138:Drivers/STM32F7xx_HAL_Driver/Src/stm32f7xx_hal_exti.c ****   * @param  hexti Exti handle.
 139:Drivers/STM32F7xx_HAL_Driver/Src/stm32f7xx_hal_exti.c ****   * @param  pExtiConfig Pointer on EXTI configuration to be set.
 140:Drivers/STM32F7xx_HAL_Driver/Src/stm32f7xx_hal_exti.c ****   * @retval HAL Status.
 141:Drivers/STM32F7xx_HAL_Driver/Src/stm32f7xx_hal_exti.c ****   */
 142:Drivers/STM32F7xx_HAL_Driver/Src/stm32f7xx_hal_exti.c **** HAL_StatusTypeDef HAL_EXTI_SetConfigLine(EXTI_HandleTypeDef *hexti, EXTI_ConfigTypeDef *pExtiConfig
 143:Drivers/STM32F7xx_HAL_Driver/Src/stm32f7xx_hal_exti.c **** {
ARM GAS  /tmp/ccCZH0gq.s 			page 4


  30              		.loc 1 143 1 view -0
  31              		.cfi_startproc
  32              		@ args = 0, pretend = 0, frame = 0
  33              		@ frame_needed = 0, uses_anonymous_args = 0
  34              		@ link register save eliminated.
 144:Drivers/STM32F7xx_HAL_Driver/Src/stm32f7xx_hal_exti.c ****   uint32_t regval;
  35              		.loc 1 144 3 view .LVU1
 145:Drivers/STM32F7xx_HAL_Driver/Src/stm32f7xx_hal_exti.c ****   uint32_t linepos;
  36              		.loc 1 145 3 view .LVU2
 146:Drivers/STM32F7xx_HAL_Driver/Src/stm32f7xx_hal_exti.c ****   uint32_t maskline;
  37              		.loc 1 146 3 view .LVU3
 147:Drivers/STM32F7xx_HAL_Driver/Src/stm32f7xx_hal_exti.c **** 
 148:Drivers/STM32F7xx_HAL_Driver/Src/stm32f7xx_hal_exti.c ****   /* Check null pointer */
 149:Drivers/STM32F7xx_HAL_Driver/Src/stm32f7xx_hal_exti.c ****   if ((hexti == NULL) || (pExtiConfig == NULL))
  38              		.loc 1 149 3 view .LVU4
  39              		.loc 1 149 6 is_stmt 0 view .LVU5
  40 0000 0029     		cmp	r1, #0
  41 0002 18BF     		it	ne
  42 0004 0028     		cmpne	r0, #0
  43 0006 5FD0     		beq	.L11
 143:Drivers/STM32F7xx_HAL_Driver/Src/stm32f7xx_hal_exti.c ****   uint32_t regval;
  44              		.loc 1 143 1 view .LVU6
  45 0008 70B4     		push	{r4, r5, r6}
  46              	.LCFI0:
  47              		.cfi_def_cfa_offset 12
  48              		.cfi_offset 4, -12
  49              		.cfi_offset 5, -8
  50              		.cfi_offset 6, -4
  51 000a 0B46     		mov	r3, r1
 150:Drivers/STM32F7xx_HAL_Driver/Src/stm32f7xx_hal_exti.c ****   {
 151:Drivers/STM32F7xx_HAL_Driver/Src/stm32f7xx_hal_exti.c ****     return HAL_ERROR;
 152:Drivers/STM32F7xx_HAL_Driver/Src/stm32f7xx_hal_exti.c ****   }
 153:Drivers/STM32F7xx_HAL_Driver/Src/stm32f7xx_hal_exti.c **** 
 154:Drivers/STM32F7xx_HAL_Driver/Src/stm32f7xx_hal_exti.c ****   /* Check parameters */
 155:Drivers/STM32F7xx_HAL_Driver/Src/stm32f7xx_hal_exti.c ****   assert_param(IS_EXTI_LINE(pExtiConfig->Line));
  52              		.loc 1 155 3 is_stmt 1 view .LVU7
 156:Drivers/STM32F7xx_HAL_Driver/Src/stm32f7xx_hal_exti.c ****   assert_param(IS_EXTI_MODE(pExtiConfig->Mode));
  53              		.loc 1 156 3 view .LVU8
 157:Drivers/STM32F7xx_HAL_Driver/Src/stm32f7xx_hal_exti.c **** 
 158:Drivers/STM32F7xx_HAL_Driver/Src/stm32f7xx_hal_exti.c ****   /* Assign line number to handle */
 159:Drivers/STM32F7xx_HAL_Driver/Src/stm32f7xx_hal_exti.c ****   hexti->Line = pExtiConfig->Line;
  54              		.loc 1 159 3 view .LVU9
  55              		.loc 1 159 28 is_stmt 0 view .LVU10
  56 000c 0968     		ldr	r1, [r1]
  57              	.LVL1:
  58              		.loc 1 159 15 view .LVU11
  59 000e 0160     		str	r1, [r0]
 160:Drivers/STM32F7xx_HAL_Driver/Src/stm32f7xx_hal_exti.c **** 
 161:Drivers/STM32F7xx_HAL_Driver/Src/stm32f7xx_hal_exti.c ****   /* Compute line mask */
 162:Drivers/STM32F7xx_HAL_Driver/Src/stm32f7xx_hal_exti.c ****   linepos = (pExtiConfig->Line & EXTI_PIN_MASK);
  60              		.loc 1 162 3 is_stmt 1 view .LVU12
  61              		.loc 1 162 11 is_stmt 0 view .LVU13
  62 0010 01F01F00 		and	r0, r1, #31
  63              	.LVL2:
 163:Drivers/STM32F7xx_HAL_Driver/Src/stm32f7xx_hal_exti.c ****   maskline = (1uL << linepos);
  64              		.loc 1 163 3 is_stmt 1 view .LVU14
  65              		.loc 1 163 12 is_stmt 0 view .LVU15
ARM GAS  /tmp/ccCZH0gq.s 			page 5


  66 0014 0122     		movs	r2, #1
  67 0016 8240     		lsls	r2, r2, r0
  68              	.LVL3:
 164:Drivers/STM32F7xx_HAL_Driver/Src/stm32f7xx_hal_exti.c **** 
 165:Drivers/STM32F7xx_HAL_Driver/Src/stm32f7xx_hal_exti.c ****   /* Configure triggers for configurable lines */
 166:Drivers/STM32F7xx_HAL_Driver/Src/stm32f7xx_hal_exti.c ****   if ((pExtiConfig->Line & EXTI_CONFIG) != 0x00u)
  69              		.loc 1 166 3 is_stmt 1 view .LVU16
  70              		.loc 1 166 6 is_stmt 0 view .LVU17
  71 0018 11F0007F 		tst	r1, #33554432
  72 001c 15D0     		beq	.L3
 167:Drivers/STM32F7xx_HAL_Driver/Src/stm32f7xx_hal_exti.c ****   {
 168:Drivers/STM32F7xx_HAL_Driver/Src/stm32f7xx_hal_exti.c ****     assert_param(IS_EXTI_TRIGGER(pExtiConfig->Trigger));
  73              		.loc 1 168 5 is_stmt 1 view .LVU18
 169:Drivers/STM32F7xx_HAL_Driver/Src/stm32f7xx_hal_exti.c **** 
 170:Drivers/STM32F7xx_HAL_Driver/Src/stm32f7xx_hal_exti.c ****     /* Configure rising trigger */
 171:Drivers/STM32F7xx_HAL_Driver/Src/stm32f7xx_hal_exti.c ****     /* Mask or set line */
 172:Drivers/STM32F7xx_HAL_Driver/Src/stm32f7xx_hal_exti.c ****     if ((pExtiConfig->Trigger & EXTI_TRIGGER_RISING) != 0x00u)
  74              		.loc 1 172 5 view .LVU19
  75              		.loc 1 172 21 is_stmt 0 view .LVU20
  76 001e 9C68     		ldr	r4, [r3, #8]
  77              		.loc 1 172 8 view .LVU21
  78 0020 14F0010F 		tst	r4, #1
  79 0024 24D0     		beq	.L4
 173:Drivers/STM32F7xx_HAL_Driver/Src/stm32f7xx_hal_exti.c ****     {
 174:Drivers/STM32F7xx_HAL_Driver/Src/stm32f7xx_hal_exti.c ****       EXTI->RTSR |= maskline;
  80              		.loc 1 174 7 is_stmt 1 view .LVU22
  81              		.loc 1 174 11 is_stmt 0 view .LVU23
  82 0026 294D     		ldr	r5, .L17
  83 0028 AC68     		ldr	r4, [r5, #8]
  84              		.loc 1 174 18 view .LVU24
  85 002a 1443     		orrs	r4, r4, r2
  86 002c AC60     		str	r4, [r5, #8]
  87              	.L5:
 175:Drivers/STM32F7xx_HAL_Driver/Src/stm32f7xx_hal_exti.c ****     }
 176:Drivers/STM32F7xx_HAL_Driver/Src/stm32f7xx_hal_exti.c ****     else
 177:Drivers/STM32F7xx_HAL_Driver/Src/stm32f7xx_hal_exti.c ****     {
 178:Drivers/STM32F7xx_HAL_Driver/Src/stm32f7xx_hal_exti.c ****       EXTI->RTSR &= ~maskline;
 179:Drivers/STM32F7xx_HAL_Driver/Src/stm32f7xx_hal_exti.c ****     }
 180:Drivers/STM32F7xx_HAL_Driver/Src/stm32f7xx_hal_exti.c **** 
 181:Drivers/STM32F7xx_HAL_Driver/Src/stm32f7xx_hal_exti.c ****     /* Configure falling trigger */
 182:Drivers/STM32F7xx_HAL_Driver/Src/stm32f7xx_hal_exti.c ****     /* Mask or set line */
 183:Drivers/STM32F7xx_HAL_Driver/Src/stm32f7xx_hal_exti.c ****     if ((pExtiConfig->Trigger & EXTI_TRIGGER_FALLING) != 0x00u)
  88              		.loc 1 183 5 is_stmt 1 view .LVU25
  89              		.loc 1 183 21 is_stmt 0 view .LVU26
  90 002e 9C68     		ldr	r4, [r3, #8]
  91              		.loc 1 183 8 view .LVU27
  92 0030 14F0020F 		tst	r4, #2
  93 0034 22D0     		beq	.L6
 184:Drivers/STM32F7xx_HAL_Driver/Src/stm32f7xx_hal_exti.c ****     {
 185:Drivers/STM32F7xx_HAL_Driver/Src/stm32f7xx_hal_exti.c ****       EXTI->FTSR |= maskline;
  94              		.loc 1 185 7 is_stmt 1 view .LVU28
  95              		.loc 1 185 11 is_stmt 0 view .LVU29
  96 0036 254D     		ldr	r5, .L17
  97 0038 EC68     		ldr	r4, [r5, #12]
  98              		.loc 1 185 18 view .LVU30
  99 003a 1443     		orrs	r4, r4, r2
 100 003c EC60     		str	r4, [r5, #12]
ARM GAS  /tmp/ccCZH0gq.s 			page 6


 101              	.L7:
 186:Drivers/STM32F7xx_HAL_Driver/Src/stm32f7xx_hal_exti.c ****     }
 187:Drivers/STM32F7xx_HAL_Driver/Src/stm32f7xx_hal_exti.c ****     else
 188:Drivers/STM32F7xx_HAL_Driver/Src/stm32f7xx_hal_exti.c ****     {
 189:Drivers/STM32F7xx_HAL_Driver/Src/stm32f7xx_hal_exti.c ****       EXTI->FTSR &= ~maskline;
 190:Drivers/STM32F7xx_HAL_Driver/Src/stm32f7xx_hal_exti.c ****     }
 191:Drivers/STM32F7xx_HAL_Driver/Src/stm32f7xx_hal_exti.c **** 
 192:Drivers/STM32F7xx_HAL_Driver/Src/stm32f7xx_hal_exti.c **** 
 193:Drivers/STM32F7xx_HAL_Driver/Src/stm32f7xx_hal_exti.c ****     /* Configure gpio port selection in case of gpio exti line */
 194:Drivers/STM32F7xx_HAL_Driver/Src/stm32f7xx_hal_exti.c ****     if ((pExtiConfig->Line & EXTI_GPIO) == EXTI_GPIO)
 102              		.loc 1 194 5 is_stmt 1 view .LVU31
 103              		.loc 1 194 28 is_stmt 0 view .LVU32
 104 003e 1C68     		ldr	r4, [r3]
 105 0040 04F0C06C 		and	ip, r4, #100663296
 106              		.loc 1 194 8 view .LVU33
 107 0044 BCF1C06F 		cmp	ip, #100663296
 108 0048 1ED0     		beq	.L16
 109              	.LVL4:
 110              	.L3:
 195:Drivers/STM32F7xx_HAL_Driver/Src/stm32f7xx_hal_exti.c ****     {
 196:Drivers/STM32F7xx_HAL_Driver/Src/stm32f7xx_hal_exti.c ****       assert_param(IS_EXTI_GPIO_PORT(pExtiConfig->GPIOSel));
 197:Drivers/STM32F7xx_HAL_Driver/Src/stm32f7xx_hal_exti.c ****       assert_param(IS_EXTI_GPIO_PIN(linepos));
 198:Drivers/STM32F7xx_HAL_Driver/Src/stm32f7xx_hal_exti.c **** 
 199:Drivers/STM32F7xx_HAL_Driver/Src/stm32f7xx_hal_exti.c ****       regval = SYSCFG->EXTICR[linepos >> 2u];
 200:Drivers/STM32F7xx_HAL_Driver/Src/stm32f7xx_hal_exti.c ****       regval &= ~(SYSCFG_EXTICR1_EXTI0 << (SYSCFG_EXTICR1_EXTI1_Pos * (linepos & 0x03u)));
 201:Drivers/STM32F7xx_HAL_Driver/Src/stm32f7xx_hal_exti.c ****       regval |= (pExtiConfig->GPIOSel << (SYSCFG_EXTICR1_EXTI1_Pos * (linepos & 0x03u)));
 202:Drivers/STM32F7xx_HAL_Driver/Src/stm32f7xx_hal_exti.c ****       SYSCFG->EXTICR[linepos >> 2u] = regval;
 203:Drivers/STM32F7xx_HAL_Driver/Src/stm32f7xx_hal_exti.c ****     }
 204:Drivers/STM32F7xx_HAL_Driver/Src/stm32f7xx_hal_exti.c ****   }
 205:Drivers/STM32F7xx_HAL_Driver/Src/stm32f7xx_hal_exti.c **** 
 206:Drivers/STM32F7xx_HAL_Driver/Src/stm32f7xx_hal_exti.c ****   /* Configure interrupt mode : read current mode */
 207:Drivers/STM32F7xx_HAL_Driver/Src/stm32f7xx_hal_exti.c ****   /* Mask or set line */
 208:Drivers/STM32F7xx_HAL_Driver/Src/stm32f7xx_hal_exti.c ****   if ((pExtiConfig->Mode & EXTI_MODE_INTERRUPT) != 0x00u)
 111              		.loc 1 208 3 is_stmt 1 view .LVU34
 112              		.loc 1 208 19 is_stmt 0 view .LVU35
 113 004a 5968     		ldr	r1, [r3, #4]
 114              		.loc 1 208 6 view .LVU36
 115 004c 11F0010F 		tst	r1, #1
 116 0050 2DD0     		beq	.L8
 209:Drivers/STM32F7xx_HAL_Driver/Src/stm32f7xx_hal_exti.c ****   {
 210:Drivers/STM32F7xx_HAL_Driver/Src/stm32f7xx_hal_exti.c ****     EXTI->IMR |= maskline;
 117              		.loc 1 210 5 is_stmt 1 view .LVU37
 118              		.loc 1 210 9 is_stmt 0 view .LVU38
 119 0052 1E48     		ldr	r0, .L17
 120 0054 0168     		ldr	r1, [r0]
 121              		.loc 1 210 15 view .LVU39
 122 0056 1143     		orrs	r1, r1, r2
 123 0058 0160     		str	r1, [r0]
 124              	.L9:
 211:Drivers/STM32F7xx_HAL_Driver/Src/stm32f7xx_hal_exti.c ****   }
 212:Drivers/STM32F7xx_HAL_Driver/Src/stm32f7xx_hal_exti.c ****   else
 213:Drivers/STM32F7xx_HAL_Driver/Src/stm32f7xx_hal_exti.c ****   {
 214:Drivers/STM32F7xx_HAL_Driver/Src/stm32f7xx_hal_exti.c ****     EXTI->IMR &= ~maskline;
 215:Drivers/STM32F7xx_HAL_Driver/Src/stm32f7xx_hal_exti.c ****   }
 216:Drivers/STM32F7xx_HAL_Driver/Src/stm32f7xx_hal_exti.c **** 
 217:Drivers/STM32F7xx_HAL_Driver/Src/stm32f7xx_hal_exti.c ****   /* Configure event mode : read current mode */
 218:Drivers/STM32F7xx_HAL_Driver/Src/stm32f7xx_hal_exti.c ****   /* Mask or set line */
ARM GAS  /tmp/ccCZH0gq.s 			page 7


 219:Drivers/STM32F7xx_HAL_Driver/Src/stm32f7xx_hal_exti.c ****   if ((pExtiConfig->Mode & EXTI_MODE_EVENT) != 0x00u)
 125              		.loc 1 219 3 is_stmt 1 view .LVU40
 126              		.loc 1 219 19 is_stmt 0 view .LVU41
 127 005a 5B68     		ldr	r3, [r3, #4]
 128              	.LVL5:
 129              		.loc 1 219 6 view .LVU42
 130 005c 13F0020F 		tst	r3, #2
 131 0060 2BD0     		beq	.L10
 220:Drivers/STM32F7xx_HAL_Driver/Src/stm32f7xx_hal_exti.c ****   {
 221:Drivers/STM32F7xx_HAL_Driver/Src/stm32f7xx_hal_exti.c ****     EXTI->EMR |= maskline;
 132              		.loc 1 221 5 is_stmt 1 view .LVU43
 133              		.loc 1 221 9 is_stmt 0 view .LVU44
 134 0062 1A49     		ldr	r1, .L17
 135 0064 4B68     		ldr	r3, [r1, #4]
 136              		.loc 1 221 15 view .LVU45
 137 0066 1343     		orrs	r3, r3, r2
 138 0068 4B60     		str	r3, [r1, #4]
 222:Drivers/STM32F7xx_HAL_Driver/Src/stm32f7xx_hal_exti.c ****   }
 223:Drivers/STM32F7xx_HAL_Driver/Src/stm32f7xx_hal_exti.c ****   else
 224:Drivers/STM32F7xx_HAL_Driver/Src/stm32f7xx_hal_exti.c ****   {
 225:Drivers/STM32F7xx_HAL_Driver/Src/stm32f7xx_hal_exti.c ****     EXTI->EMR &= ~maskline;
 226:Drivers/STM32F7xx_HAL_Driver/Src/stm32f7xx_hal_exti.c ****   }
 227:Drivers/STM32F7xx_HAL_Driver/Src/stm32f7xx_hal_exti.c **** 
 228:Drivers/STM32F7xx_HAL_Driver/Src/stm32f7xx_hal_exti.c ****   return HAL_OK;
 139              		.loc 1 228 10 view .LVU46
 140 006a 0020     		movs	r0, #0
 141              	.L2:
 229:Drivers/STM32F7xx_HAL_Driver/Src/stm32f7xx_hal_exti.c **** }
 142              		.loc 1 229 1 view .LVU47
 143 006c 70BC     		pop	{r4, r5, r6}
 144              	.LCFI1:
 145              		.cfi_remember_state
 146              		.cfi_restore 6
 147              		.cfi_restore 5
 148              		.cfi_restore 4
 149              		.cfi_def_cfa_offset 0
 150 006e 7047     		bx	lr
 151              	.LVL6:
 152              	.L4:
 153              	.LCFI2:
 154              		.cfi_restore_state
 178:Drivers/STM32F7xx_HAL_Driver/Src/stm32f7xx_hal_exti.c ****     }
 155              		.loc 1 178 7 is_stmt 1 view .LVU48
 178:Drivers/STM32F7xx_HAL_Driver/Src/stm32f7xx_hal_exti.c ****     }
 156              		.loc 1 178 11 is_stmt 0 view .LVU49
 157 0070 164D     		ldr	r5, .L17
 158 0072 AC68     		ldr	r4, [r5, #8]
 178:Drivers/STM32F7xx_HAL_Driver/Src/stm32f7xx_hal_exti.c ****     }
 159              		.loc 1 178 18 view .LVU50
 160 0074 24EA0204 		bic	r4, r4, r2
 161 0078 AC60     		str	r4, [r5, #8]
 162 007a D8E7     		b	.L5
 163              	.L6:
 189:Drivers/STM32F7xx_HAL_Driver/Src/stm32f7xx_hal_exti.c ****     }
 164              		.loc 1 189 7 is_stmt 1 view .LVU51
 189:Drivers/STM32F7xx_HAL_Driver/Src/stm32f7xx_hal_exti.c ****     }
 165              		.loc 1 189 11 is_stmt 0 view .LVU52
ARM GAS  /tmp/ccCZH0gq.s 			page 8


 166 007c 134D     		ldr	r5, .L17
 167 007e EC68     		ldr	r4, [r5, #12]
 189:Drivers/STM32F7xx_HAL_Driver/Src/stm32f7xx_hal_exti.c ****     }
 168              		.loc 1 189 18 view .LVU53
 169 0080 24EA0204 		bic	r4, r4, r2
 170 0084 EC60     		str	r4, [r5, #12]
 171 0086 DAE7     		b	.L7
 172              	.L16:
 196:Drivers/STM32F7xx_HAL_Driver/Src/stm32f7xx_hal_exti.c ****       assert_param(IS_EXTI_GPIO_PIN(linepos));
 173              		.loc 1 196 7 is_stmt 1 view .LVU54
 197:Drivers/STM32F7xx_HAL_Driver/Src/stm32f7xx_hal_exti.c **** 
 174              		.loc 1 197 7 view .LVU55
 199:Drivers/STM32F7xx_HAL_Driver/Src/stm32f7xx_hal_exti.c ****       regval &= ~(SYSCFG_EXTICR1_EXTI0 << (SYSCFG_EXTICR1_EXTI1_Pos * (linepos & 0x03u)));
 175              		.loc 1 199 7 view .LVU56
 199:Drivers/STM32F7xx_HAL_Driver/Src/stm32f7xx_hal_exti.c ****       regval &= ~(SYSCFG_EXTICR1_EXTI0 << (SYSCFG_EXTICR1_EXTI1_Pos * (linepos & 0x03u)));
 176              		.loc 1 199 39 is_stmt 0 view .LVU57
 177 0088 8008     		lsrs	r0, r0, #2
 178              	.LVL7:
 199:Drivers/STM32F7xx_HAL_Driver/Src/stm32f7xx_hal_exti.c ****       regval &= ~(SYSCFG_EXTICR1_EXTI0 << (SYSCFG_EXTICR1_EXTI1_Pos * (linepos & 0x03u)));
 179              		.loc 1 199 14 view .LVU58
 180 008a 114E     		ldr	r6, .L17+4
 181 008c 0230     		adds	r0, r0, #2
 182 008e 56F82040 		ldr	r4, [r6, r0, lsl #2]
 183              	.LVL8:
 200:Drivers/STM32F7xx_HAL_Driver/Src/stm32f7xx_hal_exti.c ****       regval |= (pExtiConfig->GPIOSel << (SYSCFG_EXTICR1_EXTI1_Pos * (linepos & 0x03u)));
 184              		.loc 1 200 7 is_stmt 1 view .LVU59
 200:Drivers/STM32F7xx_HAL_Driver/Src/stm32f7xx_hal_exti.c ****       regval |= (pExtiConfig->GPIOSel << (SYSCFG_EXTICR1_EXTI1_Pos * (linepos & 0x03u)));
 185              		.loc 1 200 80 is_stmt 0 view .LVU60
 186 0092 01F00301 		and	r1, r1, #3
 187              	.LVL9:
 200:Drivers/STM32F7xx_HAL_Driver/Src/stm32f7xx_hal_exti.c ****       regval |= (pExtiConfig->GPIOSel << (SYSCFG_EXTICR1_EXTI1_Pos * (linepos & 0x03u)));
 188              		.loc 1 200 69 view .LVU61
 189 0096 8900     		lsls	r1, r1, #2
 200:Drivers/STM32F7xx_HAL_Driver/Src/stm32f7xx_hal_exti.c ****       regval |= (pExtiConfig->GPIOSel << (SYSCFG_EXTICR1_EXTI1_Pos * (linepos & 0x03u)));
 190              		.loc 1 200 40 view .LVU62
 191 0098 0F25     		movs	r5, #15
 192 009a 8D40     		lsls	r5, r5, r1
 200:Drivers/STM32F7xx_HAL_Driver/Src/stm32f7xx_hal_exti.c ****       regval |= (pExtiConfig->GPIOSel << (SYSCFG_EXTICR1_EXTI1_Pos * (linepos & 0x03u)));
 193              		.loc 1 200 14 view .LVU63
 194 009c 24EA0504 		bic	r4, r4, r5
 195              	.LVL10:
 201:Drivers/STM32F7xx_HAL_Driver/Src/stm32f7xx_hal_exti.c ****       SYSCFG->EXTICR[linepos >> 2u] = regval;
 196              		.loc 1 201 7 is_stmt 1 view .LVU64
 201:Drivers/STM32F7xx_HAL_Driver/Src/stm32f7xx_hal_exti.c ****       SYSCFG->EXTICR[linepos >> 2u] = regval;
 197              		.loc 1 201 39 is_stmt 0 view .LVU65
 198 00a0 DD68     		ldr	r5, [r3, #12]
 199 00a2 05FA01F1 		lsl	r1, r5, r1
 201:Drivers/STM32F7xx_HAL_Driver/Src/stm32f7xx_hal_exti.c ****       SYSCFG->EXTICR[linepos >> 2u] = regval;
 200              		.loc 1 201 14 view .LVU66
 201 00a6 2143     		orrs	r1, r1, r4
 202              	.LVL11:
 202:Drivers/STM32F7xx_HAL_Driver/Src/stm32f7xx_hal_exti.c ****     }
 203              		.loc 1 202 7 is_stmt 1 view .LVU67
 202:Drivers/STM32F7xx_HAL_Driver/Src/stm32f7xx_hal_exti.c ****     }
 204              		.loc 1 202 37 is_stmt 0 view .LVU68
 205 00a8 46F82010 		str	r1, [r6, r0, lsl #2]
 206 00ac CDE7     		b	.L3
ARM GAS  /tmp/ccCZH0gq.s 			page 9


 207              	.LVL12:
 208              	.L8:
 214:Drivers/STM32F7xx_HAL_Driver/Src/stm32f7xx_hal_exti.c ****   }
 209              		.loc 1 214 5 is_stmt 1 view .LVU69
 214:Drivers/STM32F7xx_HAL_Driver/Src/stm32f7xx_hal_exti.c ****   }
 210              		.loc 1 214 9 is_stmt 0 view .LVU70
 211 00ae 0748     		ldr	r0, .L17
 212 00b0 0168     		ldr	r1, [r0]
 214:Drivers/STM32F7xx_HAL_Driver/Src/stm32f7xx_hal_exti.c ****   }
 213              		.loc 1 214 15 view .LVU71
 214 00b2 21EA0201 		bic	r1, r1, r2
 215 00b6 0160     		str	r1, [r0]
 216 00b8 CFE7     		b	.L9
 217              	.LVL13:
 218              	.L10:
 225:Drivers/STM32F7xx_HAL_Driver/Src/stm32f7xx_hal_exti.c ****   }
 219              		.loc 1 225 5 is_stmt 1 view .LVU72
 225:Drivers/STM32F7xx_HAL_Driver/Src/stm32f7xx_hal_exti.c ****   }
 220              		.loc 1 225 9 is_stmt 0 view .LVU73
 221 00ba 0449     		ldr	r1, .L17
 222 00bc 4B68     		ldr	r3, [r1, #4]
 225:Drivers/STM32F7xx_HAL_Driver/Src/stm32f7xx_hal_exti.c ****   }
 223              		.loc 1 225 15 view .LVU74
 224 00be 23EA0203 		bic	r3, r3, r2
 225 00c2 4B60     		str	r3, [r1, #4]
 228:Drivers/STM32F7xx_HAL_Driver/Src/stm32f7xx_hal_exti.c **** }
 226              		.loc 1 228 10 view .LVU75
 227 00c4 0020     		movs	r0, #0
 228 00c6 D1E7     		b	.L2
 229              	.LVL14:
 230              	.L11:
 231              	.LCFI3:
 232              		.cfi_def_cfa_offset 0
 233              		.cfi_restore 4
 234              		.cfi_restore 5
 235              		.cfi_restore 6
 151:Drivers/STM32F7xx_HAL_Driver/Src/stm32f7xx_hal_exti.c ****   }
 236              		.loc 1 151 12 view .LVU76
 237 00c8 0120     		movs	r0, #1
 238              	.LVL15:
 239              		.loc 1 229 1 view .LVU77
 240 00ca 7047     		bx	lr
 241              	.L18:
 242              		.align	2
 243              	.L17:
 244 00cc 003C0140 		.word	1073822720
 245 00d0 00380140 		.word	1073821696
 246              		.cfi_endproc
 247              	.LFE141:
 249              		.section	.text.HAL_EXTI_GetConfigLine,"ax",%progbits
 250              		.align	1
 251              		.global	HAL_EXTI_GetConfigLine
 252              		.syntax unified
 253              		.thumb
 254              		.thumb_func
 256              	HAL_EXTI_GetConfigLine:
 257              	.LVL16:
ARM GAS  /tmp/ccCZH0gq.s 			page 10


 258              	.LFB142:
 230:Drivers/STM32F7xx_HAL_Driver/Src/stm32f7xx_hal_exti.c **** 
 231:Drivers/STM32F7xx_HAL_Driver/Src/stm32f7xx_hal_exti.c **** /**
 232:Drivers/STM32F7xx_HAL_Driver/Src/stm32f7xx_hal_exti.c ****   * @brief  Get configuration of a dedicated Exti line.
 233:Drivers/STM32F7xx_HAL_Driver/Src/stm32f7xx_hal_exti.c ****   * @param  hexti Exti handle.
 234:Drivers/STM32F7xx_HAL_Driver/Src/stm32f7xx_hal_exti.c ****   * @param  pExtiConfig Pointer on structure to store Exti configuration.
 235:Drivers/STM32F7xx_HAL_Driver/Src/stm32f7xx_hal_exti.c ****   * @retval HAL Status.
 236:Drivers/STM32F7xx_HAL_Driver/Src/stm32f7xx_hal_exti.c ****   */
 237:Drivers/STM32F7xx_HAL_Driver/Src/stm32f7xx_hal_exti.c **** HAL_StatusTypeDef HAL_EXTI_GetConfigLine(EXTI_HandleTypeDef *hexti, EXTI_ConfigTypeDef *pExtiConfig
 238:Drivers/STM32F7xx_HAL_Driver/Src/stm32f7xx_hal_exti.c **** {
 259              		.loc 1 238 1 is_stmt 1 view -0
 260              		.cfi_startproc
 261              		@ args = 0, pretend = 0, frame = 0
 262              		@ frame_needed = 0, uses_anonymous_args = 0
 263              		@ link register save eliminated.
 239:Drivers/STM32F7xx_HAL_Driver/Src/stm32f7xx_hal_exti.c ****   uint32_t regval;
 264              		.loc 1 239 3 view .LVU79
 240:Drivers/STM32F7xx_HAL_Driver/Src/stm32f7xx_hal_exti.c ****   uint32_t linepos;
 265              		.loc 1 240 3 view .LVU80
 241:Drivers/STM32F7xx_HAL_Driver/Src/stm32f7xx_hal_exti.c ****   uint32_t maskline;
 266              		.loc 1 241 3 view .LVU81
 242:Drivers/STM32F7xx_HAL_Driver/Src/stm32f7xx_hal_exti.c **** 
 243:Drivers/STM32F7xx_HAL_Driver/Src/stm32f7xx_hal_exti.c ****   /* Check null pointer */
 244:Drivers/STM32F7xx_HAL_Driver/Src/stm32f7xx_hal_exti.c ****   if ((hexti == NULL) || (pExtiConfig == NULL))
 267              		.loc 1 244 3 view .LVU82
 268              		.loc 1 244 39 is_stmt 0 view .LVU83
 269 0000 0B46     		mov	r3, r1
 270              		.loc 1 244 6 view .LVU84
 271 0002 0029     		cmp	r1, #0
 272 0004 18BF     		it	ne
 273 0006 0028     		cmpne	r0, #0
 274 0008 43D0     		beq	.L26
 245:Drivers/STM32F7xx_HAL_Driver/Src/stm32f7xx_hal_exti.c ****   {
 246:Drivers/STM32F7xx_HAL_Driver/Src/stm32f7xx_hal_exti.c ****     return HAL_ERROR;
 247:Drivers/STM32F7xx_HAL_Driver/Src/stm32f7xx_hal_exti.c ****   }
 248:Drivers/STM32F7xx_HAL_Driver/Src/stm32f7xx_hal_exti.c **** 
 249:Drivers/STM32F7xx_HAL_Driver/Src/stm32f7xx_hal_exti.c ****   /* Check the parameter */
 250:Drivers/STM32F7xx_HAL_Driver/Src/stm32f7xx_hal_exti.c ****   assert_param(IS_EXTI_LINE(hexti->Line));
 275              		.loc 1 250 3 is_stmt 1 view .LVU85
 251:Drivers/STM32F7xx_HAL_Driver/Src/stm32f7xx_hal_exti.c **** 
 252:Drivers/STM32F7xx_HAL_Driver/Src/stm32f7xx_hal_exti.c ****   /* Store handle line number to configuration structure */
 253:Drivers/STM32F7xx_HAL_Driver/Src/stm32f7xx_hal_exti.c ****   pExtiConfig->Line = hexti->Line;
 276              		.loc 1 253 3 view .LVU86
 277              		.loc 1 253 28 is_stmt 0 view .LVU87
 278 000a 0068     		ldr	r0, [r0]
 279              	.LVL17:
 280              		.loc 1 253 21 view .LVU88
 281 000c 0860     		str	r0, [r1]
 254:Drivers/STM32F7xx_HAL_Driver/Src/stm32f7xx_hal_exti.c **** 
 255:Drivers/STM32F7xx_HAL_Driver/Src/stm32f7xx_hal_exti.c ****   /* Compute line mask */
 256:Drivers/STM32F7xx_HAL_Driver/Src/stm32f7xx_hal_exti.c ****   linepos = (pExtiConfig->Line & EXTI_PIN_MASK);
 282              		.loc 1 256 3 is_stmt 1 view .LVU89
 283              		.loc 1 256 11 is_stmt 0 view .LVU90
 284 000e 00F01F0C 		and	ip, r0, #31
 285              	.LVL18:
 257:Drivers/STM32F7xx_HAL_Driver/Src/stm32f7xx_hal_exti.c ****   maskline = (1uL << linepos);
 286              		.loc 1 257 3 is_stmt 1 view .LVU91
ARM GAS  /tmp/ccCZH0gq.s 			page 11


 287              		.loc 1 257 12 is_stmt 0 view .LVU92
 288 0012 0122     		movs	r2, #1
 289 0014 02FA0CF2 		lsl	r2, r2, ip
 290              	.LVL19:
 258:Drivers/STM32F7xx_HAL_Driver/Src/stm32f7xx_hal_exti.c **** 
 259:Drivers/STM32F7xx_HAL_Driver/Src/stm32f7xx_hal_exti.c ****   /* 1] Get core mode : interrupt */
 260:Drivers/STM32F7xx_HAL_Driver/Src/stm32f7xx_hal_exti.c **** 
 261:Drivers/STM32F7xx_HAL_Driver/Src/stm32f7xx_hal_exti.c ****   /* Check if selected line is enable */
 262:Drivers/STM32F7xx_HAL_Driver/Src/stm32f7xx_hal_exti.c ****   if ((EXTI->IMR & maskline) != 0x00u)
 291              		.loc 1 262 3 is_stmt 1 view .LVU93
 292              		.loc 1 262 12 is_stmt 0 view .LVU94
 293 0018 2049     		ldr	r1, .L30
 294              	.LVL20:
 295              		.loc 1 262 12 view .LVU95
 296 001a 0968     		ldr	r1, [r1]
 297              		.loc 1 262 6 view .LVU96
 298 001c 1142     		tst	r1, r2
 299 001e 24D0     		beq	.L21
 263:Drivers/STM32F7xx_HAL_Driver/Src/stm32f7xx_hal_exti.c ****   {
 264:Drivers/STM32F7xx_HAL_Driver/Src/stm32f7xx_hal_exti.c ****     pExtiConfig->Mode = EXTI_MODE_INTERRUPT;
 300              		.loc 1 264 5 is_stmt 1 view .LVU97
 301              		.loc 1 264 23 is_stmt 0 view .LVU98
 302 0020 0121     		movs	r1, #1
 303 0022 5960     		str	r1, [r3, #4]
 304              	.L22:
 265:Drivers/STM32F7xx_HAL_Driver/Src/stm32f7xx_hal_exti.c ****   }
 266:Drivers/STM32F7xx_HAL_Driver/Src/stm32f7xx_hal_exti.c ****   else
 267:Drivers/STM32F7xx_HAL_Driver/Src/stm32f7xx_hal_exti.c ****   {
 268:Drivers/STM32F7xx_HAL_Driver/Src/stm32f7xx_hal_exti.c ****     pExtiConfig->Mode = EXTI_MODE_NONE;
 269:Drivers/STM32F7xx_HAL_Driver/Src/stm32f7xx_hal_exti.c ****   }
 270:Drivers/STM32F7xx_HAL_Driver/Src/stm32f7xx_hal_exti.c **** 
 271:Drivers/STM32F7xx_HAL_Driver/Src/stm32f7xx_hal_exti.c ****   /* Get event mode */
 272:Drivers/STM32F7xx_HAL_Driver/Src/stm32f7xx_hal_exti.c ****   /* Check if selected line is enable */
 273:Drivers/STM32F7xx_HAL_Driver/Src/stm32f7xx_hal_exti.c ****   if ((EXTI->EMR & maskline) != 0x00u)
 305              		.loc 1 273 3 is_stmt 1 view .LVU99
 306              		.loc 1 273 12 is_stmt 0 view .LVU100
 307 0024 1D49     		ldr	r1, .L30
 308 0026 4968     		ldr	r1, [r1, #4]
 309              		.loc 1 273 6 view .LVU101
 310 0028 1142     		tst	r1, r2
 311 002a 03D0     		beq	.L23
 274:Drivers/STM32F7xx_HAL_Driver/Src/stm32f7xx_hal_exti.c ****   {
 275:Drivers/STM32F7xx_HAL_Driver/Src/stm32f7xx_hal_exti.c ****     pExtiConfig->Mode |= EXTI_MODE_EVENT;
 312              		.loc 1 275 5 is_stmt 1 view .LVU102
 313              		.loc 1 275 16 is_stmt 0 view .LVU103
 314 002c 5968     		ldr	r1, [r3, #4]
 315              		.loc 1 275 23 view .LVU104
 316 002e 41F00201 		orr	r1, r1, #2
 317 0032 5960     		str	r1, [r3, #4]
 318              	.L23:
 276:Drivers/STM32F7xx_HAL_Driver/Src/stm32f7xx_hal_exti.c ****   }
 277:Drivers/STM32F7xx_HAL_Driver/Src/stm32f7xx_hal_exti.c **** 
 278:Drivers/STM32F7xx_HAL_Driver/Src/stm32f7xx_hal_exti.c ****   /* Get default Trigger and GPIOSel configuration */
 279:Drivers/STM32F7xx_HAL_Driver/Src/stm32f7xx_hal_exti.c ****   pExtiConfig->Trigger = EXTI_TRIGGER_NONE;
 319              		.loc 1 279 3 is_stmt 1 view .LVU105
 320              		.loc 1 279 24 is_stmt 0 view .LVU106
 321 0034 0021     		movs	r1, #0
ARM GAS  /tmp/ccCZH0gq.s 			page 12


 322 0036 9960     		str	r1, [r3, #8]
 280:Drivers/STM32F7xx_HAL_Driver/Src/stm32f7xx_hal_exti.c ****   pExtiConfig->GPIOSel = 0x00u;
 323              		.loc 1 280 3 is_stmt 1 view .LVU107
 324              		.loc 1 280 24 is_stmt 0 view .LVU108
 325 0038 D960     		str	r1, [r3, #12]
 281:Drivers/STM32F7xx_HAL_Driver/Src/stm32f7xx_hal_exti.c **** 
 282:Drivers/STM32F7xx_HAL_Driver/Src/stm32f7xx_hal_exti.c ****   /* 2] Get trigger for configurable lines : rising */
 283:Drivers/STM32F7xx_HAL_Driver/Src/stm32f7xx_hal_exti.c ****   if ((pExtiConfig->Line & EXTI_CONFIG) != 0x00u)
 326              		.loc 1 283 3 is_stmt 1 view .LVU109
 327              		.loc 1 283 6 is_stmt 0 view .LVU110
 328 003a 10F0007F 		tst	r0, #33554432
 329 003e 2AD0     		beq	.L27
 284:Drivers/STM32F7xx_HAL_Driver/Src/stm32f7xx_hal_exti.c ****   {
 285:Drivers/STM32F7xx_HAL_Driver/Src/stm32f7xx_hal_exti.c ****     /* Check if configuration of selected line is enable */
 286:Drivers/STM32F7xx_HAL_Driver/Src/stm32f7xx_hal_exti.c ****     if ((EXTI->RTSR & maskline) != 0x00u)
 330              		.loc 1 286 5 is_stmt 1 view .LVU111
 331              		.loc 1 286 14 is_stmt 0 view .LVU112
 332 0040 1649     		ldr	r1, .L30
 333 0042 8968     		ldr	r1, [r1, #8]
 334              		.loc 1 286 8 view .LVU113
 335 0044 1142     		tst	r1, r2
 336 0046 01D0     		beq	.L24
 287:Drivers/STM32F7xx_HAL_Driver/Src/stm32f7xx_hal_exti.c ****     {
 288:Drivers/STM32F7xx_HAL_Driver/Src/stm32f7xx_hal_exti.c ****       pExtiConfig->Trigger = EXTI_TRIGGER_RISING;
 337              		.loc 1 288 7 is_stmt 1 view .LVU114
 338              		.loc 1 288 28 is_stmt 0 view .LVU115
 339 0048 0121     		movs	r1, #1
 340 004a 9960     		str	r1, [r3, #8]
 341              	.L24:
 289:Drivers/STM32F7xx_HAL_Driver/Src/stm32f7xx_hal_exti.c ****     }
 290:Drivers/STM32F7xx_HAL_Driver/Src/stm32f7xx_hal_exti.c **** 
 291:Drivers/STM32F7xx_HAL_Driver/Src/stm32f7xx_hal_exti.c ****     /* Get falling configuration */
 292:Drivers/STM32F7xx_HAL_Driver/Src/stm32f7xx_hal_exti.c ****     /* Check if configuration of selected line is enable */
 293:Drivers/STM32F7xx_HAL_Driver/Src/stm32f7xx_hal_exti.c ****     if ((EXTI->FTSR & maskline) != 0x00u)
 342              		.loc 1 293 5 is_stmt 1 view .LVU116
 343              		.loc 1 293 14 is_stmt 0 view .LVU117
 344 004c 1349     		ldr	r1, .L30
 345 004e C968     		ldr	r1, [r1, #12]
 346              		.loc 1 293 8 view .LVU118
 347 0050 1142     		tst	r1, r2
 348 0052 03D0     		beq	.L25
 294:Drivers/STM32F7xx_HAL_Driver/Src/stm32f7xx_hal_exti.c ****     {
 295:Drivers/STM32F7xx_HAL_Driver/Src/stm32f7xx_hal_exti.c ****       pExtiConfig->Trigger |= EXTI_TRIGGER_FALLING;
 349              		.loc 1 295 7 is_stmt 1 view .LVU119
 350              		.loc 1 295 18 is_stmt 0 view .LVU120
 351 0054 9A68     		ldr	r2, [r3, #8]
 352              	.LVL21:
 353              		.loc 1 295 28 view .LVU121
 354 0056 42F00202 		orr	r2, r2, #2
 355 005a 9A60     		str	r2, [r3, #8]
 356              	.L25:
 296:Drivers/STM32F7xx_HAL_Driver/Src/stm32f7xx_hal_exti.c ****     }
 297:Drivers/STM32F7xx_HAL_Driver/Src/stm32f7xx_hal_exti.c **** 
 298:Drivers/STM32F7xx_HAL_Driver/Src/stm32f7xx_hal_exti.c ****     /* Get Gpio port selection for gpio lines */
 299:Drivers/STM32F7xx_HAL_Driver/Src/stm32f7xx_hal_exti.c ****     if ((pExtiConfig->Line & EXTI_GPIO) == EXTI_GPIO)
 357              		.loc 1 299 5 is_stmt 1 view .LVU122
 358              		.loc 1 299 28 is_stmt 0 view .LVU123
ARM GAS  /tmp/ccCZH0gq.s 			page 13


 359 005c 00F0C062 		and	r2, r0, #100663296
 360              		.loc 1 299 8 view .LVU124
 361 0060 B2F1C06F 		cmp	r2, #100663296
 362 0064 04D0     		beq	.L29
 300:Drivers/STM32F7xx_HAL_Driver/Src/stm32f7xx_hal_exti.c ****     {
 301:Drivers/STM32F7xx_HAL_Driver/Src/stm32f7xx_hal_exti.c ****       assert_param(IS_EXTI_GPIO_PIN(linepos));
 302:Drivers/STM32F7xx_HAL_Driver/Src/stm32f7xx_hal_exti.c **** 
 303:Drivers/STM32F7xx_HAL_Driver/Src/stm32f7xx_hal_exti.c ****       regval = SYSCFG->EXTICR[linepos >> 2u];
 304:Drivers/STM32F7xx_HAL_Driver/Src/stm32f7xx_hal_exti.c ****       pExtiConfig->GPIOSel = ((regval << (SYSCFG_EXTICR1_EXTI1_Pos * (3uL - (linepos & 0x03u)))) >>
 305:Drivers/STM32F7xx_HAL_Driver/Src/stm32f7xx_hal_exti.c ****     }
 306:Drivers/STM32F7xx_HAL_Driver/Src/stm32f7xx_hal_exti.c ****   }
 307:Drivers/STM32F7xx_HAL_Driver/Src/stm32f7xx_hal_exti.c **** 
 308:Drivers/STM32F7xx_HAL_Driver/Src/stm32f7xx_hal_exti.c ****   return HAL_OK;
 363              		.loc 1 308 10 view .LVU125
 364 0066 0020     		movs	r0, #0
 309:Drivers/STM32F7xx_HAL_Driver/Src/stm32f7xx_hal_exti.c **** }
 365              		.loc 1 309 1 view .LVU126
 366 0068 7047     		bx	lr
 367              	.LVL22:
 368              	.L21:
 268:Drivers/STM32F7xx_HAL_Driver/Src/stm32f7xx_hal_exti.c ****   }
 369              		.loc 1 268 5 is_stmt 1 view .LVU127
 268:Drivers/STM32F7xx_HAL_Driver/Src/stm32f7xx_hal_exti.c ****   }
 370              		.loc 1 268 23 is_stmt 0 view .LVU128
 371 006a 0021     		movs	r1, #0
 372 006c 5960     		str	r1, [r3, #4]
 373 006e D9E7     		b	.L22
 374              	.LVL23:
 375              	.L29:
 301:Drivers/STM32F7xx_HAL_Driver/Src/stm32f7xx_hal_exti.c **** 
 376              		.loc 1 301 7 is_stmt 1 view .LVU129
 303:Drivers/STM32F7xx_HAL_Driver/Src/stm32f7xx_hal_exti.c ****       pExtiConfig->GPIOSel = ((regval << (SYSCFG_EXTICR1_EXTI1_Pos * (3uL - (linepos & 0x03u)))) >>
 377              		.loc 1 303 7 view .LVU130
 303:Drivers/STM32F7xx_HAL_Driver/Src/stm32f7xx_hal_exti.c ****       pExtiConfig->GPIOSel = ((regval << (SYSCFG_EXTICR1_EXTI1_Pos * (3uL - (linepos & 0x03u)))) >>
 378              		.loc 1 303 39 is_stmt 0 view .LVU131
 379 0070 4FEA9C02 		lsr	r2, ip, #2
 303:Drivers/STM32F7xx_HAL_Driver/Src/stm32f7xx_hal_exti.c ****       pExtiConfig->GPIOSel = ((regval << (SYSCFG_EXTICR1_EXTI1_Pos * (3uL - (linepos & 0x03u)))) >>
 380              		.loc 1 303 14 view .LVU132
 381 0074 0232     		adds	r2, r2, #2
 382 0076 0A49     		ldr	r1, .L30+4
 383 0078 51F82210 		ldr	r1, [r1, r2, lsl #2]
 384              	.LVL24:
 304:Drivers/STM32F7xx_HAL_Driver/Src/stm32f7xx_hal_exti.c ****     }
 385              		.loc 1 304 7 is_stmt 1 view .LVU133
 304:Drivers/STM32F7xx_HAL_Driver/Src/stm32f7xx_hal_exti.c ****     }
 386              		.loc 1 304 75 is_stmt 0 view .LVU134
 387 007c 6FEA0C02 		mvn	r2, ip
 388 0080 02F00302 		and	r2, r2, #3
 304:Drivers/STM32F7xx_HAL_Driver/Src/stm32f7xx_hal_exti.c ****     }
 389              		.loc 1 304 68 view .LVU135
 390 0084 9200     		lsls	r2, r2, #2
 304:Drivers/STM32F7xx_HAL_Driver/Src/stm32f7xx_hal_exti.c ****     }
 391              		.loc 1 304 39 view .LVU136
 392 0086 01FA02F2 		lsl	r2, r1, r2
 304:Drivers/STM32F7xx_HAL_Driver/Src/stm32f7xx_hal_exti.c ****     }
 393              		.loc 1 304 98 view .LVU137
 394 008a 120E     		lsrs	r2, r2, #24
ARM GAS  /tmp/ccCZH0gq.s 			page 14


 304:Drivers/STM32F7xx_HAL_Driver/Src/stm32f7xx_hal_exti.c ****     }
 395              		.loc 1 304 28 view .LVU138
 396 008c DA60     		str	r2, [r3, #12]
 308:Drivers/STM32F7xx_HAL_Driver/Src/stm32f7xx_hal_exti.c **** }
 397              		.loc 1 308 10 view .LVU139
 398 008e 0020     		movs	r0, #0
 399 0090 7047     		bx	lr
 400              	.LVL25:
 401              	.L26:
 246:Drivers/STM32F7xx_HAL_Driver/Src/stm32f7xx_hal_exti.c ****   }
 402              		.loc 1 246 12 view .LVU140
 403 0092 0120     		movs	r0, #1
 404              	.LVL26:
 246:Drivers/STM32F7xx_HAL_Driver/Src/stm32f7xx_hal_exti.c ****   }
 405              		.loc 1 246 12 view .LVU141
 406 0094 7047     		bx	lr
 407              	.LVL27:
 408              	.L27:
 308:Drivers/STM32F7xx_HAL_Driver/Src/stm32f7xx_hal_exti.c **** }
 409              		.loc 1 308 10 view .LVU142
 410 0096 0020     		movs	r0, #0
 411 0098 7047     		bx	lr
 412              	.L31:
 413 009a 00BF     		.align	2
 414              	.L30:
 415 009c 003C0140 		.word	1073822720
 416 00a0 00380140 		.word	1073821696
 417              		.cfi_endproc
 418              	.LFE142:
 420              		.section	.text.HAL_EXTI_ClearConfigLine,"ax",%progbits
 421              		.align	1
 422              		.global	HAL_EXTI_ClearConfigLine
 423              		.syntax unified
 424              		.thumb
 425              		.thumb_func
 427              	HAL_EXTI_ClearConfigLine:
 428              	.LVL28:
 429              	.LFB143:
 310:Drivers/STM32F7xx_HAL_Driver/Src/stm32f7xx_hal_exti.c **** 
 311:Drivers/STM32F7xx_HAL_Driver/Src/stm32f7xx_hal_exti.c **** /**
 312:Drivers/STM32F7xx_HAL_Driver/Src/stm32f7xx_hal_exti.c ****   * @brief  Clear whole configuration of a dedicated Exti line.
 313:Drivers/STM32F7xx_HAL_Driver/Src/stm32f7xx_hal_exti.c ****   * @param  hexti Exti handle.
 314:Drivers/STM32F7xx_HAL_Driver/Src/stm32f7xx_hal_exti.c ****   * @retval HAL Status.
 315:Drivers/STM32F7xx_HAL_Driver/Src/stm32f7xx_hal_exti.c ****   */
 316:Drivers/STM32F7xx_HAL_Driver/Src/stm32f7xx_hal_exti.c **** HAL_StatusTypeDef HAL_EXTI_ClearConfigLine(EXTI_HandleTypeDef *hexti)
 317:Drivers/STM32F7xx_HAL_Driver/Src/stm32f7xx_hal_exti.c **** {
 430              		.loc 1 317 1 is_stmt 1 view -0
 431              		.cfi_startproc
 432              		@ args = 0, pretend = 0, frame = 0
 433              		@ frame_needed = 0, uses_anonymous_args = 0
 318:Drivers/STM32F7xx_HAL_Driver/Src/stm32f7xx_hal_exti.c ****   uint32_t regval;
 434              		.loc 1 318 3 view .LVU144
 319:Drivers/STM32F7xx_HAL_Driver/Src/stm32f7xx_hal_exti.c ****   uint32_t linepos;
 435              		.loc 1 319 3 view .LVU145
 320:Drivers/STM32F7xx_HAL_Driver/Src/stm32f7xx_hal_exti.c ****   uint32_t maskline;
 436              		.loc 1 320 3 view .LVU146
 321:Drivers/STM32F7xx_HAL_Driver/Src/stm32f7xx_hal_exti.c **** 
ARM GAS  /tmp/ccCZH0gq.s 			page 15


 322:Drivers/STM32F7xx_HAL_Driver/Src/stm32f7xx_hal_exti.c ****   /* Check null pointer */
 323:Drivers/STM32F7xx_HAL_Driver/Src/stm32f7xx_hal_exti.c ****   if (hexti == NULL)
 437              		.loc 1 323 3 view .LVU147
 438              		.loc 1 323 6 is_stmt 0 view .LVU148
 439 0000 0028     		cmp	r0, #0
 440 0002 37D0     		beq	.L34
 317:Drivers/STM32F7xx_HAL_Driver/Src/stm32f7xx_hal_exti.c ****   uint32_t regval;
 441              		.loc 1 317 1 view .LVU149
 442 0004 10B5     		push	{r4, lr}
 443              	.LCFI4:
 444              		.cfi_def_cfa_offset 8
 445              		.cfi_offset 4, -8
 446              		.cfi_offset 14, -4
 447 0006 8446     		mov	ip, r0
 324:Drivers/STM32F7xx_HAL_Driver/Src/stm32f7xx_hal_exti.c ****   {
 325:Drivers/STM32F7xx_HAL_Driver/Src/stm32f7xx_hal_exti.c ****     return HAL_ERROR;
 326:Drivers/STM32F7xx_HAL_Driver/Src/stm32f7xx_hal_exti.c ****   }
 327:Drivers/STM32F7xx_HAL_Driver/Src/stm32f7xx_hal_exti.c **** 
 328:Drivers/STM32F7xx_HAL_Driver/Src/stm32f7xx_hal_exti.c ****   /* Check the parameter */
 329:Drivers/STM32F7xx_HAL_Driver/Src/stm32f7xx_hal_exti.c ****   assert_param(IS_EXTI_LINE(hexti->Line));
 448              		.loc 1 329 3 is_stmt 1 view .LVU150
 330:Drivers/STM32F7xx_HAL_Driver/Src/stm32f7xx_hal_exti.c **** 
 331:Drivers/STM32F7xx_HAL_Driver/Src/stm32f7xx_hal_exti.c ****   /* compute line mask */
 332:Drivers/STM32F7xx_HAL_Driver/Src/stm32f7xx_hal_exti.c ****   linepos = (hexti->Line & EXTI_PIN_MASK);
 449              		.loc 1 332 3 view .LVU151
 450              		.loc 1 332 19 is_stmt 0 view .LVU152
 451 0008 0468     		ldr	r4, [r0]
 452              		.loc 1 332 11 view .LVU153
 453 000a 04F01F00 		and	r0, r4, #31
 454              	.LVL29:
 333:Drivers/STM32F7xx_HAL_Driver/Src/stm32f7xx_hal_exti.c ****   maskline = (1uL << linepos);
 455              		.loc 1 333 3 is_stmt 1 view .LVU154
 456              		.loc 1 333 12 is_stmt 0 view .LVU155
 457 000e 0123     		movs	r3, #1
 458 0010 8340     		lsls	r3, r3, r0
 459              	.LVL30:
 334:Drivers/STM32F7xx_HAL_Driver/Src/stm32f7xx_hal_exti.c **** 
 335:Drivers/STM32F7xx_HAL_Driver/Src/stm32f7xx_hal_exti.c ****   /* 1] Clear interrupt mode */
 336:Drivers/STM32F7xx_HAL_Driver/Src/stm32f7xx_hal_exti.c ****   EXTI->IMR = (EXTI->IMR & ~maskline);
 460              		.loc 1 336 3 is_stmt 1 view .LVU156
 461              		.loc 1 336 20 is_stmt 0 view .LVU157
 462 0012 1A4A     		ldr	r2, .L42
 463 0014 1168     		ldr	r1, [r2]
 464              		.loc 1 336 28 view .LVU158
 465 0016 6FEA030E 		mvn	lr, r3
 466              		.loc 1 336 26 view .LVU159
 467 001a 21EA0301 		bic	r1, r1, r3
 468              		.loc 1 336 13 view .LVU160
 469 001e 1160     		str	r1, [r2]
 337:Drivers/STM32F7xx_HAL_Driver/Src/stm32f7xx_hal_exti.c **** 
 338:Drivers/STM32F7xx_HAL_Driver/Src/stm32f7xx_hal_exti.c ****   /* 2] Clear event mode */
 339:Drivers/STM32F7xx_HAL_Driver/Src/stm32f7xx_hal_exti.c ****   EXTI->EMR = (EXTI->EMR & ~maskline);
 470              		.loc 1 339 3 is_stmt 1 view .LVU161
 471              		.loc 1 339 20 is_stmt 0 view .LVU162
 472 0020 5168     		ldr	r1, [r2, #4]
 473              		.loc 1 339 26 view .LVU163
 474 0022 21EA0303 		bic	r3, r1, r3
ARM GAS  /tmp/ccCZH0gq.s 			page 16


 475              	.LVL31:
 476              		.loc 1 339 13 view .LVU164
 477 0026 5360     		str	r3, [r2, #4]
 340:Drivers/STM32F7xx_HAL_Driver/Src/stm32f7xx_hal_exti.c **** 
 341:Drivers/STM32F7xx_HAL_Driver/Src/stm32f7xx_hal_exti.c ****   /* 3] Clear triggers in case of configurable lines */
 342:Drivers/STM32F7xx_HAL_Driver/Src/stm32f7xx_hal_exti.c ****   if ((hexti->Line & EXTI_CONFIG) != 0x00u)
 478              		.loc 1 342 3 is_stmt 1 view .LVU165
 479              		.loc 1 342 13 is_stmt 0 view .LVU166
 480 0028 DCF80030 		ldr	r3, [ip]
 481              		.loc 1 342 6 view .LVU167
 482 002c 13F0007F 		tst	r3, #33554432
 483 0030 22D0     		beq	.L35
 343:Drivers/STM32F7xx_HAL_Driver/Src/stm32f7xx_hal_exti.c ****   {
 344:Drivers/STM32F7xx_HAL_Driver/Src/stm32f7xx_hal_exti.c ****     EXTI->RTSR = (EXTI->RTSR & ~maskline);
 484              		.loc 1 344 5 is_stmt 1 view .LVU168
 485              		.loc 1 344 23 is_stmt 0 view .LVU169
 486 0032 9368     		ldr	r3, [r2, #8]
 487              		.loc 1 344 30 view .LVU170
 488 0034 0EEA0303 		and	r3, lr, r3
 489              		.loc 1 344 16 view .LVU171
 490 0038 9360     		str	r3, [r2, #8]
 345:Drivers/STM32F7xx_HAL_Driver/Src/stm32f7xx_hal_exti.c ****     EXTI->FTSR = (EXTI->FTSR & ~maskline);
 491              		.loc 1 345 5 is_stmt 1 view .LVU172
 492              		.loc 1 345 23 is_stmt 0 view .LVU173
 493 003a D368     		ldr	r3, [r2, #12]
 494              		.loc 1 345 30 view .LVU174
 495 003c 0EEA0303 		and	r3, lr, r3
 496              		.loc 1 345 16 view .LVU175
 497 0040 D360     		str	r3, [r2, #12]
 346:Drivers/STM32F7xx_HAL_Driver/Src/stm32f7xx_hal_exti.c **** 
 347:Drivers/STM32F7xx_HAL_Driver/Src/stm32f7xx_hal_exti.c ****     /* Get Gpio port selection for gpio lines */
 348:Drivers/STM32F7xx_HAL_Driver/Src/stm32f7xx_hal_exti.c ****     if ((hexti->Line & EXTI_GPIO) == EXTI_GPIO)
 498              		.loc 1 348 5 is_stmt 1 view .LVU176
 499              		.loc 1 348 15 is_stmt 0 view .LVU177
 500 0042 DCF80030 		ldr	r3, [ip]
 501              		.loc 1 348 22 view .LVU178
 502 0046 03F0C063 		and	r3, r3, #100663296
 503              		.loc 1 348 8 view .LVU179
 504 004a B3F1C06F 		cmp	r3, #100663296
 505 004e 01D0     		beq	.L41
 349:Drivers/STM32F7xx_HAL_Driver/Src/stm32f7xx_hal_exti.c ****     {
 350:Drivers/STM32F7xx_HAL_Driver/Src/stm32f7xx_hal_exti.c ****       assert_param(IS_EXTI_GPIO_PIN(linepos));
 351:Drivers/STM32F7xx_HAL_Driver/Src/stm32f7xx_hal_exti.c **** 
 352:Drivers/STM32F7xx_HAL_Driver/Src/stm32f7xx_hal_exti.c ****       regval = SYSCFG->EXTICR[linepos >> 2u];
 353:Drivers/STM32F7xx_HAL_Driver/Src/stm32f7xx_hal_exti.c ****       regval &= ~(SYSCFG_EXTICR1_EXTI0 << (SYSCFG_EXTICR1_EXTI1_Pos * (linepos & 0x03u)));
 354:Drivers/STM32F7xx_HAL_Driver/Src/stm32f7xx_hal_exti.c ****       SYSCFG->EXTICR[linepos >> 2u] = regval;
 355:Drivers/STM32F7xx_HAL_Driver/Src/stm32f7xx_hal_exti.c ****     }
 356:Drivers/STM32F7xx_HAL_Driver/Src/stm32f7xx_hal_exti.c ****   }
 357:Drivers/STM32F7xx_HAL_Driver/Src/stm32f7xx_hal_exti.c **** 
 358:Drivers/STM32F7xx_HAL_Driver/Src/stm32f7xx_hal_exti.c ****   return HAL_OK;
 506              		.loc 1 358 10 view .LVU180
 507 0050 0020     		movs	r0, #0
 508              	.LVL32:
 509              		.loc 1 358 10 view .LVU181
 510 0052 12E0     		b	.L33
 511              	.LVL33:
 512              	.L41:
ARM GAS  /tmp/ccCZH0gq.s 			page 17


 350:Drivers/STM32F7xx_HAL_Driver/Src/stm32f7xx_hal_exti.c **** 
 513              		.loc 1 350 7 is_stmt 1 view .LVU182
 352:Drivers/STM32F7xx_HAL_Driver/Src/stm32f7xx_hal_exti.c ****       regval &= ~(SYSCFG_EXTICR1_EXTI0 << (SYSCFG_EXTICR1_EXTI1_Pos * (linepos & 0x03u)));
 514              		.loc 1 352 7 view .LVU183
 352:Drivers/STM32F7xx_HAL_Driver/Src/stm32f7xx_hal_exti.c ****       regval &= ~(SYSCFG_EXTICR1_EXTI0 << (SYSCFG_EXTICR1_EXTI1_Pos * (linepos & 0x03u)));
 515              		.loc 1 352 39 is_stmt 0 view .LVU184
 516 0054 8008     		lsrs	r0, r0, #2
 517              	.LVL34:
 352:Drivers/STM32F7xx_HAL_Driver/Src/stm32f7xx_hal_exti.c ****       regval &= ~(SYSCFG_EXTICR1_EXTI0 << (SYSCFG_EXTICR1_EXTI1_Pos * (linepos & 0x03u)));
 518              		.loc 1 352 14 view .LVU185
 519 0056 0A49     		ldr	r1, .L42+4
 520 0058 0230     		adds	r0, r0, #2
 521 005a 51F82030 		ldr	r3, [r1, r0, lsl #2]
 522              	.LVL35:
 353:Drivers/STM32F7xx_HAL_Driver/Src/stm32f7xx_hal_exti.c ****       SYSCFG->EXTICR[linepos >> 2u] = regval;
 523              		.loc 1 353 7 is_stmt 1 view .LVU186
 353:Drivers/STM32F7xx_HAL_Driver/Src/stm32f7xx_hal_exti.c ****       SYSCFG->EXTICR[linepos >> 2u] = regval;
 524              		.loc 1 353 80 is_stmt 0 view .LVU187
 525 005e 04F00304 		and	r4, r4, #3
 526              	.LVL36:
 353:Drivers/STM32F7xx_HAL_Driver/Src/stm32f7xx_hal_exti.c ****       SYSCFG->EXTICR[linepos >> 2u] = regval;
 527              		.loc 1 353 69 view .LVU188
 528 0062 A400     		lsls	r4, r4, #2
 353:Drivers/STM32F7xx_HAL_Driver/Src/stm32f7xx_hal_exti.c ****       SYSCFG->EXTICR[linepos >> 2u] = regval;
 529              		.loc 1 353 40 view .LVU189
 530 0064 0F22     		movs	r2, #15
 531 0066 A240     		lsls	r2, r2, r4
 353:Drivers/STM32F7xx_HAL_Driver/Src/stm32f7xx_hal_exti.c ****       SYSCFG->EXTICR[linepos >> 2u] = regval;
 532              		.loc 1 353 14 view .LVU190
 533 0068 23EA0203 		bic	r3, r3, r2
 534              	.LVL37:
 354:Drivers/STM32F7xx_HAL_Driver/Src/stm32f7xx_hal_exti.c ****     }
 535              		.loc 1 354 7 is_stmt 1 view .LVU191
 354:Drivers/STM32F7xx_HAL_Driver/Src/stm32f7xx_hal_exti.c ****     }
 536              		.loc 1 354 37 is_stmt 0 view .LVU192
 537 006c 41F82030 		str	r3, [r1, r0, lsl #2]
 538              		.loc 1 358 10 view .LVU193
 539 0070 0020     		movs	r0, #0
 540 0072 02E0     		b	.L33
 541              	.LVL38:
 542              	.L34:
 543              	.LCFI5:
 544              		.cfi_def_cfa_offset 0
 545              		.cfi_restore 4
 546              		.cfi_restore 14
 325:Drivers/STM32F7xx_HAL_Driver/Src/stm32f7xx_hal_exti.c ****   }
 547              		.loc 1 325 12 view .LVU194
 548 0074 0120     		movs	r0, #1
 549              	.LVL39:
 359:Drivers/STM32F7xx_HAL_Driver/Src/stm32f7xx_hal_exti.c **** }
 550              		.loc 1 359 1 view .LVU195
 551 0076 7047     		bx	lr
 552              	.LVL40:
 553              	.L35:
 554              	.LCFI6:
 555              		.cfi_def_cfa_offset 8
 556              		.cfi_offset 4, -8
ARM GAS  /tmp/ccCZH0gq.s 			page 18


 557              		.cfi_offset 14, -4
 358:Drivers/STM32F7xx_HAL_Driver/Src/stm32f7xx_hal_exti.c **** }
 558              		.loc 1 358 10 view .LVU196
 559 0078 0020     		movs	r0, #0
 560              	.LVL41:
 561              	.L33:
 562              		.loc 1 359 1 view .LVU197
 563 007a 10BD     		pop	{r4, pc}
 564              	.L43:
 565              		.align	2
 566              	.L42:
 567 007c 003C0140 		.word	1073822720
 568 0080 00380140 		.word	1073821696
 569              		.cfi_endproc
 570              	.LFE143:
 572              		.section	.text.HAL_EXTI_RegisterCallback,"ax",%progbits
 573              		.align	1
 574              		.global	HAL_EXTI_RegisterCallback
 575              		.syntax unified
 576              		.thumb
 577              		.thumb_func
 579              	HAL_EXTI_RegisterCallback:
 580              	.LVL42:
 581              	.LFB144:
 360:Drivers/STM32F7xx_HAL_Driver/Src/stm32f7xx_hal_exti.c **** 
 361:Drivers/STM32F7xx_HAL_Driver/Src/stm32f7xx_hal_exti.c **** /**
 362:Drivers/STM32F7xx_HAL_Driver/Src/stm32f7xx_hal_exti.c ****   * @brief  Register callback for a dedicated Exti line.
 363:Drivers/STM32F7xx_HAL_Driver/Src/stm32f7xx_hal_exti.c ****   * @param  hexti Exti handle.
 364:Drivers/STM32F7xx_HAL_Driver/Src/stm32f7xx_hal_exti.c ****   * @param  CallbackID User callback identifier.
 365:Drivers/STM32F7xx_HAL_Driver/Src/stm32f7xx_hal_exti.c ****   *         This parameter can be one of @arg @ref EXTI_CallbackIDTypeDef values.
 366:Drivers/STM32F7xx_HAL_Driver/Src/stm32f7xx_hal_exti.c ****   * @param  pPendingCbfn function pointer to be stored as callback.
 367:Drivers/STM32F7xx_HAL_Driver/Src/stm32f7xx_hal_exti.c ****   * @retval HAL Status.
 368:Drivers/STM32F7xx_HAL_Driver/Src/stm32f7xx_hal_exti.c ****   */
 369:Drivers/STM32F7xx_HAL_Driver/Src/stm32f7xx_hal_exti.c **** HAL_StatusTypeDef HAL_EXTI_RegisterCallback(EXTI_HandleTypeDef *hexti, EXTI_CallbackIDTypeDef Callb
 370:Drivers/STM32F7xx_HAL_Driver/Src/stm32f7xx_hal_exti.c **** {
 582              		.loc 1 370 1 is_stmt 1 view -0
 583              		.cfi_startproc
 584              		@ args = 0, pretend = 0, frame = 0
 585              		@ frame_needed = 0, uses_anonymous_args = 0
 586              		@ link register save eliminated.
 587              		.loc 1 370 1 is_stmt 0 view .LVU199
 588 0000 0346     		mov	r3, r0
 371:Drivers/STM32F7xx_HAL_Driver/Src/stm32f7xx_hal_exti.c ****   HAL_StatusTypeDef status = HAL_OK;
 589              		.loc 1 371 3 is_stmt 1 view .LVU200
 590              	.LVL43:
 372:Drivers/STM32F7xx_HAL_Driver/Src/stm32f7xx_hal_exti.c **** 
 373:Drivers/STM32F7xx_HAL_Driver/Src/stm32f7xx_hal_exti.c ****   switch (CallbackID)
 591              		.loc 1 373 3 view .LVU201
 592 0002 0846     		mov	r0, r1
 593              	.LVL44:
 594              		.loc 1 373 3 is_stmt 0 view .LVU202
 595 0004 09B9     		cbnz	r1, .L46
 374:Drivers/STM32F7xx_HAL_Driver/Src/stm32f7xx_hal_exti.c ****   {
 375:Drivers/STM32F7xx_HAL_Driver/Src/stm32f7xx_hal_exti.c ****     case  HAL_EXTI_COMMON_CB_ID:
 376:Drivers/STM32F7xx_HAL_Driver/Src/stm32f7xx_hal_exti.c ****       hexti->PendingCallback = pPendingCbfn;
 596              		.loc 1 376 7 is_stmt 1 view .LVU203
 597              		.loc 1 376 30 is_stmt 0 view .LVU204
ARM GAS  /tmp/ccCZH0gq.s 			page 19


 598 0006 5A60     		str	r2, [r3, #4]
 377:Drivers/STM32F7xx_HAL_Driver/Src/stm32f7xx_hal_exti.c ****       break;
 599              		.loc 1 377 7 is_stmt 1 view .LVU205
 600 0008 7047     		bx	lr
 601              	.L46:
 378:Drivers/STM32F7xx_HAL_Driver/Src/stm32f7xx_hal_exti.c **** 
 379:Drivers/STM32F7xx_HAL_Driver/Src/stm32f7xx_hal_exti.c ****     default:
 380:Drivers/STM32F7xx_HAL_Driver/Src/stm32f7xx_hal_exti.c ****       status = HAL_ERROR;
 602              		.loc 1 380 14 is_stmt 0 view .LVU206
 603 000a 0120     		movs	r0, #1
 604              	.LVL45:
 381:Drivers/STM32F7xx_HAL_Driver/Src/stm32f7xx_hal_exti.c ****       break;
 382:Drivers/STM32F7xx_HAL_Driver/Src/stm32f7xx_hal_exti.c ****   }
 383:Drivers/STM32F7xx_HAL_Driver/Src/stm32f7xx_hal_exti.c **** 
 384:Drivers/STM32F7xx_HAL_Driver/Src/stm32f7xx_hal_exti.c ****   return status;
 605              		.loc 1 384 3 is_stmt 1 view .LVU207
 385:Drivers/STM32F7xx_HAL_Driver/Src/stm32f7xx_hal_exti.c **** }
 606              		.loc 1 385 1 is_stmt 0 view .LVU208
 607 000c 7047     		bx	lr
 608              		.cfi_endproc
 609              	.LFE144:
 611              		.section	.text.HAL_EXTI_GetHandle,"ax",%progbits
 612              		.align	1
 613              		.global	HAL_EXTI_GetHandle
 614              		.syntax unified
 615              		.thumb
 616              		.thumb_func
 618              	HAL_EXTI_GetHandle:
 619              	.LVL46:
 620              	.LFB145:
 386:Drivers/STM32F7xx_HAL_Driver/Src/stm32f7xx_hal_exti.c **** 
 387:Drivers/STM32F7xx_HAL_Driver/Src/stm32f7xx_hal_exti.c **** /**
 388:Drivers/STM32F7xx_HAL_Driver/Src/stm32f7xx_hal_exti.c ****   * @brief  Store line number as handle private field.
 389:Drivers/STM32F7xx_HAL_Driver/Src/stm32f7xx_hal_exti.c ****   * @param  hexti Exti handle.
 390:Drivers/STM32F7xx_HAL_Driver/Src/stm32f7xx_hal_exti.c ****   * @param  ExtiLine Exti line number.
 391:Drivers/STM32F7xx_HAL_Driver/Src/stm32f7xx_hal_exti.c ****   *         This parameter can be from 0 to @ref EXTI_LINE_NB.
 392:Drivers/STM32F7xx_HAL_Driver/Src/stm32f7xx_hal_exti.c ****   * @retval HAL Status.
 393:Drivers/STM32F7xx_HAL_Driver/Src/stm32f7xx_hal_exti.c ****   */
 394:Drivers/STM32F7xx_HAL_Driver/Src/stm32f7xx_hal_exti.c **** HAL_StatusTypeDef HAL_EXTI_GetHandle(EXTI_HandleTypeDef *hexti, uint32_t ExtiLine)
 395:Drivers/STM32F7xx_HAL_Driver/Src/stm32f7xx_hal_exti.c **** {
 621              		.loc 1 395 1 is_stmt 1 view -0
 622              		.cfi_startproc
 623              		@ args = 0, pretend = 0, frame = 0
 624              		@ frame_needed = 0, uses_anonymous_args = 0
 625              		@ link register save eliminated.
 396:Drivers/STM32F7xx_HAL_Driver/Src/stm32f7xx_hal_exti.c ****   /* Check the parameters */
 397:Drivers/STM32F7xx_HAL_Driver/Src/stm32f7xx_hal_exti.c ****   assert_param(IS_EXTI_LINE(ExtiLine));
 626              		.loc 1 397 3 view .LVU210
 398:Drivers/STM32F7xx_HAL_Driver/Src/stm32f7xx_hal_exti.c **** 
 399:Drivers/STM32F7xx_HAL_Driver/Src/stm32f7xx_hal_exti.c ****   /* Check null pointer */
 400:Drivers/STM32F7xx_HAL_Driver/Src/stm32f7xx_hal_exti.c ****   if (hexti == NULL)
 627              		.loc 1 400 3 view .LVU211
 628              		.loc 1 400 6 is_stmt 0 view .LVU212
 629 0000 10B1     		cbz	r0, .L49
 401:Drivers/STM32F7xx_HAL_Driver/Src/stm32f7xx_hal_exti.c ****   {
 402:Drivers/STM32F7xx_HAL_Driver/Src/stm32f7xx_hal_exti.c ****     return HAL_ERROR;
 403:Drivers/STM32F7xx_HAL_Driver/Src/stm32f7xx_hal_exti.c ****   }
ARM GAS  /tmp/ccCZH0gq.s 			page 20


 404:Drivers/STM32F7xx_HAL_Driver/Src/stm32f7xx_hal_exti.c ****   else
 405:Drivers/STM32F7xx_HAL_Driver/Src/stm32f7xx_hal_exti.c ****   {
 406:Drivers/STM32F7xx_HAL_Driver/Src/stm32f7xx_hal_exti.c ****     /* Store line number as handle private field */
 407:Drivers/STM32F7xx_HAL_Driver/Src/stm32f7xx_hal_exti.c ****     hexti->Line = ExtiLine;
 630              		.loc 1 407 5 is_stmt 1 view .LVU213
 631              		.loc 1 407 17 is_stmt 0 view .LVU214
 632 0002 0160     		str	r1, [r0]
 408:Drivers/STM32F7xx_HAL_Driver/Src/stm32f7xx_hal_exti.c **** 
 409:Drivers/STM32F7xx_HAL_Driver/Src/stm32f7xx_hal_exti.c ****     return HAL_OK;
 633              		.loc 1 409 5 is_stmt 1 view .LVU215
 634              		.loc 1 409 12 is_stmt 0 view .LVU216
 635 0004 0020     		movs	r0, #0
 636              	.LVL47:
 637              		.loc 1 409 12 view .LVU217
 638 0006 7047     		bx	lr
 639              	.LVL48:
 640              	.L49:
 402:Drivers/STM32F7xx_HAL_Driver/Src/stm32f7xx_hal_exti.c ****   }
 641              		.loc 1 402 12 view .LVU218
 642 0008 0120     		movs	r0, #1
 643              	.LVL49:
 410:Drivers/STM32F7xx_HAL_Driver/Src/stm32f7xx_hal_exti.c ****   }
 411:Drivers/STM32F7xx_HAL_Driver/Src/stm32f7xx_hal_exti.c **** }
 644              		.loc 1 411 1 view .LVU219
 645 000a 7047     		bx	lr
 646              		.cfi_endproc
 647              	.LFE145:
 649              		.section	.text.HAL_EXTI_IRQHandler,"ax",%progbits
 650              		.align	1
 651              		.global	HAL_EXTI_IRQHandler
 652              		.syntax unified
 653              		.thumb
 654              		.thumb_func
 656              	HAL_EXTI_IRQHandler:
 657              	.LVL50:
 658              	.LFB146:
 412:Drivers/STM32F7xx_HAL_Driver/Src/stm32f7xx_hal_exti.c **** 
 413:Drivers/STM32F7xx_HAL_Driver/Src/stm32f7xx_hal_exti.c **** /**
 414:Drivers/STM32F7xx_HAL_Driver/Src/stm32f7xx_hal_exti.c ****   * @}
 415:Drivers/STM32F7xx_HAL_Driver/Src/stm32f7xx_hal_exti.c ****   */
 416:Drivers/STM32F7xx_HAL_Driver/Src/stm32f7xx_hal_exti.c **** 
 417:Drivers/STM32F7xx_HAL_Driver/Src/stm32f7xx_hal_exti.c **** /** @addtogroup EXTI_Exported_Functions_Group2
 418:Drivers/STM32F7xx_HAL_Driver/Src/stm32f7xx_hal_exti.c ****   *  @brief EXTI IO functions.
 419:Drivers/STM32F7xx_HAL_Driver/Src/stm32f7xx_hal_exti.c ****   *
 420:Drivers/STM32F7xx_HAL_Driver/Src/stm32f7xx_hal_exti.c **** @verbatim
 421:Drivers/STM32F7xx_HAL_Driver/Src/stm32f7xx_hal_exti.c ****  ===============================================================================
 422:Drivers/STM32F7xx_HAL_Driver/Src/stm32f7xx_hal_exti.c ****                        ##### IO operation functions #####
 423:Drivers/STM32F7xx_HAL_Driver/Src/stm32f7xx_hal_exti.c ****  ===============================================================================
 424:Drivers/STM32F7xx_HAL_Driver/Src/stm32f7xx_hal_exti.c **** 
 425:Drivers/STM32F7xx_HAL_Driver/Src/stm32f7xx_hal_exti.c **** @endverbatim
 426:Drivers/STM32F7xx_HAL_Driver/Src/stm32f7xx_hal_exti.c ****   * @{
 427:Drivers/STM32F7xx_HAL_Driver/Src/stm32f7xx_hal_exti.c ****   */
 428:Drivers/STM32F7xx_HAL_Driver/Src/stm32f7xx_hal_exti.c **** 
 429:Drivers/STM32F7xx_HAL_Driver/Src/stm32f7xx_hal_exti.c **** /**
 430:Drivers/STM32F7xx_HAL_Driver/Src/stm32f7xx_hal_exti.c ****   * @brief  Handle EXTI interrupt request.
 431:Drivers/STM32F7xx_HAL_Driver/Src/stm32f7xx_hal_exti.c ****   * @param  hexti Exti handle.
 432:Drivers/STM32F7xx_HAL_Driver/Src/stm32f7xx_hal_exti.c ****   * @retval none.
ARM GAS  /tmp/ccCZH0gq.s 			page 21


 433:Drivers/STM32F7xx_HAL_Driver/Src/stm32f7xx_hal_exti.c ****   */
 434:Drivers/STM32F7xx_HAL_Driver/Src/stm32f7xx_hal_exti.c **** void HAL_EXTI_IRQHandler(EXTI_HandleTypeDef *hexti)
 435:Drivers/STM32F7xx_HAL_Driver/Src/stm32f7xx_hal_exti.c **** {
 659              		.loc 1 435 1 is_stmt 1 view -0
 660              		.cfi_startproc
 661              		@ args = 0, pretend = 0, frame = 0
 662              		@ frame_needed = 0, uses_anonymous_args = 0
 663              		.loc 1 435 1 is_stmt 0 view .LVU221
 664 0000 08B5     		push	{r3, lr}
 665              	.LCFI7:
 666              		.cfi_def_cfa_offset 8
 667              		.cfi_offset 3, -8
 668              		.cfi_offset 14, -4
 436:Drivers/STM32F7xx_HAL_Driver/Src/stm32f7xx_hal_exti.c ****   uint32_t regval;
 669              		.loc 1 436 3 is_stmt 1 view .LVU222
 437:Drivers/STM32F7xx_HAL_Driver/Src/stm32f7xx_hal_exti.c ****   uint32_t maskline;
 670              		.loc 1 437 3 view .LVU223
 438:Drivers/STM32F7xx_HAL_Driver/Src/stm32f7xx_hal_exti.c **** 
 439:Drivers/STM32F7xx_HAL_Driver/Src/stm32f7xx_hal_exti.c ****   /* Compute line mask */
 440:Drivers/STM32F7xx_HAL_Driver/Src/stm32f7xx_hal_exti.c ****   maskline = (1uL << (hexti->Line & EXTI_PIN_MASK));
 671              		.loc 1 440 3 view .LVU224
 672              		.loc 1 440 28 is_stmt 0 view .LVU225
 673 0002 0368     		ldr	r3, [r0]
 674              		.loc 1 440 35 view .LVU226
 675 0004 03F01F02 		and	r2, r3, #31
 676              		.loc 1 440 12 view .LVU227
 677 0008 0123     		movs	r3, #1
 678 000a 9340     		lsls	r3, r3, r2
 679              	.LVL51:
 441:Drivers/STM32F7xx_HAL_Driver/Src/stm32f7xx_hal_exti.c **** 
 442:Drivers/STM32F7xx_HAL_Driver/Src/stm32f7xx_hal_exti.c ****   /* Get pending bit  */
 443:Drivers/STM32F7xx_HAL_Driver/Src/stm32f7xx_hal_exti.c ****   regval = (EXTI->PR & maskline);
 680              		.loc 1 443 3 is_stmt 1 view .LVU228
 681              		.loc 1 443 17 is_stmt 0 view .LVU229
 682 000c 044A     		ldr	r2, .L53
 683 000e 5269     		ldr	r2, [r2, #20]
 684              	.LVL52:
 444:Drivers/STM32F7xx_HAL_Driver/Src/stm32f7xx_hal_exti.c ****   if (regval != 0x00u)
 685              		.loc 1 444 3 is_stmt 1 view .LVU230
 686              		.loc 1 444 6 is_stmt 0 view .LVU231
 687 0010 1A42     		tst	r2, r3
 688 0012 04D0     		beq	.L50
 445:Drivers/STM32F7xx_HAL_Driver/Src/stm32f7xx_hal_exti.c ****   {
 446:Drivers/STM32F7xx_HAL_Driver/Src/stm32f7xx_hal_exti.c ****     /* Clear pending bit */
 447:Drivers/STM32F7xx_HAL_Driver/Src/stm32f7xx_hal_exti.c ****     EXTI->PR = maskline;
 689              		.loc 1 447 5 is_stmt 1 view .LVU232
 690              		.loc 1 447 14 is_stmt 0 view .LVU233
 691 0014 024A     		ldr	r2, .L53
 692              	.LVL53:
 693              		.loc 1 447 14 view .LVU234
 694 0016 5361     		str	r3, [r2, #20]
 448:Drivers/STM32F7xx_HAL_Driver/Src/stm32f7xx_hal_exti.c **** 
 449:Drivers/STM32F7xx_HAL_Driver/Src/stm32f7xx_hal_exti.c ****     /* Call callback */
 450:Drivers/STM32F7xx_HAL_Driver/Src/stm32f7xx_hal_exti.c ****     if (hexti->PendingCallback != NULL)
 695              		.loc 1 450 5 is_stmt 1 view .LVU235
 696              		.loc 1 450 14 is_stmt 0 view .LVU236
 697 0018 4368     		ldr	r3, [r0, #4]
ARM GAS  /tmp/ccCZH0gq.s 			page 22


 698              	.LVL54:
 699              		.loc 1 450 8 view .LVU237
 700 001a 03B1     		cbz	r3, .L50
 451:Drivers/STM32F7xx_HAL_Driver/Src/stm32f7xx_hal_exti.c ****     {
 452:Drivers/STM32F7xx_HAL_Driver/Src/stm32f7xx_hal_exti.c ****       hexti->PendingCallback();
 701              		.loc 1 452 7 is_stmt 1 view .LVU238
 702 001c 9847     		blx	r3
 703              	.LVL55:
 704              	.L50:
 453:Drivers/STM32F7xx_HAL_Driver/Src/stm32f7xx_hal_exti.c ****     }
 454:Drivers/STM32F7xx_HAL_Driver/Src/stm32f7xx_hal_exti.c ****   }
 455:Drivers/STM32F7xx_HAL_Driver/Src/stm32f7xx_hal_exti.c **** }
 705              		.loc 1 455 1 is_stmt 0 view .LVU239
 706 001e 08BD     		pop	{r3, pc}
 707              	.L54:
 708              		.align	2
 709              	.L53:
 710 0020 003C0140 		.word	1073822720
 711              		.cfi_endproc
 712              	.LFE146:
 714              		.section	.text.HAL_EXTI_GetPending,"ax",%progbits
 715              		.align	1
 716              		.global	HAL_EXTI_GetPending
 717              		.syntax unified
 718              		.thumb
 719              		.thumb_func
 721              	HAL_EXTI_GetPending:
 722              	.LVL56:
 723              	.LFB147:
 456:Drivers/STM32F7xx_HAL_Driver/Src/stm32f7xx_hal_exti.c **** 
 457:Drivers/STM32F7xx_HAL_Driver/Src/stm32f7xx_hal_exti.c **** /**
 458:Drivers/STM32F7xx_HAL_Driver/Src/stm32f7xx_hal_exti.c ****   * @brief  Get interrupt pending bit of a dedicated line.
 459:Drivers/STM32F7xx_HAL_Driver/Src/stm32f7xx_hal_exti.c ****   * @param  hexti Exti handle.
 460:Drivers/STM32F7xx_HAL_Driver/Src/stm32f7xx_hal_exti.c ****   * @param  Edge Specify which pending edge as to be checked.
 461:Drivers/STM32F7xx_HAL_Driver/Src/stm32f7xx_hal_exti.c ****   *         This parameter can be one of the following values:
 462:Drivers/STM32F7xx_HAL_Driver/Src/stm32f7xx_hal_exti.c ****   *           @arg @ref EXTI_TRIGGER_RISING_FALLING
 463:Drivers/STM32F7xx_HAL_Driver/Src/stm32f7xx_hal_exti.c ****   *         This parameter is kept for compatibility with other series.
 464:Drivers/STM32F7xx_HAL_Driver/Src/stm32f7xx_hal_exti.c ****   * @retval 1 if interrupt is pending else 0.
 465:Drivers/STM32F7xx_HAL_Driver/Src/stm32f7xx_hal_exti.c ****   */
 466:Drivers/STM32F7xx_HAL_Driver/Src/stm32f7xx_hal_exti.c **** uint32_t HAL_EXTI_GetPending(EXTI_HandleTypeDef *hexti, uint32_t Edge)
 467:Drivers/STM32F7xx_HAL_Driver/Src/stm32f7xx_hal_exti.c **** {
 724              		.loc 1 467 1 is_stmt 1 view -0
 725              		.cfi_startproc
 726              		@ args = 0, pretend = 0, frame = 0
 727              		@ frame_needed = 0, uses_anonymous_args = 0
 728              		@ link register save eliminated.
 468:Drivers/STM32F7xx_HAL_Driver/Src/stm32f7xx_hal_exti.c ****   uint32_t regval;
 729              		.loc 1 468 3 view .LVU241
 469:Drivers/STM32F7xx_HAL_Driver/Src/stm32f7xx_hal_exti.c ****   uint32_t linepos;
 730              		.loc 1 469 3 view .LVU242
 470:Drivers/STM32F7xx_HAL_Driver/Src/stm32f7xx_hal_exti.c ****   uint32_t maskline;
 731              		.loc 1 470 3 view .LVU243
 471:Drivers/STM32F7xx_HAL_Driver/Src/stm32f7xx_hal_exti.c **** 
 472:Drivers/STM32F7xx_HAL_Driver/Src/stm32f7xx_hal_exti.c ****   /* Check parameters */
 473:Drivers/STM32F7xx_HAL_Driver/Src/stm32f7xx_hal_exti.c ****   assert_param(IS_EXTI_LINE(hexti->Line));
 732              		.loc 1 473 3 view .LVU244
 474:Drivers/STM32F7xx_HAL_Driver/Src/stm32f7xx_hal_exti.c ****   assert_param(IS_EXTI_CONFIG_LINE(hexti->Line));
ARM GAS  /tmp/ccCZH0gq.s 			page 23


 733              		.loc 1 474 3 view .LVU245
 475:Drivers/STM32F7xx_HAL_Driver/Src/stm32f7xx_hal_exti.c ****   assert_param(IS_EXTI_PENDING_EDGE(Edge));
 734              		.loc 1 475 3 view .LVU246
 476:Drivers/STM32F7xx_HAL_Driver/Src/stm32f7xx_hal_exti.c **** 
 477:Drivers/STM32F7xx_HAL_Driver/Src/stm32f7xx_hal_exti.c ****   /* Compute line mask */
 478:Drivers/STM32F7xx_HAL_Driver/Src/stm32f7xx_hal_exti.c ****   linepos = (hexti->Line & EXTI_PIN_MASK);
 735              		.loc 1 478 3 view .LVU247
 736              		.loc 1 478 19 is_stmt 0 view .LVU248
 737 0000 0368     		ldr	r3, [r0]
 738              		.loc 1 478 11 view .LVU249
 739 0002 03F01F03 		and	r3, r3, #31
 740              	.LVL57:
 479:Drivers/STM32F7xx_HAL_Driver/Src/stm32f7xx_hal_exti.c ****   maskline = (1uL << linepos);
 741              		.loc 1 479 3 is_stmt 1 view .LVU250
 742              		.loc 1 479 12 is_stmt 0 view .LVU251
 743 0006 0122     		movs	r2, #1
 744 0008 9A40     		lsls	r2, r2, r3
 745              	.LVL58:
 480:Drivers/STM32F7xx_HAL_Driver/Src/stm32f7xx_hal_exti.c **** 
 481:Drivers/STM32F7xx_HAL_Driver/Src/stm32f7xx_hal_exti.c ****   /* return 1 if bit is set else 0 */
 482:Drivers/STM32F7xx_HAL_Driver/Src/stm32f7xx_hal_exti.c ****   regval = ((EXTI->PR & maskline) >> linepos);
 746              		.loc 1 482 3 is_stmt 1 view .LVU252
 747              		.loc 1 482 18 is_stmt 0 view .LVU253
 748 000a 0249     		ldr	r1, .L56
 749              	.LVL59:
 750              		.loc 1 482 18 view .LVU254
 751 000c 4869     		ldr	r0, [r1, #20]
 752              	.LVL60:
 753              		.loc 1 482 23 view .LVU255
 754 000e 1040     		ands	r0, r0, r2
 755              	.LVL61:
 483:Drivers/STM32F7xx_HAL_Driver/Src/stm32f7xx_hal_exti.c ****   return regval;
 756              		.loc 1 483 3 is_stmt 1 view .LVU256
 484:Drivers/STM32F7xx_HAL_Driver/Src/stm32f7xx_hal_exti.c **** }
 757              		.loc 1 484 1 is_stmt 0 view .LVU257
 758 0010 D840     		lsrs	r0, r0, r3
 759              	.LVL62:
 760              		.loc 1 484 1 view .LVU258
 761 0012 7047     		bx	lr
 762              	.L57:
 763              		.align	2
 764              	.L56:
 765 0014 003C0140 		.word	1073822720
 766              		.cfi_endproc
 767              	.LFE147:
 769              		.section	.text.HAL_EXTI_ClearPending,"ax",%progbits
 770              		.align	1
 771              		.global	HAL_EXTI_ClearPending
 772              		.syntax unified
 773              		.thumb
 774              		.thumb_func
 776              	HAL_EXTI_ClearPending:
 777              	.LVL63:
 778              	.LFB148:
 485:Drivers/STM32F7xx_HAL_Driver/Src/stm32f7xx_hal_exti.c **** 
 486:Drivers/STM32F7xx_HAL_Driver/Src/stm32f7xx_hal_exti.c **** /**
 487:Drivers/STM32F7xx_HAL_Driver/Src/stm32f7xx_hal_exti.c ****   * @brief  Clear interrupt pending bit of a dedicated line.
ARM GAS  /tmp/ccCZH0gq.s 			page 24


 488:Drivers/STM32F7xx_HAL_Driver/Src/stm32f7xx_hal_exti.c ****   * @param  hexti Exti handle.
 489:Drivers/STM32F7xx_HAL_Driver/Src/stm32f7xx_hal_exti.c ****   * @param  Edge Specify which pending edge as to be clear.
 490:Drivers/STM32F7xx_HAL_Driver/Src/stm32f7xx_hal_exti.c ****   *         This parameter can be one of the following values:
 491:Drivers/STM32F7xx_HAL_Driver/Src/stm32f7xx_hal_exti.c ****   *           @arg @ref EXTI_TRIGGER_RISING_FALLING
 492:Drivers/STM32F7xx_HAL_Driver/Src/stm32f7xx_hal_exti.c ****   *         This parameter is kept for compatibility with other series.
 493:Drivers/STM32F7xx_HAL_Driver/Src/stm32f7xx_hal_exti.c ****   * @retval None.
 494:Drivers/STM32F7xx_HAL_Driver/Src/stm32f7xx_hal_exti.c ****   */
 495:Drivers/STM32F7xx_HAL_Driver/Src/stm32f7xx_hal_exti.c **** void HAL_EXTI_ClearPending(EXTI_HandleTypeDef *hexti, uint32_t Edge)
 496:Drivers/STM32F7xx_HAL_Driver/Src/stm32f7xx_hal_exti.c **** {
 779              		.loc 1 496 1 is_stmt 1 view -0
 780              		.cfi_startproc
 781              		@ args = 0, pretend = 0, frame = 0
 782              		@ frame_needed = 0, uses_anonymous_args = 0
 783              		@ link register save eliminated.
 497:Drivers/STM32F7xx_HAL_Driver/Src/stm32f7xx_hal_exti.c ****   uint32_t maskline;
 784              		.loc 1 497 3 view .LVU260
 498:Drivers/STM32F7xx_HAL_Driver/Src/stm32f7xx_hal_exti.c **** 
 499:Drivers/STM32F7xx_HAL_Driver/Src/stm32f7xx_hal_exti.c ****   /* Check parameters */
 500:Drivers/STM32F7xx_HAL_Driver/Src/stm32f7xx_hal_exti.c ****   assert_param(IS_EXTI_LINE(hexti->Line));
 785              		.loc 1 500 3 view .LVU261
 501:Drivers/STM32F7xx_HAL_Driver/Src/stm32f7xx_hal_exti.c ****   assert_param(IS_EXTI_CONFIG_LINE(hexti->Line));
 786              		.loc 1 501 3 view .LVU262
 502:Drivers/STM32F7xx_HAL_Driver/Src/stm32f7xx_hal_exti.c ****   assert_param(IS_EXTI_PENDING_EDGE(Edge));
 787              		.loc 1 502 3 view .LVU263
 503:Drivers/STM32F7xx_HAL_Driver/Src/stm32f7xx_hal_exti.c **** 
 504:Drivers/STM32F7xx_HAL_Driver/Src/stm32f7xx_hal_exti.c ****   /* Compute line mask */
 505:Drivers/STM32F7xx_HAL_Driver/Src/stm32f7xx_hal_exti.c ****   maskline = (1uL << (hexti->Line & EXTI_PIN_MASK));
 788              		.loc 1 505 3 view .LVU264
 789              		.loc 1 505 28 is_stmt 0 view .LVU265
 790 0000 0268     		ldr	r2, [r0]
 791              		.loc 1 505 35 view .LVU266
 792 0002 02F01F02 		and	r2, r2, #31
 793              		.loc 1 505 12 view .LVU267
 794 0006 0123     		movs	r3, #1
 795 0008 9340     		lsls	r3, r3, r2
 796              	.LVL64:
 506:Drivers/STM32F7xx_HAL_Driver/Src/stm32f7xx_hal_exti.c **** 
 507:Drivers/STM32F7xx_HAL_Driver/Src/stm32f7xx_hal_exti.c ****   /* Clear Pending bit */
 508:Drivers/STM32F7xx_HAL_Driver/Src/stm32f7xx_hal_exti.c ****   EXTI->PR =  maskline;
 797              		.loc 1 508 3 is_stmt 1 view .LVU268
 798              		.loc 1 508 12 is_stmt 0 view .LVU269
 799 000a 014A     		ldr	r2, .L59
 800 000c 5361     		str	r3, [r2, #20]
 509:Drivers/STM32F7xx_HAL_Driver/Src/stm32f7xx_hal_exti.c **** }
 801              		.loc 1 509 1 view .LVU270
 802 000e 7047     		bx	lr
 803              	.L60:
 804              		.align	2
 805              	.L59:
 806 0010 003C0140 		.word	1073822720
 807              		.cfi_endproc
 808              	.LFE148:
 810              		.section	.text.HAL_EXTI_GenerateSWI,"ax",%progbits
 811              		.align	1
 812              		.global	HAL_EXTI_GenerateSWI
 813              		.syntax unified
 814              		.thumb
ARM GAS  /tmp/ccCZH0gq.s 			page 25


 815              		.thumb_func
 817              	HAL_EXTI_GenerateSWI:
 818              	.LVL65:
 819              	.LFB149:
 510:Drivers/STM32F7xx_HAL_Driver/Src/stm32f7xx_hal_exti.c **** 
 511:Drivers/STM32F7xx_HAL_Driver/Src/stm32f7xx_hal_exti.c **** /**
 512:Drivers/STM32F7xx_HAL_Driver/Src/stm32f7xx_hal_exti.c ****   * @brief  Generate a software interrupt for a dedicated line.
 513:Drivers/STM32F7xx_HAL_Driver/Src/stm32f7xx_hal_exti.c ****   * @param  hexti Exti handle.
 514:Drivers/STM32F7xx_HAL_Driver/Src/stm32f7xx_hal_exti.c ****   * @retval None.
 515:Drivers/STM32F7xx_HAL_Driver/Src/stm32f7xx_hal_exti.c ****   */
 516:Drivers/STM32F7xx_HAL_Driver/Src/stm32f7xx_hal_exti.c **** void HAL_EXTI_GenerateSWI(EXTI_HandleTypeDef *hexti)
 517:Drivers/STM32F7xx_HAL_Driver/Src/stm32f7xx_hal_exti.c **** {
 820              		.loc 1 517 1 is_stmt 1 view -0
 821              		.cfi_startproc
 822              		@ args = 0, pretend = 0, frame = 0
 823              		@ frame_needed = 0, uses_anonymous_args = 0
 824              		@ link register save eliminated.
 518:Drivers/STM32F7xx_HAL_Driver/Src/stm32f7xx_hal_exti.c ****   uint32_t maskline;
 825              		.loc 1 518 3 view .LVU272
 519:Drivers/STM32F7xx_HAL_Driver/Src/stm32f7xx_hal_exti.c **** 
 520:Drivers/STM32F7xx_HAL_Driver/Src/stm32f7xx_hal_exti.c ****   /* Check parameters */
 521:Drivers/STM32F7xx_HAL_Driver/Src/stm32f7xx_hal_exti.c ****   assert_param(IS_EXTI_LINE(hexti->Line));
 826              		.loc 1 521 3 view .LVU273
 522:Drivers/STM32F7xx_HAL_Driver/Src/stm32f7xx_hal_exti.c ****   assert_param(IS_EXTI_CONFIG_LINE(hexti->Line));
 827              		.loc 1 522 3 view .LVU274
 523:Drivers/STM32F7xx_HAL_Driver/Src/stm32f7xx_hal_exti.c **** 
 524:Drivers/STM32F7xx_HAL_Driver/Src/stm32f7xx_hal_exti.c ****   /* Compute line mask */
 525:Drivers/STM32F7xx_HAL_Driver/Src/stm32f7xx_hal_exti.c ****   maskline = (1uL << (hexti->Line & EXTI_PIN_MASK));
 828              		.loc 1 525 3 view .LVU275
 829              		.loc 1 525 28 is_stmt 0 view .LVU276
 830 0000 0268     		ldr	r2, [r0]
 831              		.loc 1 525 35 view .LVU277
 832 0002 02F01F02 		and	r2, r2, #31
 833              		.loc 1 525 12 view .LVU278
 834 0006 0123     		movs	r3, #1
 835 0008 9340     		lsls	r3, r3, r2
 836              	.LVL66:
 526:Drivers/STM32F7xx_HAL_Driver/Src/stm32f7xx_hal_exti.c **** 
 527:Drivers/STM32F7xx_HAL_Driver/Src/stm32f7xx_hal_exti.c ****   /* Generate Software interrupt */
 528:Drivers/STM32F7xx_HAL_Driver/Src/stm32f7xx_hal_exti.c ****   EXTI->SWIER = maskline;
 837              		.loc 1 528 3 is_stmt 1 view .LVU279
 838              		.loc 1 528 15 is_stmt 0 view .LVU280
 839 000a 014A     		ldr	r2, .L62
 840 000c 1361     		str	r3, [r2, #16]
 529:Drivers/STM32F7xx_HAL_Driver/Src/stm32f7xx_hal_exti.c **** }
 841              		.loc 1 529 1 view .LVU281
 842 000e 7047     		bx	lr
 843              	.L63:
 844              		.align	2
 845              	.L62:
 846 0010 003C0140 		.word	1073822720
 847              		.cfi_endproc
 848              	.LFE149:
 850              		.text
 851              	.Letext0:
 852              		.file 2 "Drivers/CMSIS/Device/ST/STM32F7xx/Include/stm32f746xx.h"
 853              		.file 3 "/usr/lib/gcc/arm-none-eabi/12.2.1/include/stdint.h"
ARM GAS  /tmp/ccCZH0gq.s 			page 26


 854              		.file 4 "Drivers/STM32F7xx_HAL_Driver/Inc/stm32f7xx_hal_def.h"
 855              		.file 5 "Drivers/STM32F7xx_HAL_Driver/Inc/stm32f7xx_hal_exti.h"
ARM GAS  /tmp/ccCZH0gq.s 			page 27


DEFINED SYMBOLS
                            *ABS*:00000000 stm32f7xx_hal_exti.c
     /tmp/ccCZH0gq.s:21     .text.HAL_EXTI_SetConfigLine:00000000 $t
     /tmp/ccCZH0gq.s:27     .text.HAL_EXTI_SetConfigLine:00000000 HAL_EXTI_SetConfigLine
     /tmp/ccCZH0gq.s:244    .text.HAL_EXTI_SetConfigLine:000000cc $d
     /tmp/ccCZH0gq.s:250    .text.HAL_EXTI_GetConfigLine:00000000 $t
     /tmp/ccCZH0gq.s:256    .text.HAL_EXTI_GetConfigLine:00000000 HAL_EXTI_GetConfigLine
     /tmp/ccCZH0gq.s:415    .text.HAL_EXTI_GetConfigLine:0000009c $d
     /tmp/ccCZH0gq.s:421    .text.HAL_EXTI_ClearConfigLine:00000000 $t
     /tmp/ccCZH0gq.s:427    .text.HAL_EXTI_ClearConfigLine:00000000 HAL_EXTI_ClearConfigLine
     /tmp/ccCZH0gq.s:567    .text.HAL_EXTI_ClearConfigLine:0000007c $d
     /tmp/ccCZH0gq.s:573    .text.HAL_EXTI_RegisterCallback:00000000 $t
     /tmp/ccCZH0gq.s:579    .text.HAL_EXTI_RegisterCallback:00000000 HAL_EXTI_RegisterCallback
     /tmp/ccCZH0gq.s:612    .text.HAL_EXTI_GetHandle:00000000 $t
     /tmp/ccCZH0gq.s:618    .text.HAL_EXTI_GetHandle:00000000 HAL_EXTI_GetHandle
     /tmp/ccCZH0gq.s:650    .text.HAL_EXTI_IRQHandler:00000000 $t
     /tmp/ccCZH0gq.s:656    .text.HAL_EXTI_IRQHandler:00000000 HAL_EXTI_IRQHandler
     /tmp/ccCZH0gq.s:710    .text.HAL_EXTI_IRQHandler:00000020 $d
     /tmp/ccCZH0gq.s:715    .text.HAL_EXTI_GetPending:00000000 $t
     /tmp/ccCZH0gq.s:721    .text.HAL_EXTI_GetPending:00000000 HAL_EXTI_GetPending
     /tmp/ccCZH0gq.s:765    .text.HAL_EXTI_GetPending:00000014 $d
     /tmp/ccCZH0gq.s:770    .text.HAL_EXTI_ClearPending:00000000 $t
     /tmp/ccCZH0gq.s:776    .text.HAL_EXTI_ClearPending:00000000 HAL_EXTI_ClearPending
     /tmp/ccCZH0gq.s:806    .text.HAL_EXTI_ClearPending:00000010 $d
     /tmp/ccCZH0gq.s:811    .text.HAL_EXTI_GenerateSWI:00000000 $t
     /tmp/ccCZH0gq.s:817    .text.HAL_EXTI_GenerateSWI:00000000 HAL_EXTI_GenerateSWI
     /tmp/ccCZH0gq.s:846    .text.HAL_EXTI_GenerateSWI:00000010 $d

NO UNDEFINED SYMBOLS
